#
# A fatal error has been detected by the Java Runtime Environment:
#
#  SIGSEGV (0xb) at pc=0x00007fc03efccc11, pid=18333, tid=0x00007fc01ad7a700
#
# JRE version: OpenJDK Runtime Environment (8.0_151-b12) (build 1.8.0_151-8u151-b12-0ubuntu0.16.04.2-b12)
# Java VM: OpenJDK 64-Bit Server VM (25.151-b12 mixed mode linux-amd64 compressed oops)
# Problematic frame:
# V  [libjvm.so+0x3ffc11]
#
# Failed to write core dump. Core dumps have been disabled. To enable core dumping, try "ulimit -c unlimited" before starting Java again
#
# If you would like to submit a bug report, please visit:
#   http://bugreport.java.com/bugreport/crash.jsp
#

---------------  T H R E A D  ---------------

Current thread (0x00007fc0380b1000):  JavaThread "C2 CompilerThread1" daemon [_thread_in_native, id=18344, stack(0x00007fc01ac7a000,0x00007fc01ad7b000)]

siginfo: si_signo: 11 (SIGSEGV), si_code: 1 (SEGV_MAPERR), si_addr: 0x0000000000000010

Registers:
RAX=0x0000000000000001, RBX=0x00007fbff495bc40, RCX=0xffffffffffdeb423, RDX=0x00007fbff40d8a80
RSP=0x00007fc01ad76810, RBP=0x00007fc01ad76880, RSI=0x0000000000000001, RDI=0x0000000000000000
R8 =0x00007fbff495bc40, R9 =0x00007fbff495b980, R10=0x0000000000000004, R11=0x0000000000000000
R12=0x00007fc01ad78f40, R13=0xffffffffffffffff, R14=0x00007fbff4952028, R15=0x00007fbff4ca2da8
RIP=0x00007fc03efccc11, EFLAGS=0x0000000000010297, CSGSFS=0x0000000000000033, ERR=0x0000000000000004
  TRAPNO=0x000000000000000e

Top of Stack: (sp=0x00007fc01ad76810)
0x00007fc01ad76810:   00007fc01ad76880 00007fc03f498b4b
0x00007fc01ad76820:   00007fc01ad76880 00007fc03f1ae11a
0x00007fc01ad76830:   0000000000000005 0000000000000255
0x00007fc01ad76840:   0000000000000000 0a0b235805edee00
0x00007fc01ad76850:   00007fbff495bc20 00007fbff4717290
0x00007fc01ad76860:   0000000000000002 0000000000000002
0x00007fc01ad76870:   00007fbff4952028 00007fbff495bc40
0x00007fc01ad76880:   00007fc01ad76930 00007fc03f499e2d
0x00007fc01ad76890:   00007fbff40923d8 00007fc01ad79750
0x00007fc01ad768a0:   00000000f40923d8 0000000800000001
0x00007fc01ad768b0:   00007fbff4717190 00007fbff42ff690
0x00007fc01ad768c0:   00007fbff495bc40 00007fbff495bc00
0x00007fc01ad768d0:   0000000400001670 00007fbff4717290
0x00007fc01ad768e0:   00007fbff4a922a0 00007fbff495b980
0x00007fc01ad768f0:   00007fc01ad78f40 0000000000000000
0x00007fc01ad76900:   00007fc03fa2be08 00007fc01ad79750
0x00007fc01ad76910:   00007fbff4952028 00007fc03ee1f0a0
0x00007fc01ad76920:   000000000000000d 00007fc01ad78f40
0x00007fc01ad76930:   00007fc01ad76a70 00007fc03f49b0de
0x00007fc01ad76940:   000000000000493c 0000000500000007
0x00007fc01ad76950:   0000000000000020 0000000700000001
0x00007fc01ad76960:   00007fbff47f40a0 0000165f0000029c
0x00007fc01ad76970:   00007fc03fa2be08 00007fc01ad76a20
0x00007fc01ad76980:   00007fc01ad790d8 00007fbff4d9fa10
0x00007fc01ad76990:   00007fc03fa31f28 00007fbff47f3620
0x00007fc01ad769a0:   0000015600000155 00007fbff4954b50
0x00007fc01ad769b0:   00007fbff4c55b90 00007fc01ad797a8
0x00007fc01ad769c0:   000000010000029d 0000000000000155
0x00007fc01ad769d0:   000000460000162d 0a0b235800000001
0x00007fc01ad769e0:   00000000ffffffff 0000000000000000
0x00007fc01ad769f0:   0000000000000000 0000001500001620
0x00007fc01ad76a00:   00007fbf0000166b 000000000000000d 

Instructions: (pc=0x00007fc03efccc11)
0x00007fc03efccbf1:   48 89 e5 e8 27 7e fd ff 89 c2 c1 e2 05 29 c2 89
0x00007fc03efccc01:   d0 5d c3 66 90 66 2e 0f 1f 84 00 00 00 00 00 55
0x00007fc03efccc11:   48 8b 47 10 48 89 e5 5d c3 66 0f 1f 44 00 00 48
0x00007fc03efccc21:   8d 15 b1 9d ae 00 55 b8 01 00 00 00 48 89 e5 48 

Register to memory mapping:

RAX=0x0000000000000001 is an unknown value
RBX=0x00007fbff495bc40 is an unknown value
RCX=0xffffffffffdeb423 is an unknown value
RDX=0x00007fbff40d8a80 is an unknown value
RSP=0x00007fc01ad76810 is pointing into the stack for thread: 0x00007fc0380b1000
RBP=0x00007fc01ad76880 is pointing into the stack for thread: 0x00007fc0380b1000
RSI=0x0000000000000001 is an unknown value
RDI=0x0000000000000000 is an unknown value
R8 =0x00007fbff495bc40 is an unknown value
R9 =0x00007fbff495b980 is an unknown value
R10=0x0000000000000004 is an unknown value
R11=0x0000000000000000 is an unknown value
R12=0x00007fc01ad78f40 is pointing into the stack for thread: 0x00007fc0380b1000
R13=0xffffffffffffffff is an unknown value
R14=0x00007fbff4952028 is an unknown value
R15=0x00007fbff4ca2da8 is an unknown value


Stack: [0x00007fc01ac7a000,0x00007fc01ad7b000],  sp=0x00007fc01ad76810,  free space=1010k
Native frames: (J=compiled Java code, j=interpreted, Vv=VM code, C=native code)
V  [libjvm.so+0x3ffc11]
V  [libjvm.so+0x8cce2d]
V  [libjvm.so+0x8ce0de]
V  [libjvm.so+0x4676bc]
V  [libjvm.so+0x46a6d2]
V  [libjvm.so+0x3b9661]
V  [libjvm.so+0x4756cc]
V  [libjvm.so+0x477507]
V  [libjvm.so+0xa0cba7]
V  [libjvm.so+0xa0d06c]
V  [libjvm.so+0x8b4032]
C  [libpthread.so.0+0x76ba]  start_thread+0xca


Current CompileTask:
C2:1898196 8125       4       rice.pastry.standard.StandardRouter::getBestRoutingCandidates (139 bytes)


---------------  P R O C E S S  ---------------

Java Threads: ( => current thread )
  0x00007fbfdc0b5800 JavaThread "pool-1-thread-5" [_thread_blocked, id=27785, stack(0x00007fbfc33f6000,0x00007fbfc34f7000)]
  0x00007fbfc800e800 JavaThread "pool-5-thread-10" [_thread_blocked, id=18866, stack(0x00007fbfc35f8000,0x00007fbfc36f9000)]
  0x00007fbfc800c800 JavaThread "pool-5-thread-9" [_thread_blocked, id=18865, stack(0x00007fbfc36f9000,0x00007fbfc37fa000)]
  0x00007fbfc800b000 JavaThread "pool-5-thread-8" [_thread_blocked, id=18864, stack(0x00007fbfc37fa000,0x00007fbfc38fb000)]
  0x00007fbfc8009800 JavaThread "pool-5-thread-7" [_thread_blocked, id=18863, stack(0x00007fbfc38fb000,0x00007fbfc39fc000)]
  0x00007fbfc8007800 JavaThread "pool-5-thread-6" [_thread_blocked, id=18862, stack(0x00007fbfc39fc000,0x00007fbfc3afd000)]
  0x00007fbfc8006800 JavaThread "pool-5-thread-5" [_thread_blocked, id=18861, stack(0x00007fbfc3afd000,0x00007fbfc3bfe000)]
  0x00007fbfc8005800 JavaThread "pool-5-thread-4" [_thread_blocked, id=18859, stack(0x00007fbfc3bfe000,0x00007fbfc3cff000)]
  0x00007fbfc8004000 JavaThread "pool-5-thread-3" [_thread_blocked, id=18848, stack(0x00007fbfc3cff000,0x00007fbfc3e00000)]
  0x00007fbfc8002000 JavaThread "pool-5-thread-2" [_thread_blocked, id=18847, stack(0x00007fc0100bd000,0x00007fc0101be000)]
  0x00007fbfc8001000 JavaThread "pool-5-thread-1" [_thread_blocked, id=18842, stack(0x00007fc0180f9000,0x00007fc0181fa000)]
  0x00007fc038938000 JavaThread "Thread-5" [_thread_in_native, id=18402, stack(0x00007fc0101be000,0x00007fc0102bf000)]
  0x00007fc03851c000 JavaThread "server-timer" daemon [_thread_blocked, id=18401, stack(0x00007fc0102bf000,0x00007fc0103c0000)]
  0x00007fc03849e800 JavaThread "MySQL Statement Cancellation Timer" daemon [_thread_blocked, id=18389, stack(0x00007fc0183fa000,0x00007fc0184fb000)]
  0x00007fc038996000 JavaThread "Timer-0" [_thread_blocked, id=18364, stack(0x00007fc01903d000,0x00007fc01913e000)]
  0x00007fc0382f1000 JavaThread "Selector Thread -- Default" [_thread_in_native, id=18359, stack(0x00007fc019980000,0x00007fc019a81000)]
  0x00007fc0382ef800 JavaThread "Persistence Worker Thread" [_thread_blocked, id=18358, stack(0x00007fc019a81000,0x00007fc019b82000)]
  0x00007fc0382ee000 JavaThread "Default.ProcessingThread" [_thread_blocked, id=18357, stack(0x00007fc019b82000,0x00007fc019c83000)]
  0x00007fc0380ba800 JavaThread "Service Thread" daemon [_thread_blocked, id=18347, stack(0x00007fc01aa78000,0x00007fc01ab79000)]
  0x00007fc0380b3000 JavaThread "C1 CompilerThread2" daemon [_thread_blocked, id=18346, stack(0x00007fc01ab79000,0x00007fc01ac7a000)]
=>0x00007fc0380b1000 JavaThread "C2 CompilerThread1" daemon [_thread_in_native, id=18344, stack(0x00007fc01ac7a000,0x00007fc01ad7b000)]
  0x00007fc0380ae000 JavaThread "C2 CompilerThread0" daemon [_thread_blocked, id=18343, stack(0x00007fc01ad7b000,0x00007fc01ae7c000)]
  0x00007fc0380ac000 JavaThread "Signal Dispatcher" daemon [_thread_blocked, id=18342, stack(0x00007fc01ae7c000,0x00007fc01af7d000)]
  0x00007fc038083800 JavaThread "Finalizer" daemon [_thread_blocked, id=18341, stack(0x00007fc01b3d3000,0x00007fc01b4d4000)]
  0x00007fc03807f000 JavaThread "Reference Handler" daemon [_thread_blocked, id=18340, stack(0x00007fc01b4d4000,0x00007fc01b5d5000)]
  0x00007fc03800a000 JavaThread "main" [_thread_in_native, id=18334, stack(0x00007fc04081f000,0x00007fc040920000)]

Other Threads:
  0x00007fc038077800 VMThread [stack: 0x00007fc01b5d5000,0x00007fc01b6d6000] [id=18339]
  0x00007fc0380bd000 WatcherThread [stack: 0x00007fc01a977000,0x00007fc01aa78000] [id=18348]

VM state:not at safepoint (normal execution)

VM Mutex/Monitor currently owned by a thread: None

Heap:
 PSYoungGen      total 44544K, used 39762K [0x00000000d9300000, 0x00000000dc600000, 0x0000000100000000)
  eden space 43008K, 89% used [0x00000000d9300000,0x00000000db8687f8,0x00000000dbd00000)
  from space 1536K, 94% used [0x00000000dbe00000,0x00000000dbf6c010,0x00000000dbf80000)
  to   space 4608K, 0% used [0x00000000dc180000,0x00000000dc180000,0x00000000dc600000)
 ParOldGen       total 57856K, used 25248K [0x000000008b800000, 0x000000008f080000, 0x00000000d9300000)
  object space 57856K, 43% used [0x000000008b800000,0x000000008d0a82f8,0x000000008f080000)
 Metaspace       used 31899K, capacity 32480K, committed 32768K, reserved 1079296K
  class space    used 3374K, capacity 3542K, committed 3584K, reserved 1048576K

Card table byte_map: [0x00007fc03cb36000,0x00007fc03cedb000] byte_map_base: 0x00007fc03c6da000

Marking Bits: (ParMarkBitMap*) 0x00007fc03faee2c0
 Begin Bits: [0x00007fc0105c0000, 0x00007fc0122e0000)
 End Bits:   [0x00007fc0122e0000, 0x00007fc014000000)

Polling page: 0x00007fc040941000

CodeCache: size=245760Kb used=22874Kb max_used=23011Kb free=222885Kb
 bounds [0x00007fc029000000, 0x00007fc02a6e0000, 0x00007fc038000000]
 total_blobs=6702 nmethods=6191 adapters=422
 compilation: enabled

Compilation events (10 events):
Event: 1847,503 Thread 0x00007fc0380ae000 nmethod 8120 0x00007fc029fc0d50 code [0x00007fc029fc0f60, 0x00007fc029fc18d8]
Event: 1858,129 Thread 0x00007fc0380b1000 8121       4       java.util.Collections$UnmodifiableMap::size (10 bytes)
Event: 1858,130 Thread 0x00007fc0380b1000 nmethod 8121 0x00007fc02a1e2dd0 code [0x00007fc02a1e2f20, 0x00007fc02a1e2fd8]
Event: 1875,371 Thread 0x00007fc0380ae000 8122       4       java.util.IdentityHashMap::keySet (26 bytes)
Event: 1875,373 Thread 0x00007fc0380ae000 nmethod 8122 0x00007fc02997efd0 code [0x00007fc02997f120, 0x00007fc02997f268]
Event: 1886,026 Thread 0x00007fc0380b1000 8123       4       java.security.Signature::update (87 bytes)
Event: 1886,045 Thread 0x00007fc0380b1000 nmethod 8123 0x00007fc029a08010 code [0x00007fc029a081c0, 0x00007fc029a08858]
Event: 1894,887 Thread 0x00007fc0380ae000 8124   !   4       sun.security.provider.NativePRNG$RandomIO::implNextBytes (162 bytes)
Event: 1894,931 Thread 0x00007fc0380ae000 nmethod 8124 0x00007fc029319190 code [0x00007fc029319340, 0x00007fc029319e78]
Event: 1898,013 Thread 0x00007fc0380b1000 8125       4       rice.pastry.standard.StandardRouter::getBestRoutingCandidates (139 bytes)

GC Heap History (10 events):
Event: 1768,389 GC heap before
{Heap before GC invocations=54 (full 1):
 PSYoungGen      total 52224K, used 49736K [0x00000000d9300000, 0x00000000dcd00000, 0x0000000100000000)
  eden space 48128K, 99% used [0x00000000d9300000,0x00000000dc1fe368,0x00000000dc200000)
  from space 4096K, 39% used [0x00000000dc900000,0x00000000dca94010,0x00000000dcd00000)
  to   space 5632K, 0% used [0x00000000dc200000,0x00000000dc200000,0x00000000dc780000)
 ParOldGen       total 57856K, used 24696K [0x000000008b800000, 0x000000008f080000, 0x00000000d9300000)
  object space 57856K, 42% used [0x000000008b800000,0x000000008d01e2f8,0x000000008f080000)
 Metaspace       used 31899K, capacity 32480K, committed 32768K, reserved 1079296K
  class space    used 3374K, capacity 3542K, committed 3584K, reserved 1048576K
Event: 1768,393 GC heap after
Heap after GC invocations=54 (full 1):
 PSYoungGen      total 48640K, used 1504K [0x00000000d9300000, 0x00000000dcc00000, 0x0000000100000000)
  eden space 47104K, 0% used [0x00000000d9300000,0x00000000d9300000,0x00000000dc100000)
  from space 1536K, 97% used [0x00000000dc200000,0x00000000dc378000,0x00000000dc380000)
  to   space 5632K, 0% used [0x00000000dc680000,0x00000000dc680000,0x00000000dcc00000)
 ParOldGen       total 57856K, used 24816K [0x000000008b800000, 0x000000008f080000, 0x00000000d9300000)
  object space 57856K, 42% used [0x000000008b800000,0x000000008d03c2f8,0x000000008f080000)
 Metaspace       used 31899K, capacity 32480K, committed 32768K, reserved 1079296K
  class space    used 3374K, capacity 3542K, committed 3584K, reserved 1048576K
}
Event: 1789,303 GC heap before
{Heap before GC invocations=55 (full 1):
 PSYoungGen      total 48640K, used 48608K [0x00000000d9300000, 0x00000000dcc00000, 0x0000000100000000)
  eden space 47104K, 100% used [0x00000000d9300000,0x00000000dc100000,0x00000000dc100000)
  from space 1536K, 97% used [0x00000000dc200000,0x00000000dc378000,0x00000000dc380000)
  to   space 5632K, 0% used [0x00000000dc680000,0x00000000dc680000,0x00000000dcc00000)
 ParOldGen       total 57856K, used 24816K [0x000000008b800000, 0x000000008f080000, 0x00000000d9300000)
  object space 57856K, 42% used [0x000000008b800000,0x000000008d03c2f8,0x000000008f080000)
 Metaspace       used 31899K, capacity 32480K, committed 32768K, reserved 1079296K
  class space    used 3374K, capacity 3542K, committed 3584K, reserved 1048576K
Event: 1789,305 GC heap after
Heap after GC invocations=55 (full 1):
 PSYoungGen      total 49664K, used 1582K [0x00000000d9300000, 0x00000000dca00000, 0x0000000100000000)
  eden space 46080K, 0% used [0x00000000d9300000,0x00000000d9300000,0x00000000dc000000)
  from space 3584K, 44% used [0x00000000dc680000,0x00000000dc80ba20,0x00000000dca00000)
  to   space 5120K, 0% used [0x00000000dc000000,0x00000000dc000000,0x00000000dc500000)
 ParOldGen       total 57856K, used 24936K [0x000000008b800000, 0x000000008f080000, 0x00000000d9300000)
  object space 57856K, 43% used [0x000000008b800000,0x000000008d05a2f8,0x000000008f080000)
 Metaspace       used 31899K, capacity 32480K, committed 32768K, reserved 1079296K
  class space    used 3374K, capacity 3542K, committed 3584K, reserved 1048576K
}
Event: 1808,701 GC heap before
{Heap before GC invocations=56 (full 1):
 PSYoungGen      total 49664K, used 47662K [0x00000000d9300000, 0x00000000dca00000, 0x0000000100000000)
  eden space 46080K, 100% used [0x00000000d9300000,0x00000000dc000000,0x00000000dc000000)
  from space 3584K, 44% used [0x00000000dc680000,0x00000000dc80ba20,0x00000000dca00000)
  to   space 5120K, 0% used [0x00000000dc000000,0x00000000dc000000,0x00000000dc500000)
 ParOldGen       total 57856K, used 24936K [0x000000008b800000, 0x000000008f080000, 0x00000000d9300000)
  object space 57856K, 43% used [0x000000008b800000,0x000000008d05a2f8,0x000000008f080000)
 Metaspace       used 31899K, capacity 32480K, committed 32768K, reserved 1079296K
  class space    used 3374K, capacity 3542K, committed 3584K, reserved 1048576K
Event: 1808,703 GC heap after
Heap after GC invocations=56 (full 1):
 PSYoungGen      total 46592K, used 1472K [0x00000000d9300000, 0x00000000dc900000, 0x0000000100000000)
  eden space 45056K, 0% used [0x00000000d9300000,0x00000000d9300000,0x00000000dbf00000)
  from space 1536K, 95% used [0x00000000dc000000,0x00000000dc170000,0x00000000dc180000)
  to   space 5120K, 0% used [0x00000000dc400000,0x00000000dc400000,0x00000000dc900000)
 ParOldGen       total 57856K, used 25048K [0x000000008b800000, 0x000000008f080000, 0x00000000d9300000)
  object space 57856K, 43% used [0x000000008b800000,0x000000008d0762f8,0x000000008f080000)
 Metaspace       used 31899K, capacity 32480K, committed 32768K, reserved 1079296K
  class space    used 3374K, capacity 3542K, committed 3584K, reserved 1048576K
}
Event: 1836,731 GC heap before
{Heap before GC invocations=57 (full 1):
 PSYoungGen      total 46592K, used 46528K [0x00000000d9300000, 0x00000000dc900000, 0x0000000100000000)
  eden space 45056K, 100% used [0x00000000d9300000,0x00000000dbf00000,0x00000000dbf00000)
  from space 1536K, 95% used [0x00000000dc000000,0x00000000dc170000,0x00000000dc180000)
  to   space 5120K, 0% used [0x00000000dc400000,0x00000000dc400000,0x00000000dc900000)
 ParOldGen       total 57856K, used 25048K [0x000000008b800000, 0x000000008f080000, 0x00000000d9300000)
  object space 57856K, 43% used [0x000000008b800000,0x000000008d0762f8,0x000000008f080000)
 Metaspace       used 31899K, capacity 32480K, committed 32768K, reserved 1079296K
  class space    used 3374K, capacity 3542K, committed 3584K, reserved 1048576K
Event: 1836,741 GC heap after
Heap after GC invocations=57 (full 1):
 PSYoungGen      total 48128K, used 1392K [0x00000000d9300000, 0x00000000dc800000, 0x0000000100000000)
  eden space 44032K, 0% used [0x00000000d9300000,0x00000000d9300000,0x00000000dbe00000)
  from space 4096K, 33% used [0x00000000dc400000,0x00000000dc55c010,0x00000000dc800000)
  to   space 5120K, 0% used [0x00000000dbe00000,0x00000000dbe00000,0x00000000dc300000)
 ParOldGen       total 57856K, used 25144K [0x000000008b800000, 0x000000008f080000, 0x00000000d9300000)
  object space 57856K, 43% used [0x000000008b800000,0x000000008d08e2f8,0x000000008f080000)
 Metaspace       used 31899K, capacity 32480K, committed 32768K, reserved 1079296K
  class space    used 3374K, capacity 3542K, committed 3584K, reserved 1048576K
}
Event: 1856,426 GC heap before
{Heap before GC invocations=58 (full 1):
 PSYoungGen      total 48128K, used 45424K [0x00000000d9300000, 0x00000000dc800000, 0x0000000100000000)
  eden space 44032K, 100% used [0x00000000d9300000,0x00000000dbe00000,0x00000000dbe00000)
  from space 4096K, 33% used [0x00000000dc400000,0x00000000dc55c010,0x00000000dc800000)
  to   space 5120K, 0% used [0x00000000dbe00000,0x00000000dbe00000,0x00000000dc300000)
 ParOldGen       total 57856K, used 25144K [0x000000008b800000, 0x000000008f080000, 0x00000000d9300000)
  object space 57856K, 43% used [0x000000008b800000,0x000000008d08e2f8,0x000000008f080000)
 Metaspace       used 31899K, capacity 32480K, committed 32768K, reserved 1079296K
  class space    used 3374K, capacity 3542K, committed 3584K, reserved 1048576K
Event: 1856,428 GC heap after
Heap after GC invocations=58 (full 1):
 PSYoungGen      total 44544K, used 1456K [0x00000000d9300000, 0x00000000dc600000, 0x0000000100000000)
  eden space 43008K, 0% used [0x00000000d9300000,0x00000000d9300000,0x00000000dbd00000)
  from space 1536K, 94% used [0x00000000dbe00000,0x00000000dbf6c010,0x00000000dbf80000)
  to   space 4608K, 0% used [0x00000000dc180000,0x00000000dc180000,0x00000000dc600000)
 ParOldGen       total 57856K, used 25248K [0x000000008b800000, 0x000000008f080000, 0x00000000d9300000)
  object space 57856K, 43% used [0x000000008b800000,0x000000008d0a82f8,0x000000008f080000)
 Metaspace       used 31899K, capacity 32480K, committed 32768K, reserved 1079296K
  class space    used 3374K, capacity 3542K, committed 3584K, reserved 1048576K
}

Deoptimization events (10 events):
Event: 1063,994 Thread 0x00007fc03849e800 Uncommon trap: reason=unstable_if action=reinterpret pc=0x00007fc029f1f1f0 method=java.util.TaskQueue.isEmpty()Z @ 4
Event: 1261,033 Thread 0x00007fc0382f1000 Uncommon trap: reason=unstable_if action=reinterpret pc=0x00007fc02a3e6254 method=java.util.concurrent.SynchronousQueue$TransferStack.transfer(Ljava/lang/Object;ZJ)Ljava/lang/Object; @ 42
Event: 1261,033 Thread 0x00007fc0382f1000 Uncommon trap: reason=unstable_if action=reinterpret pc=0x00007fc02a4c363c method=java.util.concurrent.SynchronousQueue.offer(Ljava/lang/Object;)Z @ 22
Event: 1623,168 Thread 0x00007fc0382f1000 Uncommon trap: reason=unstable_if action=reinterpret pc=0x00007fc02a5cefcc method=rice.p2p.util.SortedLinkedList.add(Ljava/lang/Comparable;)Z @ 28
Event: 1803,162 Thread 0x00007fc0382f1000 Uncommon trap: reason=bimorphic action=maybe_recompile pc=0x00007fc02a5aaac8 method=rice.pastry.PastryNode.send(Lrice/pastry/NodeHandle;Lrice/pastry/messaging/Message;Lrice/pastry/transport/PMessageNotification;Ljava/util/Map;)Lrice/pastry/transport/PMess
Event: 1803,162 Thread 0x00007fc0382f1000 Uncommon trap: reason=bimorphic action=maybe_recompile pc=0x00007fc02a5aaac8 method=rice.pastry.PastryNode.send(Lrice/pastry/NodeHandle;Lrice/pastry/messaging/Message;Lrice/pastry/transport/PMessageNotification;Ljava/util/Map;)Lrice/pastry/transport/PMess
Event: 1803,204 Thread 0x00007fc0382f1000 Uncommon trap: reason=bimorphic action=maybe_recompile pc=0x00007fc02a3f23a4 method=rice.pastry.transport.TLDeserializer.deserialize(Lrice/p2p/commonapi/rawserialization/InputBuffer;Lrice/p2p/commonapi/NodeHandle;)Lrice/p2p/commonapi/rawserialization/RawM
Event: 1847,811 Thread 0x00007fc0382f1000 Uncommon trap: reason=bimorphic action=maybe_recompile pc=0x00007fc02a3f23a4 method=rice.pastry.transport.TLDeserializer.deserialize(Lrice/p2p/commonapi/rawserialization/InputBuffer;Lrice/p2p/commonapi/NodeHandle;)Lrice/p2p/commonapi/rawserialization/RawM
Event: 1847,811 Thread 0x00007fc0382f1000 Uncommon trap: reason=bimorphic action=maybe_recompile pc=0x00007fc02a3f23a4 method=rice.pastry.transport.TLDeserializer.deserialize(Lrice/p2p/commonapi/rawserialization/InputBuffer;Lrice/p2p/commonapi/NodeHandle;)Lrice/p2p/commonapi/rawserialization/RawM
Event: 1847,812 Thread 0x00007fc0382f1000 Uncommon trap: reason=bimorphic action=maybe_recompile pc=0x00007fc02a5aaac8 method=rice.pastry.PastryNode.send(Lrice/pastry/NodeHandle;Lrice/pastry/messaging/Message;Lrice/pastry/transport/PMessageNotification;Ljava/util/Map;)Lrice/pastry/transport/PMess

Internal exceptions (10 events):
Event: 9,556 Thread 0x00007fc03800a000 Implicit null exception at 0x00007fc0294f24ef to 0x00007fc0294f2559
Event: 65,579 Thread 0x00007fbfc8006800 Exception <a 'java/lang/NoSuchMethodError': <clinit>> (0x00000000da975938) thrown at [/build/openjdk-8-W2Qe27/openjdk-8-8u151-b12/src/hotspot/src/share/vm/prims/jni.cpp, line 1613]
Event: 65,584 Thread 0x00007fbfc8006800 Exception <a 'java/lang/NoSuchMethodError': <clinit>> (0x00000000da97a638) thrown at [/build/openjdk-8-W2Qe27/openjdk-8-8u151-b12/src/hotspot/src/share/vm/prims/jni.cpp, line 1613]
Event: 65,585 Thread 0x00007fbfc8006800 Exception <a 'java/lang/NoSuchMethodError': <clinit>> (0x00000000da982548) thrown at [/build/openjdk-8-W2Qe27/openjdk-8-8u151-b12/src/hotspot/src/share/vm/prims/jni.cpp, line 1613]
Event: 65,587 Thread 0x00007fbfc8006800 Exception <a 'java/lang/NoSuchMethodError': <clinit>> (0x00000000da983ff0) thrown at [/build/openjdk-8-W2Qe27/openjdk-8-8u151-b12/src/hotspot/src/share/vm/prims/jni.cpp, line 1613]
Event: 65,604 Thread 0x00007fbfc8006800 Exception <a 'java/lang/NoSuchMethodError': <clinit>> (0x00000000da993408) thrown at [/build/openjdk-8-W2Qe27/openjdk-8-8u151-b12/src/hotspot/src/share/vm/prims/jni.cpp, line 1613]
Event: 67,990 Thread 0x00007fbfc8006800 Exception <a 'java/lang/NoSuchMethodError': <clinit>> (0x00000000dbac27c8) thrown at [/build/openjdk-8-W2Qe27/openjdk-8-8u151-b12/src/hotspot/src/share/vm/prims/jni.cpp, line 1613]
Event: 235,087 Thread 0x00007fbfbc007000 Exception <a 'java/lang/NoSuchMethodError': <clinit>> (0x00000000da34f988) thrown at [/build/openjdk-8-W2Qe27/openjdk-8-8u151-b12/src/hotspot/src/share/vm/prims/jni.cpp, line 1613]
Event: 259,784 Thread 0x00007fbfbc007000 Implicit null exception at 0x00007fc02a028c68 to 0x00007fc02a028d31
Event: 400,532 Thread 0x00007fbfa800d000 Implicit null exception at 0x00007fc0295a3c2d to 0x00007fc0295a4229

Events (10 events):
Event: 1895,545 Thread 0x00007fbfdc0a4800 Thread exited: 0x00007fbfdc0a4800
Event: 1895,580 Thread 0x00007fbfbc007000 Thread exited: 0x00007fbfbc007000
Event: 1896,668 Thread 0x00007fbfa800d000 Thread added: 0x00007fbfa800d000
Event: 1897,996 Thread 0x00007fbfdc0a4800 Thread added: 0x00007fbfdc0a4800
Event: 1897,997 Executing VM operation: RevokeBias
Event: 1898,006 Executing VM operation: RevokeBias done
Event: 1898,011 Executing VM operation: RevokeBias
Event: 1898,011 Executing VM operation: RevokeBias done
Event: 1898,011 Thread 0x00007fbfdc0a4800 Thread exited: 0x00007fbfdc0a4800
Event: 1898,062 Thread 0x00007fbfa800d000 Thread exited: 0x00007fbfa800d000


Dynamic libraries:
00400000-00401000 r-xp 00000000 08:06 4495658                            /usr/lib/jvm/java-8-openjdk-amd64/jre/bin/java
00600000-00601000 r--p 00000000 08:06 4495658                            /usr/lib/jvm/java-8-openjdk-amd64/jre/bin/java
00601000-00602000 rw-p 00001000 08:06 4495658                            /usr/lib/jvm/java-8-openjdk-amd64/jre/bin/java
025de000-025ff000 rw-p 00000000 00:00 0                                  [heap]
8b800000-8f080000 rw-p 00000000 00:00 0 
8f080000-d9300000 ---p 00000000 00:00 0 
d9300000-dc600000 rw-p 00000000 00:00 0 
dc600000-100000000 ---p 00000000 00:00 0 
100000000-100380000 rw-p 00000000 00:00 0 
100380000-140000000 ---p 00000000 00:00 0 
7fbfa4000000-7fbfa4032000 rw-p 00000000 00:00 0 
7fbfa4032000-7fbfa8000000 ---p 00000000 00:00 0 
7fbfa8000000-7fbfa8021000 rw-p 00000000 00:00 0 
7fbfa8021000-7fbfac000000 ---p 00000000 00:00 0 
7fbfac000000-7fbfac032000 rw-p 00000000 00:00 0 
7fbfac032000-7fbfb0000000 ---p 00000000 00:00 0 
7fbfb0000000-7fbfb0058000 rw-p 00000000 00:00 0 
7fbfb0058000-7fbfb4000000 ---p 00000000 00:00 0 
7fbfb4000000-7fbfb4021000 rw-p 00000000 00:00 0 
7fbfb4021000-7fbfb8000000 ---p 00000000 00:00 0 
7fbfb8000000-7fbfb8021000 rw-p 00000000 00:00 0 
7fbfb8021000-7fbfbc000000 ---p 00000000 00:00 0 
7fbfbc000000-7fbfbc021000 rw-p 00000000 00:00 0 
7fbfbc021000-7fbfc0000000 ---p 00000000 00:00 0 
7fbfc29f2000-7fbfc2a72000 rw-p 00000000 00:00 0 
7fbfc2a72000-7fbfc2bf2000 ---p 00000000 00:00 0 
7fbfc2bf2000-7fbfc2df2000 rw-p 00000000 00:00 0 
7fbfc2df2000-7fbfc2ff2000 rw-p 00000000 00:00 0 
7fbfc2ff2000-7fbfc2ff5000 ---p 00000000 00:00 0 
7fbfc2ff5000-7fbfc30f3000 rw-p 00000000 00:00 0 
7fbfc30f3000-7fbfc30f6000 ---p 00000000 00:00 0 
7fbfc30f6000-7fbfc31f4000 rw-p 00000000 00:00 0 
7fbfc31f4000-7fbfc31f7000 ---p 00000000 00:00 0 
7fbfc31f7000-7fbfc32f5000 rw-p 00000000 00:00 0 
7fbfc32f5000-7fbfc32f8000 ---p 00000000 00:00 0 
7fbfc32f8000-7fbfc33f6000 rw-p 00000000 00:00 0 
7fbfc33f6000-7fbfc33f9000 ---p 00000000 00:00 0 
7fbfc33f9000-7fbfc34f7000 rw-p 00000000 00:00 0 
7fbfc34f7000-7fbfc34fa000 ---p 00000000 00:00 0 
7fbfc34fa000-7fbfc35f8000 rw-p 00000000 00:00 0 
7fbfc35f8000-7fbfc35fb000 ---p 00000000 00:00 0 
7fbfc35fb000-7fbfc36f9000 rw-p 00000000 00:00 0 
7fbfc36f9000-7fbfc36fc000 ---p 00000000 00:00 0 
7fbfc36fc000-7fbfc37fa000 rw-p 00000000 00:00 0 
7fbfc37fa000-7fbfc37fd000 ---p 00000000 00:00 0 
7fbfc37fd000-7fbfc38fb000 rw-p 00000000 00:00 0 
7fbfc38fb000-7fbfc38fe000 ---p 00000000 00:00 0 
7fbfc38fe000-7fbfc39fc000 rw-p 00000000 00:00 0 
7fbfc39fc000-7fbfc39ff000 ---p 00000000 00:00 0 
7fbfc39ff000-7fbfc3afd000 rw-p 00000000 00:00 0 
7fbfc3afd000-7fbfc3b00000 ---p 00000000 00:00 0 
7fbfc3b00000-7fbfc3bfe000 rw-p 00000000 00:00 0 
7fbfc3bfe000-7fbfc3c01000 ---p 00000000 00:00 0 
7fbfc3c01000-7fbfc3cff000 rw-p 00000000 00:00 0 
7fbfc3cff000-7fbfc3d02000 ---p 00000000 00:00 0 
7fbfc3d02000-7fbfc4000000 rw-p 00000000 00:00 0 
7fbfc4000000-7fbfc4021000 rw-p 00000000 00:00 0 
7fbfc4021000-7fbfc8000000 ---p 00000000 00:00 0 
7fbfc8000000-7fbfc8021000 rw-p 00000000 00:00 0 
7fbfc8021000-7fbfcc000000 ---p 00000000 00:00 0 
7fbfcc000000-7fbfcc021000 rw-p 00000000 00:00 0 
7fbfcc021000-7fbfd0000000 ---p 00000000 00:00 0 
7fbfd0000000-7fbfd00b3000 rw-p 00000000 00:00 0 
7fbfd00b3000-7fbfd4000000 ---p 00000000 00:00 0 
7fbfd4000000-7fbfd406a000 rw-p 00000000 00:00 0 
7fbfd406a000-7fbfd8000000 ---p 00000000 00:00 0 
7fbfd8000000-7fbfd8021000 rw-p 00000000 00:00 0 
7fbfd8021000-7fbfdc000000 ---p 00000000 00:00 0 
7fbfdc000000-7fbfdc0de000 rw-p 00000000 00:00 0 
7fbfdc0de000-7fbfe0000000 ---p 00000000 00:00 0 
7fbfe0000000-7fbfe0021000 rw-p 00000000 00:00 0 
7fbfe0021000-7fbfe4000000 ---p 00000000 00:00 0 
7fbfe4000000-7fbfe4272000 rw-p 00000000 00:00 0 
7fbfe4272000-7fbfe8000000 ---p 00000000 00:00 0 
7fbfe8000000-7fbfe8c11000 rw-p 00000000 00:00 0 
7fbfe8c11000-7fbfec000000 ---p 00000000 00:00 0 
7fbfec000000-7fbfec021000 rw-p 00000000 00:00 0 
7fbfec021000-7fbff0000000 ---p 00000000 00:00 0 
7fbff0000000-7fbff0021000 rw-p 00000000 00:00 0 
7fbff0021000-7fbff4000000 ---p 00000000 00:00 0 
7fbff4000000-7fbff6582000 rw-p 00000000 00:00 0 
7fbff6582000-7fbff8000000 ---p 00000000 00:00 0 
7fbff8000000-7fbff8cdf000 rw-p 00000000 00:00 0 
7fbff8cdf000-7fbffc000000 ---p 00000000 00:00 0 
7fbffc000000-7fbffc021000 rw-p 00000000 00:00 0 
7fbffc021000-7fc000000000 ---p 00000000 00:00 0 
7fc000000000-7fc003e57000 rw-p 00000000 00:00 0 
7fc003e57000-7fc004000000 ---p 00000000 00:00 0 
7fc004000000-7fc004021000 rw-p 00000000 00:00 0 
7fc004021000-7fc008000000 ---p 00000000 00:00 0 
7fc008000000-7fc008021000 rw-p 00000000 00:00 0 
7fc008021000-7fc00c000000 ---p 00000000 00:00 0 
7fc00c000000-7fc00c1f9000 rw-p 00000000 00:00 0 
7fc00c1f9000-7fc010000000 ---p 00000000 00:00 0 
7fc0100bd000-7fc0100c0000 ---p 00000000 00:00 0 
7fc0100c0000-7fc0101be000 rw-p 00000000 00:00 0 
7fc0101be000-7fc0101c1000 ---p 00000000 00:00 0 
7fc0101c1000-7fc0102bf000 rw-p 00000000 00:00 0 
7fc0102bf000-7fc0102c2000 ---p 00000000 00:00 0 
7fc0102c2000-7fc0105c0000 rw-p 00000000 00:00 0 
7fc0105c0000-7fc014000000 rw-p 00000000 00:00 0 
7fc014000000-7fc014021000 rw-p 00000000 00:00 0 
7fc014021000-7fc018000000 ---p 00000000 00:00 0 
7fc0180f9000-7fc0180fc000 ---p 00000000 00:00 0 
7fc0180fc000-7fc0183fa000 rw-p 00000000 00:00 0 
7fc0183fa000-7fc0183fd000 ---p 00000000 00:00 0 
7fc0183fd000-7fc0186fb000 rw-p 00000000 00:00 0 
7fc0186fb000-7fc0188fb000 rw-p 00000000 00:00 0 
7fc0188fb000-7fc018afb000 rw-p 00000000 00:00 0 
7fc018afb000-7fc018c3b000 r--s 012bd000 08:06 2755922                    /home/ukimiawz/RWTH/CAE-Model-Persistence-Service/service/i5.las2peer.services.modelPersistenceService-0.1.jar
7fc018c3b000-7fc018c3e000 ---p 00000000 00:00 0 
7fc018c3e000-7fc018d3c000 rw-p 00000000 00:00 0 
7fc018d3c000-7fc018d3f000 ---p 00000000 00:00 0 
7fc018d3f000-7fc01903d000 rw-p 00000000 00:00 0 
7fc01903d000-7fc019040000 ---p 00000000 00:00 0 
7fc019040000-7fc01933e000 rw-p 00000000 00:00 0 
7fc01933e000-7fc019355000 r-xp 00000000 08:06 2901593                    /lib/x86_64-linux-gnu/libresolv-2.23.so
7fc019355000-7fc019555000 ---p 00017000 08:06 2901593                    /lib/x86_64-linux-gnu/libresolv-2.23.so
7fc019555000-7fc019556000 r--p 00017000 08:06 2901593                    /lib/x86_64-linux-gnu/libresolv-2.23.so
7fc019556000-7fc019557000 rw-p 00018000 08:06 2901593                    /lib/x86_64-linux-gnu/libresolv-2.23.so
7fc019557000-7fc019559000 rw-p 00000000 00:00 0 
7fc019559000-7fc01955e000 r-xp 00000000 08:06 2901580                    /lib/x86_64-linux-gnu/libnss_dns-2.23.so
7fc01955e000-7fc01975e000 ---p 00005000 08:06 2901580                    /lib/x86_64-linux-gnu/libnss_dns-2.23.so
7fc01975e000-7fc01975f000 r--p 00005000 08:06 2901580                    /lib/x86_64-linux-gnu/libnss_dns-2.23.so
7fc01975f000-7fc019760000 rw-p 00006000 08:06 2901580                    /lib/x86_64-linux-gnu/libnss_dns-2.23.so
7fc019760000-7fc019762000 r-xp 00000000 08:06 2888723                    /lib/x86_64-linux-gnu/libnss_mdns4_minimal.so.2
7fc019762000-7fc019961000 ---p 00002000 08:06 2888723                    /lib/x86_64-linux-gnu/libnss_mdns4_minimal.so.2
7fc019961000-7fc019962000 r--p 00001000 08:06 2888723                    /lib/x86_64-linux-gnu/libnss_mdns4_minimal.so.2
7fc019962000-7fc019963000 rw-p 00002000 08:06 2888723                    /lib/x86_64-linux-gnu/libnss_mdns4_minimal.so.2
7fc01996d000-7fc019980000 r--s 00346000 08:06 4495643                    /usr/lib/jvm/java-8-openjdk-amd64/jre/lib/resources.jar
7fc019980000-7fc019983000 ---p 00000000 00:00 0 
7fc019983000-7fc019a81000 rw-p 00000000 00:00 0 
7fc019a81000-7fc019a84000 ---p 00000000 00:00 0 
7fc019a84000-7fc019b82000 rw-p 00000000 00:00 0 
7fc019b82000-7fc019b85000 ---p 00000000 00:00 0 
7fc019b85000-7fc019c83000 rw-p 00000000 00:00 0 
7fc019c83000-7fc019c86000 r--s 00026000 08:06 2755904                    /home/ukimiawz/RWTH/CAE-Model-Persistence-Service/lib/commons-dbcp2-2.0.jar
7fc019c86000-7fc019c8f000 r-xp 00000000 08:06 4495608                    /usr/lib/jvm/java-8-openjdk-amd64/jre/lib/amd64/libmanagement.so
7fc019c8f000-7fc019e8e000 ---p 00009000 08:06 4495608                    /usr/lib/jvm/java-8-openjdk-amd64/jre/lib/amd64/libmanagement.so
7fc019e8e000-7fc019e8f000 r--p 00008000 08:06 4495608                    /usr/lib/jvm/java-8-openjdk-amd64/jre/lib/amd64/libmanagement.so
7fc019e8f000-7fc019e90000 rw-p 00009000 08:06 4495608                    /usr/lib/jvm/java-8-openjdk-amd64/jre/lib/amd64/libmanagement.so
7fc019e90000-7fc019eb8000 r-xp 00000000 08:06 4495625                    /usr/lib/jvm/java-8-openjdk-amd64/jre/lib/amd64/libsunec.so
7fc019eb8000-7fc01a0b8000 ---p 00028000 08:06 4495625                    /usr/lib/jvm/java-8-openjdk-amd64/jre/lib/amd64/libsunec.so
7fc01a0b8000-7fc01a0bc000 r--p 00028000 08:06 4495625                    /usr/lib/jvm/java-8-openjdk-amd64/jre/lib/amd64/libsunec.so
7fc01a0bc000-7fc01a0bd000 rw-p 0002c000 08:06 4495625                    /usr/lib/jvm/java-8-openjdk-amd64/jre/lib/amd64/libsunec.so
7fc01a0bd000-7fc01a0c2000 r--s 0009a000 08:06 4495644                    /usr/lib/jvm/java-8-openjdk-amd64/jre/lib/jsse.jar
7fc01a0c2000-7fc01a0c5000 r--s 00015000 08:06 4494032                    /usr/lib/jvm/java-8-openjdk-amd64/jre/lib/jce.jar
7fc01a0c5000-7fc01a3c6000 rw-p 00000000 00:00 0 
7fc01a3c6000-7fc01a3dd000 r-xp 00000000 08:06 4495624                    /usr/lib/jvm/java-8-openjdk-amd64/jre/lib/amd64/libnet.so
7fc01a3dd000-7fc01a5dc000 ---p 00017000 08:06 4495624                    /usr/lib/jvm/java-8-openjdk-amd64/jre/lib/amd64/libnet.so
7fc01a5dc000-7fc01a5dd000 r--p 00016000 08:06 4495624                    /usr/lib/jvm/java-8-openjdk-amd64/jre/lib/amd64/libnet.so
7fc01a5dd000-7fc01a5de000 rw-p 00017000 08:06 4495624                    /usr/lib/jvm/java-8-openjdk-amd64/jre/lib/amd64/libnet.so
7fc01a5de000-7fc01a5ef000 r-xp 00000000 08:06 4495636                    /usr/lib/jvm/java-8-openjdk-amd64/jre/lib/amd64/libnio.so
7fc01a5ef000-7fc01a7ef000 ---p 00011000 08:06 4495636                    /usr/lib/jvm/java-8-openjdk-amd64/jre/lib/amd64/libnio.so
7fc01a7ef000-7fc01a7f0000 r--p 00011000 08:06 4495636                    /usr/lib/jvm/java-8-openjdk-amd64/jre/lib/amd64/libnio.so
7fc01a7f0000-7fc01a7f1000 rw-p 00012000 08:06 4495636                    /usr/lib/jvm/java-8-openjdk-amd64/jre/lib/amd64/libnio.so
7fc01a7f1000-7fc01a81d000 rw-p 00000000 00:00 0 
7fc01a81d000-7fc01a92d000 r--s 00fbc000 08:06 2755891                    /home/ukimiawz/RWTH/CAE-Model-Persistence-Service/lib/las2peer-bundle-0.7.1.jar
7fc01a92d000-7fc01a930000 r--s 00018000 08:06 2755914                    /home/ukimiawz/RWTH/CAE-Model-Persistence-Service/lib/commons-pool2-2.2.jar
7fc01a930000-7fc01a941000 r--s 0011d000 08:06 2755907                    /home/ukimiawz/RWTH/CAE-Model-Persistence-Service/lib/jackson-databind-2.8.5.jar
7fc01a941000-7fc01a95c000 r--s 00394000 08:06 4495376                    /usr/lib/jvm/java-8-openjdk-amd64/jre/lib/ext/cldrdata.jar
7fc01a95c000-7fc01a977000 r--s 001d6000 08:06 4495388                    /usr/lib/jvm/java-8-openjdk-amd64/jre/lib/ext/nashorn.jar
7fc01a977000-7fc01a978000 ---p 00000000 00:00 0 
7fc01a978000-7fc01aa78000 rw-p 00000000 00:00 0 
7fc01aa78000-7fc01aa7b000 ---p 00000000 00:00 0 
7fc01aa7b000-7fc01ab79000 rw-p 00000000 00:00 0 
7fc01ab79000-7fc01ab7c000 ---p 00000000 00:00 0 
7fc01ab7c000-7fc01ac7a000 rw-p 00000000 00:00 0 
7fc01ac7a000-7fc01ac7d000 ---p 00000000 00:00 0 
7fc01ac7d000-7fc01ad7b000 rw-p 00000000 00:00 0 
7fc01ad7b000-7fc01ad7e000 ---p 00000000 00:00 0 
7fc01ad7e000-7fc01ae7c000 rw-p 00000000 00:00 0 
7fc01ae7c000-7fc01ae7f000 ---p 00000000 00:00 0 
7fc01ae7f000-7fc01af7d000 rw-p 00000000 00:00 0 
7fc01af7d000-7fc01b3d3000 r--p 00000000 08:06 4246003                    /usr/lib/locale/locale-archive
7fc01b3d3000-7fc01b3d6000 ---p 00000000 00:00 0 
7fc01b3d6000-7fc01b4d4000 rw-p 00000000 00:00 0 
7fc01b4d4000-7fc01b4d7000 ---p 00000000 00:00 0 
7fc01b4d7000-7fc01b5d5000 rw-p 00000000 00:00 0 
7fc01b5d5000-7fc01b5d6000 ---p 00000000 00:00 0 
7fc01b5d6000-7fc01c000000 rw-p 00000000 00:00 0 
7fc01c000000-7fc01c021000 rw-p 00000000 00:00 0 
7fc01c021000-7fc020000000 ---p 00000000 00:00 0 
7fc020000000-7fc020021000 rw-p 00000000 00:00 0 
7fc020021000-7fc024000000 ---p 00000000 00:00 0 
7fc024000000-7fc024021000 rw-p 00000000 00:00 0 
7fc024021000-7fc028000000 ---p 00000000 00:00 0 
7fc028000000-7fc028003000 r--s 0000b000 08:06 2755905                    /home/ukimiawz/RWTH/CAE-Model-Persistence-Service/lib/jackson-annotations-2.8.0.jar
7fc028003000-7fc02800a000 r--s 00037000 08:06 2755910                    /home/ukimiawz/RWTH/CAE-Model-Persistence-Service/lib/junit-4.10.jar
7fc02800a000-7fc028631000 rw-p 00000000 00:00 0 
7fc028631000-7fc028800000 r--s 03c21000 08:06 4494028                    /usr/lib/jvm/java-8-openjdk-amd64/jre/lib/rt.jar
7fc028800000-7fc029000000 rw-p 00000000 00:00 0 
7fc029000000-7fc02a6e0000 rwxp 00000000 00:00 0 
7fc02a6e0000-7fc038000000 ---p 00000000 00:00 0 
7fc038000000-7fc0389a3000 rw-p 00000000 00:00 0 
7fc0389a3000-7fc03c000000 ---p 00000000 00:00 0 
7fc03c002000-7fc03c004000 r--s 00011000 08:06 2755915                    /home/ukimiawz/RWTH/CAE-Model-Persistence-Service/lib/hamcrest-core-1.1.jar
7fc03c004000-7fc03c006000 r--s 0000e000 08:06 2755906                    /home/ukimiawz/RWTH/CAE-Model-Persistence-Service/lib/commons-logging-1.1.3.jar
7fc03c006000-7fc03c00e000 r--s 00045000 08:06 2755893                    /home/ukimiawz/RWTH/CAE-Model-Persistence-Service/lib/junit-4.12.jar
7fc03c00e000-7fc03c010000 r--s 00009000 08:06 2755892                    /home/ukimiawz/RWTH/CAE-Model-Persistence-Service/lib/hamcrest-core-1.3.jar
7fc03c010000-7fc03c017000 r--s 000a5000 08:06 2755912                    /home/ukimiawz/RWTH/CAE-Model-Persistence-Service/lib/mysql-connector-java-5.1.6.jar
7fc03c017000-7fc03c01a000 r--s 00011000 08:06 2755913                    /home/ukimiawz/RWTH/CAE-Model-Persistence-Service/lib/json-smart-1.3.1.jar
7fc03c01a000-7fc03c4c4000 rw-p 00000000 00:00 0 
7fc03c4c4000-7fc03c4c5000 ---p 00000000 00:00 0 
7fc03c4c5000-7fc03c5c5000 rw-p 00000000 00:00 0 
7fc03c5c5000-7fc03c5c6000 ---p 00000000 00:00 0 
7fc03c5c6000-7fc03c6c6000 rw-p 00000000 00:00 0 
7fc03c6c6000-7fc03c6c7000 ---p 00000000 00:00 0 
7fc03c6c7000-7fc03c7c7000 rw-p 00000000 00:00 0 
7fc03c7c7000-7fc03c7c8000 ---p 00000000 00:00 0 
7fc03c7c8000-7fc03c8e5000 rw-p 00000000 00:00 0 
7fc03c8e5000-7fc03cb36000 ---p 00000000 00:00 0 
7fc03cb36000-7fc03cb53000 rw-p 00000000 00:00 0 
7fc03cb53000-7fc03cda3000 ---p 00000000 00:00 0 
7fc03cda3000-7fc03cdbd000 rw-p 00000000 00:00 0 
7fc03cdbd000-7fc03ceda000 ---p 00000000 00:00 0 
7fc03ceda000-7fc03cf37000 rw-p 00000000 00:00 0 
7fc03cf37000-7fc03d29b000 ---p 00000000 00:00 0 
7fc03d29b000-7fc03d2a3000 r-xp 00000000 08:06 4495630                    /usr/lib/jvm/java-8-openjdk-amd64/jre/lib/amd64/libzip.so
7fc03d2a3000-7fc03d4a2000 ---p 00008000 08:06 4495630                    /usr/lib/jvm/java-8-openjdk-amd64/jre/lib/amd64/libzip.so
7fc03d4a2000-7fc03d4a3000 r--p 00007000 08:06 4495630                    /usr/lib/jvm/java-8-openjdk-amd64/jre/lib/amd64/libzip.so
7fc03d4a3000-7fc03d4a4000 rw-p 00008000 08:06 4495630                    /usr/lib/jvm/java-8-openjdk-amd64/jre/lib/amd64/libzip.so
7fc03d4a4000-7fc03d4af000 r-xp 00000000 08:06 2901582                    /lib/x86_64-linux-gnu/libnss_files-2.23.so
7fc03d4af000-7fc03d6ae000 ---p 0000b000 08:06 2901582                    /lib/x86_64-linux-gnu/libnss_files-2.23.so
7fc03d6ae000-7fc03d6af000 r--p 0000a000 08:06 2901582                    /lib/x86_64-linux-gnu/libnss_files-2.23.so
7fc03d6af000-7fc03d6b0000 rw-p 0000b000 08:06 2901582                    /lib/x86_64-linux-gnu/libnss_files-2.23.so
7fc03d6b0000-7fc03d6b6000 rw-p 00000000 00:00 0 
7fc03d6b6000-7fc03d6c1000 r-xp 00000000 08:06 2901585                    /lib/x86_64-linux-gnu/libnss_nis-2.23.so
7fc03d6c1000-7fc03d8c0000 ---p 0000b000 08:06 2901585                    /lib/x86_64-linux-gnu/libnss_nis-2.23.so
7fc03d8c0000-7fc03d8c1000 r--p 0000a000 08:06 2901585                    /lib/x86_64-linux-gnu/libnss_nis-2.23.so
7fc03d8c1000-7fc03d8c2000 rw-p 0000b000 08:06 2901585                    /lib/x86_64-linux-gnu/libnss_nis-2.23.so
7fc03d8c2000-7fc03d8d8000 r-xp 00000000 08:06 2901578                    /lib/x86_64-linux-gnu/libnsl-2.23.so
7fc03d8d8000-7fc03dad7000 ---p 00016000 08:06 2901578                    /lib/x86_64-linux-gnu/libnsl-2.23.so
7fc03dad7000-7fc03dad8000 r--p 00015000 08:06 2901578                    /lib/x86_64-linux-gnu/libnsl-2.23.so
7fc03dad8000-7fc03dad9000 rw-p 00016000 08:06 2901578                    /lib/x86_64-linux-gnu/libnsl-2.23.so
7fc03dad9000-7fc03dadb000 rw-p 00000000 00:00 0 
7fc03dadb000-7fc03dae3000 r-xp 00000000 08:06 2901591                    /lib/x86_64-linux-gnu/libnss_compat-2.23.so
7fc03dae3000-7fc03dce2000 ---p 00008000 08:06 2901591                    /lib/x86_64-linux-gnu/libnss_compat-2.23.so
7fc03dce2000-7fc03dce3000 r--p 00007000 08:06 2901591                    /lib/x86_64-linux-gnu/libnss_compat-2.23.so
7fc03dce3000-7fc03dce4000 rw-p 00008000 08:06 2901591                    /lib/x86_64-linux-gnu/libnss_compat-2.23.so
7fc03dce4000-7fc03dd11000 r-xp 00000000 08:06 4495613                    /usr/lib/jvm/java-8-openjdk-amd64/jre/lib/amd64/libjava.so
7fc03dd11000-7fc03df10000 ---p 0002d000 08:06 4495613                    /usr/lib/jvm/java-8-openjdk-amd64/jre/lib/amd64/libjava.so
7fc03df10000-7fc03df11000 r--p 0002c000 08:06 4495613                    /usr/lib/jvm/java-8-openjdk-amd64/jre/lib/amd64/libjava.so
7fc03df11000-7fc03df13000 rw-p 0002d000 08:06 4495613                    /usr/lib/jvm/java-8-openjdk-amd64/jre/lib/amd64/libjava.so
7fc03df13000-7fc03df22000 r-xp 00000000 08:06 4495628                    /usr/lib/jvm/java-8-openjdk-amd64/jre/lib/amd64/libverify.so
7fc03df22000-7fc03e121000 ---p 0000f000 08:06 4495628                    /usr/lib/jvm/java-8-openjdk-amd64/jre/lib/amd64/libverify.so
7fc03e121000-7fc03e123000 r--p 0000e000 08:06 4495628                    /usr/lib/jvm/java-8-openjdk-amd64/jre/lib/amd64/libverify.so
7fc03e123000-7fc03e124000 rw-p 00010000 08:06 4495628                    /usr/lib/jvm/java-8-openjdk-amd64/jre/lib/amd64/libverify.so
7fc03e124000-7fc03e12b000 r-xp 00000000 08:06 2901587                    /lib/x86_64-linux-gnu/librt-2.23.so
7fc03e12b000-7fc03e32a000 ---p 00007000 08:06 2901587                    /lib/x86_64-linux-gnu/librt-2.23.so
7fc03e32a000-7fc03e32b000 r--p 00006000 08:06 2901587                    /lib/x86_64-linux-gnu/librt-2.23.so
7fc03e32b000-7fc03e32c000 rw-p 00007000 08:06 2901587                    /lib/x86_64-linux-gnu/librt-2.23.so
7fc03e32c000-7fc03e342000 r-xp 00000000 08:06 2888656                    /lib/x86_64-linux-gnu/libgcc_s.so.1
7fc03e342000-7fc03e541000 ---p 00016000 08:06 2888656                    /lib/x86_64-linux-gnu/libgcc_s.so.1
7fc03e541000-7fc03e542000 rw-p 00015000 08:06 2888656                    /lib/x86_64-linux-gnu/libgcc_s.so.1
7fc03e542000-7fc03e64a000 r-xp 00000000 08:06 2901596                    /lib/x86_64-linux-gnu/libm-2.23.so
7fc03e64a000-7fc03e849000 ---p 00108000 08:06 2901596                    /lib/x86_64-linux-gnu/libm-2.23.so
7fc03e849000-7fc03e84a000 r--p 00107000 08:06 2901596                    /lib/x86_64-linux-gnu/libm-2.23.so
7fc03e84a000-7fc03e84b000 rw-p 00108000 08:06 2901596                    /lib/x86_64-linux-gnu/libm-2.23.so
7fc03e84b000-7fc03e9bd000 r-xp 00000000 08:06 4196481                    /usr/lib/x86_64-linux-gnu/libstdc++.so.6.0.21
7fc03e9bd000-7fc03ebbd000 ---p 00172000 08:06 4196481                    /usr/lib/x86_64-linux-gnu/libstdc++.so.6.0.21
7fc03ebbd000-7fc03ebc7000 r--p 00172000 08:06 4196481                    /usr/lib/x86_64-linux-gnu/libstdc++.so.6.0.21
7fc03ebc7000-7fc03ebc9000 rw-p 0017c000 08:06 4196481                    /usr/lib/x86_64-linux-gnu/libstdc++.so.6.0.21
7fc03ebc9000-7fc03ebcd000 rw-p 00000000 00:00 0 
7fc03ebcd000-7fc03f81f000 r-xp 00000000 08:06 4495623                    /usr/lib/jvm/java-8-openjdk-amd64/jre/lib/amd64/server/libjvm.so
7fc03f81f000-7fc03fa1f000 ---p 00c52000 08:06 4495623                    /usr/lib/jvm/java-8-openjdk-amd64/jre/lib/amd64/server/libjvm.so
7fc03fa1f000-7fc03fab2000 r--p 00c52000 08:06 4495623                    /usr/lib/jvm/java-8-openjdk-amd64/jre/lib/amd64/server/libjvm.so
7fc03fab2000-7fc03fadb000 rw-p 00ce5000 08:06 4495623                    /usr/lib/jvm/java-8-openjdk-amd64/jre/lib/amd64/server/libjvm.so
7fc03fadb000-7fc03fb0b000 rw-p 00000000 00:00 0 
7fc03fb0b000-7fc03fb23000 r-xp 00000000 08:06 2901584                    /lib/x86_64-linux-gnu/libpthread-2.23.so
7fc03fb23000-7fc03fd22000 ---p 00018000 08:06 2901584                    /lib/x86_64-linux-gnu/libpthread-2.23.so
7fc03fd22000-7fc03fd23000 r--p 00017000 08:06 2901584                    /lib/x86_64-linux-gnu/libpthread-2.23.so
7fc03fd23000-7fc03fd24000 rw-p 00018000 08:06 2901584                    /lib/x86_64-linux-gnu/libpthread-2.23.so
7fc03fd24000-7fc03fd28000 rw-p 00000000 00:00 0 
7fc03fd28000-7fc03fd2b000 r-xp 00000000 08:06 2901590                    /lib/x86_64-linux-gnu/libdl-2.23.so
7fc03fd2b000-7fc03ff2a000 ---p 00003000 08:06 2901590                    /lib/x86_64-linux-gnu/libdl-2.23.so
7fc03ff2a000-7fc03ff2b000 r--p 00002000 08:06 2901590                    /lib/x86_64-linux-gnu/libdl-2.23.so
7fc03ff2b000-7fc03ff2c000 rw-p 00003000 08:06 2901590                    /lib/x86_64-linux-gnu/libdl-2.23.so
7fc03ff2c000-7fc03ff45000 r-xp 00000000 08:06 2906478                    /lib/x86_64-linux-gnu/libz.so.1.2.8
7fc03ff45000-7fc040144000 ---p 00019000 08:06 2906478                    /lib/x86_64-linux-gnu/libz.so.1.2.8
7fc040144000-7fc040145000 r--p 00018000 08:06 2906478                    /lib/x86_64-linux-gnu/libz.so.1.2.8
7fc040145000-7fc040146000 rw-p 00019000 08:06 2906478                    /lib/x86_64-linux-gnu/libz.so.1.2.8
7fc040146000-7fc040306000 r-xp 00000000 08:06 2901601                    /lib/x86_64-linux-gnu/libc-2.23.so
7fc040306000-7fc040506000 ---p 001c0000 08:06 2901601                    /lib/x86_64-linux-gnu/libc-2.23.so
7fc040506000-7fc04050a000 r--p 001c0000 08:06 2901601                    /lib/x86_64-linux-gnu/libc-2.23.so
7fc04050a000-7fc04050c000 rw-p 001c4000 08:06 2901601                    /lib/x86_64-linux-gnu/libc-2.23.so
7fc04050c000-7fc040510000 rw-p 00000000 00:00 0 
7fc040510000-7fc04051d000 r-xp 00000000 08:06 4495626                    /usr/lib/jvm/java-8-openjdk-amd64/jre/lib/amd64/jli/libjli.so
7fc04051d000-7fc04071d000 ---p 0000d000 08:06 4495626                    /usr/lib/jvm/java-8-openjdk-amd64/jre/lib/amd64/jli/libjli.so
7fc04071d000-7fc04071e000 r--p 0000d000 08:06 4495626                    /usr/lib/jvm/java-8-openjdk-amd64/jre/lib/amd64/jli/libjli.so
7fc04071e000-7fc04071f000 rw-p 0000e000 08:06 4495626                    /usr/lib/jvm/java-8-openjdk-amd64/jre/lib/amd64/jli/libjli.so
7fc04071f000-7fc040745000 r-xp 00000000 08:06 2901579                    /lib/x86_64-linux-gnu/ld-2.23.so
7fc040745000-7fc040746000 r--s 00005000 08:06 2755911                    /home/ukimiawz/RWTH/CAE-Model-Persistence-Service/lib/json-simple-1.1.1.jar
7fc040746000-7fc040747000 r--s 00000000 08:06 2755909                    /home/ukimiawz/RWTH/CAE-Model-Persistence-Service/lib/semantic-check-response-0.1.jar
7fc040747000-7fc04074b000 r--s 00041000 08:06 2755916                    /home/ukimiawz/RWTH/CAE-Model-Persistence-Service/lib/jackson-core-2.8.5.jar
7fc04074b000-7fc04074c000 r--s 00000000 08:06 2755908                    /home/ukimiawz/RWTH/CAE-Model-Persistence-Service/lib/cae-simple-model-representation-0.3.jar
7fc04074c000-7fc040756000 r--s 00116000 08:06 4495573                    /usr/lib/jvm/java-8-openjdk-amd64/jre/lib/ext/localedata.jar
7fc040756000-7fc04081f000 rw-p 00000000 00:00 0 
7fc04081f000-7fc040822000 ---p 00000000 00:00 0 
7fc040822000-7fc040925000 rw-p 00000000 00:00 0 
7fc040925000-7fc040926000 r--s 0000a000 08:06 4495597                    /usr/lib/jvm/java-8-openjdk-amd64/jre/lib/ext/jaccess.jar
7fc040926000-7fc040929000 r--s 0000f000 08:06 4495372                    /usr/lib/jvm/java-8-openjdk-amd64/jre/lib/ext/icedtea-sound.jar
7fc040929000-7fc04092d000 r--s 00037000 08:06 4495583                    /usr/lib/jvm/java-8-openjdk-amd64/jre/lib/ext/sunpkcs11.jar
7fc04092d000-7fc04092f000 r--s 00008000 08:06 4495436                    /usr/lib/jvm/java-8-openjdk-amd64/jre/lib/ext/sunec.jar
7fc04092f000-7fc040935000 r--s 0003a000 08:06 4495395                    /usr/lib/jvm/java-8-openjdk-amd64/jre/lib/ext/sunjce_provider.jar
7fc040935000-7fc040936000 r--s 00010000 08:06 4495387                    /usr/lib/jvm/java-8-openjdk-amd64/jre/lib/ext/zipfs.jar
7fc040936000-7fc040938000 r--s 00001000 08:06 4495599                    /usr/lib/jvm/java-8-openjdk-amd64/jre/lib/ext/dnsns.jar
7fc040938000-7fc040940000 rw-s 00000000 08:06 560725                     /tmp/hsperfdata_root/18333
7fc040940000-7fc040941000 rw-p 00000000 00:00 0 
7fc040941000-7fc040942000 r--p 00000000 00:00 0 
7fc040942000-7fc040944000 rw-p 00000000 00:00 0 
7fc040944000-7fc040945000 r--p 00025000 08:06 2901579                    /lib/x86_64-linux-gnu/ld-2.23.so
7fc040945000-7fc040946000 rw-p 00026000 08:06 2901579                    /lib/x86_64-linux-gnu/ld-2.23.so
7fc040946000-7fc040947000 rw-p 00000000 00:00 0 
7ffcc1444000-7ffcc1465000 rw-p 00000000 00:00 0                          [stack]
7ffcc155a000-7ffcc155c000 r--p 00000000 00:00 0                          [vvar]
7ffcc155c000-7ffcc155e000 r-xp 00000000 00:00 0                          [vdso]
ffffffffff600000-ffffffffff601000 r-xp 00000000 00:00 0                  [vsyscall]

VM Arguments:
java_command: i5.las2peer.tools.L2pNodeLauncher -p 9011 uploadStartupDirectory('etc/startup') --service-directory service startService('i5.las2peer.services.modelPersistenceService.ModelPersistenceService@0.1') startWebConnector interactive
java_class_path (initial): lib/cae-simple-model-representation-0.3.jar:lib/jackson-core-2.8.5.jar:lib/json-smart-1.3.1.jar:lib/mysql-connector-java-5.1.6.jar:lib/jackson-databind-2.8.5.jar:lib/semantic-check-response-0.1.jar:lib/hamcrest-core-1.3.jar:lib/junit-4.12.jar:lib/commons-logging-1.1.3.jar:lib/junit-4.10.jar:lib/json-simple-1.1.1.jar:lib/hamcrest-core-1.1.jar:lib/jackson-annotations-2.8.0.jar:lib/commons-pool2-2.2.jar:lib/las2peer-bundle-0.7.1.jar:lib/commons-dbcp2-2.0.jar
Launcher Type: SUN_STANDARD

Environment Variables:
JAVA_HOME=/usr/lib/jvm/java-8-openjdk-amd64
PATH=/usr/local/sbin:/usr/local/bin:/usr/sbin:/usr/bin:/sbin:/bin:/snap/bin
USERNAME=root
SHELL=/bin/bash
DISPLAY=:0

Signal Handlers:
SIGSEGV: [libjvm.so+0xa69040], sa_mask[0]=11111111011111111101111111111110, sa_flags=SA_RESTART|SA_SIGINFO
SIGBUS: [libjvm.so+0xa69040], sa_mask[0]=11111111011111111101111111111110, sa_flags=SA_RESTART|SA_SIGINFO
SIGFPE: [libjvm.so+0x8b2170], sa_mask[0]=11111111011111111101111111111110, sa_flags=SA_RESTART|SA_SIGINFO
SIGPIPE: [libjvm.so+0x8b2170], sa_mask[0]=11111111011111111101111111111110, sa_flags=SA_RESTART|SA_SIGINFO
SIGXFSZ: [libjvm.so+0x8b2170], sa_mask[0]=11111111011111111101111111111110, sa_flags=SA_RESTART|SA_SIGINFO
SIGILL: [libjvm.so+0x8b2170], sa_mask[0]=11111111011111111101111111111110, sa_flags=SA_RESTART|SA_SIGINFO
SIGUSR1: SIG_DFL, sa_mask[0]=00000000000000000000000000000000, sa_flags=none
SIGUSR2: [libjvm.so+0x8b2020], sa_mask[0]=00000000000000000000000000000000, sa_flags=SA_RESTART|SA_SIGINFO
SIGHUP: [libjvm.so+0x8b24f0], sa_mask[0]=11111111011111111101111111111110, sa_flags=SA_RESTART|SA_SIGINFO
SIGINT: [libjvm.so+0x8b24f0], sa_mask[0]=11111111011111111101111111111110, sa_flags=SA_RESTART|SA_SIGINFO
SIGTERM: [libjvm.so+0x8b24f0], sa_mask[0]=11111111011111111101111111111110, sa_flags=SA_RESTART|SA_SIGINFO
SIGQUIT: [libjvm.so+0x8b24f0], sa_mask[0]=11111111011111111101111111111110, sa_flags=SA_RESTART|SA_SIGINFO


---------------  S Y S T E M  ---------------

OS:DISTRIB_ID=Ubuntu
DISTRIB_RELEASE=16.04
DISTRIB_CODENAME=xenial
DISTRIB_DESCRIPTION="Ubuntu 16.04.2 LTS"

uname:Linux 4.4.0-98-generic #121-Ubuntu SMP Tue Oct 10 14:24:03 UTC 2017 x86_64
libc:glibc 2.23 NPTL 2.23 
rlimit: STACK 8192k, CORE 0k, NPROC 29656, NOFILE 65536, AS infinity
load average:3,37 2,60 2,39

/proc/meminfo:
MemTotal:        7632572 kB
MemFree:          174424 kB
MemAvailable:     356720 kB
Buffers:           77540 kB
Cached:           889896 kB
SwapCached:        31496 kB
Active:          5618732 kB
Inactive:        1390336 kB
Active(anon):    5387720 kB
Inactive(anon):  1250428 kB
Active(file):     231012 kB
Inactive(file):   139908 kB
Unevictable:         944 kB
Mlocked:             944 kB
SwapTotal:       7854076 kB
SwapFree:         483800 kB
Dirty:              4820 kB
Writeback:             0 kB
AnonPages:       6014064 kB
Mapped:           438624 kB
Shmem:            596360 kB
Slab:             142372 kB
SReclaimable:      66072 kB
SUnreclaim:        76300 kB
KernelStack:       27072 kB
PageTables:       131856 kB
NFS_Unstable:          0 kB
Bounce:                0 kB
WritebackTmp:          0 kB
CommitLimit:    11670360 kB
Committed_AS:   29794512 kB
VmallocTotal:   34359738367 kB
VmallocUsed:           0 kB
VmallocChunk:          0 kB
HardwareCorrupted:     0 kB
AnonHugePages:    817152 kB
CmaTotal:              0 kB
CmaFree:               0 kB
HugePages_Total:       0
HugePages_Free:        0
HugePages_Rsvd:        0
HugePages_Surp:        0
Hugepagesize:       2048 kB
DirectMap4k:      426776 kB
DirectMap2M:     7413760 kB
DirectMap1G:     1048576 kB


CPU:total 4 (initial active 4) (2 cores per cpu, 2 threads per core) family 6 model 78 stepping 3, cmov, cx8, fxsr, mmx, sse, sse2, sse3, ssse3, sse4.1, sse4.2, popcnt, avx, avx2, aes, clmul, erms, 3dnowpref, lzcnt, ht, tsc, tscinvbit, bmi1, bmi2, adx

/proc/cpuinfo:
processor	: 0
vendor_id	: GenuineIntel
cpu family	: 6
model		: 78
model name	: Intel(R) Core(TM) i5-6200U CPU @ 2.30GHz
stepping	: 3
microcode	: 0x9e
cpu MHz		: 2029.875
cache size	: 3072 KB
physical id	: 0
siblings	: 4
core id		: 0
cpu cores	: 2
apicid		: 0
initial apicid	: 0
fpu		: yes
fpu_exception	: yes
cpuid level	: 22
wp		: yes
flags		: fpu vme de pse tsc msr pae mce cx8 apic sep mtrr pge mca cmov pat pse36 clflush dts acpi mmx fxsr sse sse2 ss ht tm pbe syscall nx pdpe1gb rdtscp lm constant_tsc art arch_perfmon pebs bts rep_good nopl xtopology nonstop_tsc aperfmperf eagerfpu pni pclmulqdq dtes64 monitor ds_cpl vmx est tm2 ssse3 sdbg fma cx16 xtpr pdcm pcid sse4_1 sse4_2 x2apic movbe popcnt tsc_deadline_timer aes xsave avx f16c rdrand lahf_lm abm 3dnowprefetch epb intel_pt tpr_shadow vnmi flexpriority ept vpid fsgsbase tsc_adjust bmi1 avx2 smep bmi2 erms invpcid mpx rdseed adx smap clflushopt xsaveopt xsavec xgetbv1 dtherm ida arat pln pts hwp hwp_notify hwp_act_window hwp_epp
bugs		:
bogomips	: 4800.43
clflush size	: 64
cache_alignment	: 64
address sizes	: 39 bits physical, 48 bits virtual
power management:

processor	: 1
vendor_id	: GenuineIntel
cpu family	: 6
model		: 78
model name	: Intel(R) Core(TM) i5-6200U CPU @ 2.30GHz
stepping	: 3
microcode	: 0x9e
cpu MHz		: 1850.718
cache size	: 3072 KB
physical id	: 0
siblings	: 4
core id		: 1
cpu cores	: 2
apicid		: 2
initial apicid	: 2
fpu		: yes
fpu_exception	: yes
cpuid level	: 22
wp		: yes
flags		: fpu vme de pse tsc msr pae mce cx8 apic sep mtrr pge mca cmov pat pse36 clflush dts acpi mmx fxsr sse sse2 ss ht tm pbe syscall nx pdpe1gb rdtscp lm constant_tsc art arch_perfmon pebs bts rep_good nopl xtopology nonstop_tsc aperfmperf eagerfpu pni pclmulqdq dtes64 monitor ds_cpl vmx est tm2 ssse3 sdbg fma cx16 xtpr pdcm pcid sse4_1 sse4_2 x2apic movbe popcnt tsc_deadline_timer aes xsave avx f16c rdrand lahf_lm abm 3dnowprefetch epb intel_pt tpr_shadow vnmi flexpriority ept vpid fsgsbase tsc_adjust bmi1 avx2 smep bmi2 erms invpcid mpx rdseed adx smap clflushopt xsaveopt xsavec xgetbv1 dtherm ida arat pln pts hwp hwp_notify hwp_act_window hwp_epp
bugs		:
bogomips	: 4800.43
clflush size	: 64
cache_alignment	: 64
address sizes	: 39 bits physical, 48 bits virtual
power management:

processor	: 2
vendor_id	: GenuineIntel
cpu family	: 6
model		: 78
model name	: Intel(R) Core(TM) i5-6200U CPU @ 2.30GHz
stepping	: 3
microcode	: 0x9e
cpu MHz		: 2030.250
cache size	: 3072 KB
physical id	: 0
siblings	: 4
core id		: 0
cpu cores	: 2
apicid		: 1
initial apicid	: 1
fpu		: yes
fpu_exception	: yes
cpuid level	: 22
wp		: yes
flags		: fpu vme de pse tsc msr pae mce cx8 apic sep mtrr pge mca cmov pat pse36 clflush dts acpi mmx fxsr sse sse2 ss ht tm pbe syscall nx pdpe1gb rdtscp lm constant_tsc art arch_perfmon pebs bts rep_good nopl xtopology nonstop_tsc aperfmperf eagerfpu pni pclmulqdq dtes64 monitor ds_cpl vmx est tm2 ssse3 sdbg fma cx16 xtpr pdcm pcid sse4_1 sse4_2 x2apic movbe popcnt tsc_deadline_timer aes xsave avx f16c rdrand lahf_lm abm 3dnowprefetch epb intel_pt tpr_shadow vnmi flexpriority ept vpid fsgsbase tsc_adjust bmi1 avx2 smep bmi2 erms invpcid mpx rdseed adx smap clflushopt xsaveopt xsavec xgetbv1 dtherm ida arat pln pts hwp hwp_notify hwp_act_window hwp_epp
bugs		:
bogomips	: 4800.43
clflush size	: 64
cache_alignment	: 64
address sizes	: 39 bits physical, 48 bits virtual
power management:

processor	: 3
vendor_id	: GenuineIntel
cpu family	: 6
model		: 78
model name	: Intel(R) Core(TM) i5-6200U CPU @ 2.30GHz
stepping	: 3
microcode	: 0x9e
cpu MHz		: 1846.500
cache size	: 3072 KB
physical id	: 0
siblings	: 4
core id		: 1
cpu cores	: 2
apicid		: 3
initial apicid	: 3
fpu		: yes
fpu_exception	: yes
cpuid level	: 22
wp		: yes
flags		: fpu vme de pse tsc msr pae mce cx8 apic sep mtrr pge mca cmov pat pse36 clflush dts acpi mmx fxsr sse sse2 ss ht tm pbe syscall nx pdpe1gb rdtscp lm constant_tsc art arch_perfmon pebs bts rep_good nopl xtopology nonstop_tsc aperfmperf eagerfpu pni pclmulqdq dtes64 monitor ds_cpl vmx est tm2 ssse3 sdbg fma cx16 xtpr pdcm pcid sse4_1 sse4_2 x2apic movbe popcnt tsc_deadline_timer aes xsave avx f16c rdrand lahf_lm abm 3dnowprefetch epb intel_pt tpr_shadow vnmi flexpriority ept vpid fsgsbase tsc_adjust bmi1 avx2 smep bmi2 erms invpcid mpx rdseed adx smap clflushopt xsaveopt xsavec xgetbv1 dtherm ida arat pln pts hwp hwp_notify hwp_act_window hwp_epp
bugs		:
bogomips	: 4800.43
clflush size	: 64
cache_alignment	: 64
address sizes	: 39 bits physical, 48 bits virtual
power management:



Memory: 4k page, physical 7632572k(174424k free), swap 7854076k(483800k free)

vm_info: OpenJDK 64-Bit Server VM (25.151-b12) for linux-amd64 JRE (1.8.0_151-8u151-b12-0ubuntu0.16.04.2-b12), built on Oct 27 2017 21:59:02 by "buildd" with gcc 5.4.0 20160609

time: Sun Nov 19 15:49:12 2017
elapsed time: 1898 seconds (0d 0h 31m 38s)

