#
# A fatal error has been detected by the Java Runtime Environment:
#
#  SIGSEGV (0xb) at pc=0x00007fc7a7fabee1, pid=21423, tid=0x00007fc7901d0700
#
# JRE version: OpenJDK Runtime Environment (8.0_131-b11) (build 1.8.0_131-8u131-b11-2ubuntu1.16.04.3-b11)
# Java VM: OpenJDK 64-Bit Server VM (25.131-b11 mixed mode linux-amd64 compressed oops)
# Problematic frame:
# V  [libjvm.so+0x3ffee1]
#
# Failed to write core dump. Core dumps have been disabled. To enable core dumping, try "ulimit -c unlimited" before starting Java again
#
# If you would like to submit a bug report, please visit:
#   http://bugreport.java.com/bugreport/crash.jsp
#

---------------  T H R E A D  ---------------

Current thread (0x00007fc7a00b2000):  JavaThread "C2 CompilerThread1" daemon [_thread_in_native, id=21434, stack(0x00007fc7900d0000,0x00007fc7901d1000)]

siginfo: si_signo: 11 (SIGSEGV), si_code: 1 (SEGV_MAPERR), si_addr: 0x0000000000000010

Registers:
RAX=0x0000000000000001, RBX=0x00007fc768176e30, RCX=0xffffffffffdeb013, RDX=0x00007fc7641c3b10
RSP=0x00007fc7901cc810, RBP=0x00007fc7901cc880, RSI=0x0000000000000001, RDI=0x0000000000000000
R8 =0x00007fc768176e30, R9 =0x00007fc768176d20, R10=0x0000000000000004, R11=0x0000000000000000
R12=0x00007fc7901cef40, R13=0xffffffffffffffff, R14=0x00007fc76449f1d8, R15=0x00007fc7643b6978
RIP=0x00007fc7a7fabee1, EFLAGS=0x0000000000010297, CSGSFS=0x0000000000000033, ERR=0x0000000000000004
  TRAPNO=0x000000000000000e

Top of Stack: (sp=0x00007fc7901cc810)
0x00007fc7901cc810:   00007fc7901cc880 00007fc7a84795bb
0x00007fc7901cc820:   00007fc7901cc880 00007fc7a818e9ea
0x00007fc7901cc830:   0000000000000005 0000000000000013
0x00007fc7901cc840:   0000000000000000 537d4483222a4100
0x00007fc7901cc850:   00007fc768176e10 00007fc7640ed1c0
0x00007fc7901cc860:   0000000000000002 0000000000000002
0x00007fc7901cc870:   00007fc76449f1d8 00007fc768176e30
0x00007fc7901cc880:   00007fc7901cc930 00007fc7a847a89d
0x00007fc7901cc890:   00007fc7644a1340 00007fc7901cc8b0
0x00007fc7901cc8a0:   00000000901cc8b0 0000000600000001
0x00007fc7901cc8b0:   00007fc7640ed0c0 00007fc764015e80
0x00007fc7901cc8c0:   00007fc768176e30 00007fc768176df0
0x00007fc7901cc8d0:   00000002000011ec 00007fc7640ed1c0
0x00007fc7901cc8e0:   00007fc768dfd750 00007fc768176d20
0x00007fc7901cc8f0:   00007fc7901cef40 0000000000000000
0x00007fc7901cc900:   00007fc7a8a0ce08 00007fc7901cf750
0x00007fc7901cc910:   00007fc76449f1d8 00007fc7a7dfe0a0
0x00007fc7901cc920:   000000000000000c 00007fc7901cef40
0x00007fc7901cc930:   00007fc7901cca70 00007fc7a847bb4e
0x00007fc7901cc940:   0000000000003768 0000000400000007
0x00007fc7901cc950:   0000000000000020 0000000700000001
0x00007fc7901cc960:   00007fc768281c00 000011e0000001f9
0x00007fc7901cc970:   00007fc7a8a0ce08 00007fc7901cca20
0x00007fc7901cc980:   00007fc7901cf0d8 00007fc764834af0
0x00007fc7901cc990:   00007fc7a8a12f28 00007fc768281410
0x00007fc7901cc9a0:   000000fb000000fa 00007fc768172cb0
0x00007fc7901cc9b0:   00007fc7681a1b80 00007fc7901cf7a8
0x00007fc7901cc9c0:   00000001000001fa 00000000000000fa
0x00007fc7901cc9d0:   0000002e000011af 537d448300000001
0x00007fc7901cc9e0:   00000000ffffffff 0000000000000000
0x00007fc7901cc9f0:   0000000000000000 0000001400001174
0x00007fc7901cca00:   00007fc7000011e7 000000000000000c 

Instructions: (pc=0x00007fc7a7fabee1)
0x00007fc7a7fabec1:   48 89 e5 e8 17 7e fd ff 89 c2 c1 e2 05 29 c2 89
0x00007fc7a7fabed1:   d0 5d c3 66 90 66 2e 0f 1f 84 00 00 00 00 00 55
0x00007fc7a7fabee1:   48 8b 47 10 48 89 e5 5d c3 66 0f 1f 44 00 00 48
0x00007fc7a7fabef1:   8d 15 e1 ba ae 00 55 b8 01 00 00 00 48 89 e5 48 

Register to memory mapping:

RAX=0x0000000000000001 is an unknown value
RBX=0x00007fc768176e30 is an unknown value
RCX=0xffffffffffdeb013 is an unknown value
RDX=0x00007fc7641c3b10 is an unknown value
RSP=0x00007fc7901cc810 is pointing into the stack for thread: 0x00007fc7a00b2000
RBP=0x00007fc7901cc880 is pointing into the stack for thread: 0x00007fc7a00b2000
RSI=0x0000000000000001 is an unknown value
RDI=0x0000000000000000 is an unknown value
R8 =0x00007fc768176e30 is an unknown value
R9 =0x00007fc768176d20 is an unknown value
R10=0x0000000000000004 is an unknown value
R11=0x0000000000000000 is an unknown value
R12=0x00007fc7901cef40 is pointing into the stack for thread: 0x00007fc7a00b2000
R13=0xffffffffffffffff is an unknown value
R14=0x00007fc76449f1d8 is an unknown value
R15=0x00007fc7643b6978 is an unknown value


Stack: [0x00007fc7900d0000,0x00007fc7901d1000],  sp=0x00007fc7901cc810,  free space=1010k
Native frames: (J=compiled Java code, j=interpreted, Vv=VM code, C=native code)
V  [libjvm.so+0x3ffee1]
V  [libjvm.so+0x8ce89d]
V  [libjvm.so+0x8cfb4e]
V  [libjvm.so+0x467a9c]
V  [libjvm.so+0x46aab2]
V  [libjvm.so+0x3b9981]
V  [libjvm.so+0x475aac]
V  [libjvm.so+0x4778e7]
V  [libjvm.so+0xa0e7d7]
V  [libjvm.so+0xa0ec9c]
V  [libjvm.so+0x8b5a82]
C  [libpthread.so.0+0x76ba]  start_thread+0xca


Current CompileTask:
C2:31264692 7566       4       rice.pastry.standard.StandardRouter::getLSCollection (81 bytes)


---------------  P R O C E S S  ---------------

Java Threads: ( => current thread )
  0x00007fc74c0c3800 JavaThread "pool-1-thread-14" [_thread_blocked, id=17129, stack(0x00007fc7604c4000,0x00007fc7605c5000)]
  0x00007fc72800b800 JavaThread "pool-4-thread-10" [_thread_blocked, id=13660, stack(0x00007fc7609c9000,0x00007fc760aca000)]
  0x00007fc72800a800 JavaThread "pool-4-thread-9" [_thread_blocked, id=13448, stack(0x00007fc7606c6000,0x00007fc7607c7000)]
  0x00007fc728009800 JavaThread "pool-4-thread-8" [_thread_blocked, id=13446, stack(0x00007fc7607c7000,0x00007fc7608c8000)]
  0x00007fc728008800 JavaThread "pool-4-thread-7" [_thread_blocked, id=13441, stack(0x00007fc7608c8000,0x00007fc7609c9000)]
  0x00007fc728007800 JavaThread "pool-4-thread-6" [_thread_blocked, id=13438, stack(0x00007fc760ecc000,0x00007fc760fcd000)]
  0x00007fc728007000 JavaThread "pool-4-thread-5" [_thread_blocked, id=7173, stack(0x00007fc760aca000,0x00007fc760bcb000)]
  0x00007fc728006000 JavaThread "pool-4-thread-4" [_thread_blocked, id=7171, stack(0x00007fc760bcb000,0x00007fc760ccc000)]
  0x00007fc728005800 JavaThread "pool-4-thread-3" [_thread_blocked, id=7033, stack(0x00007fc7621d1000,0x00007fc7622d2000)]
  0x00007fc728005000 JavaThread "pool-4-thread-2" [_thread_blocked, id=3527, stack(0x00007fc7615cf000,0x00007fc7616d0000)]
  0x00007fc728002000 JavaThread "pool-4-thread-1" [_thread_blocked, id=3509, stack(0x00007fc7622d2000,0x00007fc7623d3000)]
  0x00007fc7a0a28800 JavaThread "Thread-5" [_thread_in_native, id=21457, stack(0x00007fc7613cd000,0x00007fc7614ce000)]
  0x00007fc7a0a25000 JavaThread "server-timer" daemon [_thread_blocked, id=21456, stack(0x00007fc7614ce000,0x00007fc7615cf000)]
  0x00007fc7a0985800 JavaThread "MySQL Statement Cancellation Timer" daemon [_thread_blocked, id=21453, stack(0x00007fc761ad0000,0x00007fc761bd1000)]
  0x00007fc7a0687000 JavaThread "Timer-0" [_thread_blocked, id=21441, stack(0x00007fc7623d3000,0x00007fc7624d4000)]
  0x00007fc7a0574800 JavaThread "Selector Thread -- Default" [_thread_in_native, id=21440, stack(0x00007fc762f15000,0x00007fc763016000)]
  0x00007fc7a0572800 JavaThread "Persistence Worker Thread" [_thread_blocked, id=21439, stack(0x00007fc763016000,0x00007fc763117000)]
  0x00007fc7a0570800 JavaThread "Default.ProcessingThread" [_thread_blocked, id=21438, stack(0x00007fc763117000,0x00007fc763218000)]
  0x00007fc7a00c3000 JavaThread "Service Thread" daemon [_thread_blocked, id=21436, stack(0x00007fc763eff000,0x00007fc764000000)]
  0x00007fc7a00b3800 JavaThread "C1 CompilerThread2" daemon [_thread_blocked, id=21435, stack(0x00007fc788069000,0x00007fc78816a000)]
=>0x00007fc7a00b2000 JavaThread "C2 CompilerThread1" daemon [_thread_in_native, id=21434, stack(0x00007fc7900d0000,0x00007fc7901d1000)]
  0x00007fc7a00af000 JavaThread "C2 CompilerThread0" daemon [_thread_blocked, id=21433, stack(0x00007fc7901d1000,0x00007fc7902d2000)]
  0x00007fc7a00ad000 JavaThread "Signal Dispatcher" daemon [_thread_blocked, id=21432, stack(0x00007fc7902d2000,0x00007fc7903d3000)]
  0x00007fc7a0084800 JavaThread "Finalizer" daemon [_thread_blocked, id=21431, stack(0x00007fc7903d3000,0x00007fc7904d4000)]
  0x00007fc7a0080000 JavaThread "Reference Handler" daemon [_thread_blocked, id=21430, stack(0x00007fc7904d4000,0x00007fc7905d5000)]
  0x00007fc7a000b000 JavaThread "main" [_thread_in_native, id=21424, stack(0x00007fc7a9801000,0x00007fc7a9902000)]

Other Threads:
  0x00007fc7a0078000 VMThread [stack: 0x00007fc7905d5000,0x00007fc7906d6000] [id=21429]
  0x00007fc7a00c5800 WatcherThread [stack: 0x00007fc763dfe000,0x00007fc763eff000] [id=21437]

VM state:not at safepoint (normal execution)

VM Mutex/Monitor currently owned by a thread: None

Heap:
 PSYoungGen      total 30208K, used 5816K [0x00000000d9300000, 0x00000000db480000, 0x0000000100000000)
  eden space 27136K, 11% used [0x00000000d9300000,0x00000000d95ed0d8,0x00000000dad80000)
  from space 3072K, 91% used [0x00000000db180000,0x00000000db4412d0,0x00000000db480000)
  to   space 3584K, 0% used [0x00000000dad80000,0x00000000dad80000,0x00000000db100000)
 ParOldGen       total 61440K, used 55889K [0x000000008b800000, 0x000000008f400000, 0x00000000d9300000)
  object space 61440K, 90% used [0x000000008b800000,0x000000008ee94668,0x000000008f400000)
 Metaspace       used 33917K, capacity 34518K, committed 34688K, reserved 1079296K
  class space    used 3728K, capacity 3925K, committed 3968K, reserved 1048576K

Card table byte_map: [0x00007fc7a5b15000,0x00007fc7a5eba000] byte_map_base: 0x00007fc7a56b9000

Marking Bits: (ParMarkBitMap*) 0x00007fc7a8acf2c0
 Begin Bits: [0x00007fc7885c0000, 0x00007fc78a2e0000)
 End Bits:   [0x00007fc78a2e0000, 0x00007fc78c000000)

Polling page: 0x00007fc7a9922000

CodeCache: size=245760Kb used=21430Kb max_used=21567Kb free=224329Kb
 bounds [0x00007fc791000000, 0x00007fc792560000, 0x00007fc7a0000000]
 total_blobs=6323 nmethods=5807 adapters=428
 compilation: enabled

Compilation events (10 events):
Event: 31262,025 Thread 0x00007fc7a00b2000 nmethod 7561 0x00007fc79165bc50 code [0x00007fc79165bda0, 0x00007fc79165be68]
Event: 31263,157 Thread 0x00007fc7a00af000 7562       4       java.util.LinkedHashMap$LinkedKeyIterator::next (8 bytes)
Event: 31263,158 Thread 0x00007fc7a00af000 nmethod 7562 0x00007fc791f20fd0 code [0x00007fc791f21120, 0x00007fc791f211f8]
Event: 31263,199 Thread 0x00007fc7a00b2000 7563       4       java.util.ServiceLoader::<init> (65 bytes)
Event: 31263,215 Thread 0x00007fc7a00b2000 nmethod 7563 0x00007fc792045e90 code [0x00007fc792046020, 0x00007fc792046438]
Event: 31263,264 Thread 0x00007fc7a00af000 7564   !   4       javax.xml.parsers.FactoryFinder::find (354 bytes)
Event: 31263,265 Thread 0x00007fc7a00b2000 7565   !   4       javax.xml.parsers.FactoryFinder::newInstance (224 bytes)
Event: 31263,335 Thread 0x00007fc7a00b2000 nmethod 7565 0x00007fc7925410d0 code [0x00007fc7925413a0, 0x00007fc792542108]
Event: 31263,358 Thread 0x00007fc7a00af000 nmethod 7564 0x00007fc7918f9690 code [0x00007fc7918f9a60, 0x00007fc7918fb668]
Event: 31264,576 Thread 0x00007fc7a00b2000 7566       4       rice.pastry.standard.StandardRouter::getLSCollection (81 bytes)

GC Heap History (10 events):
Event: 31246,570 GC heap before
{Heap before GC invocations=111 (full 1):
 PSYoungGen      total 31232K, used 29784K [0x00000000d9300000, 0x00000000db580000, 0x0000000100000000)
  eden space 27136K, 99% used [0x00000000d9300000,0x00000000dad7e198,0x00000000dad80000)
  from space 4096K, 64% used [0x00000000dad80000,0x00000000db018000,0x00000000db180000)
  to   space 4096K, 0% used [0x00000000db180000,0x00000000db180000,0x00000000db580000)
 ParOldGen       total 61440K, used 55064K [0x000000008b800000, 0x000000008f400000, 0x00000000d9300000)
  object space 61440K, 89% used [0x000000008b800000,0x000000008edc61c8,0x000000008f400000)
 Metaspace       used 33917K, capacity 34518K, committed 34688K, reserved 1079296K
  class space    used 3728K, capacity 3925K, committed 3968K, reserved 1048576K
Event: 31246,583 GC heap after
Heap after GC invocations=111 (full 1):
 PSYoungGen      total 31232K, used 2656K [0x00000000d9300000, 0x00000000db580000, 0x0000000100000000)
  eden space 27136K, 0% used [0x00000000d9300000,0x00000000d9300000,0x00000000dad80000)
  from space 4096K, 64% used [0x00000000db180000,0x00000000db418010,0x00000000db580000)
  to   space 4096K, 0% used [0x00000000dad80000,0x00000000dad80000,0x00000000db180000)
 ParOldGen       total 61440K, used 55244K [0x000000008b800000, 0x000000008f400000, 0x00000000d9300000)
  object space 61440K, 89% used [0x000000008b800000,0x000000008edf3108,0x000000008f400000)
 Metaspace       used 33917K, capacity 34518K, committed 34688K, reserved 1079296K
  class space    used 3728K, capacity 3925K, committed 3968K, reserved 1048576K
}
Event: 31251,364 GC heap before
{Heap before GC invocations=112 (full 1):
 PSYoungGen      total 31232K, used 29792K [0x00000000d9300000, 0x00000000db580000, 0x0000000100000000)
  eden space 27136K, 100% used [0x00000000d9300000,0x00000000dad80000,0x00000000dad80000)
  from space 4096K, 64% used [0x00000000db180000,0x00000000db418010,0x00000000db580000)
  to   space 4096K, 0% used [0x00000000dad80000,0x00000000dad80000,0x00000000db180000)
 ParOldGen       total 61440K, used 55244K [0x000000008b800000, 0x000000008f400000, 0x00000000d9300000)
  object space 61440K, 89% used [0x000000008b800000,0x000000008edf3108,0x000000008f400000)
 Metaspace       used 33917K, capacity 34518K, committed 34688K, reserved 1079296K
  class space    used 3728K, capacity 3925K, committed 3968K, reserved 1048576K
Event: 31251,378 GC heap after
Heap after GC invocations=112 (full 1):
 PSYoungGen      total 31232K, used 2688K [0x00000000d9300000, 0x00000000db580000, 0x0000000100000000)
  eden space 27136K, 0% used [0x00000000d9300000,0x00000000d9300000,0x00000000dad80000)
  from space 4096K, 65% used [0x00000000dad80000,0x00000000db020000,0x00000000db180000)
  to   space 4096K, 0% used [0x00000000db180000,0x00000000db180000,0x00000000db580000)
 ParOldGen       total 61440K, used 55387K [0x000000008b800000, 0x000000008f400000, 0x00000000d9300000)
  object space 61440K, 90% used [0x000000008b800000,0x000000008ee16c78,0x000000008f400000)
 Metaspace       used 33917K, capacity 34518K, committed 34688K, reserved 1079296K
  class space    used 3728K, capacity 3925K, committed 3968K, reserved 1048576K
}
Event: 31255,549 GC heap before
{Heap before GC invocations=113 (full 1):
 PSYoungGen      total 31232K, used 29824K [0x00000000d9300000, 0x00000000db580000, 0x0000000100000000)
  eden space 27136K, 100% used [0x00000000d9300000,0x00000000dad80000,0x00000000dad80000)
  from space 4096K, 65% used [0x00000000dad80000,0x00000000db020000,0x00000000db180000)
  to   space 4096K, 0% used [0x00000000db180000,0x00000000db180000,0x00000000db580000)
 ParOldGen       total 61440K, used 55387K [0x000000008b800000, 0x000000008f400000, 0x00000000d9300000)
  object space 61440K, 90% used [0x000000008b800000,0x000000008ee16c78,0x000000008f400000)
 Metaspace       used 33917K, capacity 34518K, committed 34688K, reserved 1079296K
  class space    used 3728K, capacity 3925K, committed 3968K, reserved 1048576K
Event: 31255,558 GC heap after
Heap after GC invocations=113 (full 1):
 PSYoungGen      total 31232K, used 2624K [0x00000000d9300000, 0x00000000db580000, 0x0000000100000000)
  eden space 27136K, 0% used [0x00000000d9300000,0x00000000d9300000,0x00000000dad80000)
  from space 4096K, 64% used [0x00000000db180000,0x00000000db410000,0x00000000db580000)
  to   space 4096K, 0% used [0x00000000dad80000,0x00000000dad80000,0x00000000db180000)
 ParOldGen       total 61440K, used 55566K [0x000000008b800000, 0x000000008f400000, 0x00000000d9300000)
  object space 61440K, 90% used [0x000000008b800000,0x000000008ee43bb8,0x000000008f400000)
 Metaspace       used 33917K, capacity 34518K, committed 34688K, reserved 1079296K
  class space    used 3728K, capacity 3925K, committed 3968K, reserved 1048576K
}
Event: 31260,629 GC heap before
{Heap before GC invocations=114 (full 1):
 PSYoungGen      total 31232K, used 29760K [0x00000000d9300000, 0x00000000db580000, 0x0000000100000000)
  eden space 27136K, 100% used [0x00000000d9300000,0x00000000dad80000,0x00000000dad80000)
  from space 4096K, 64% used [0x00000000db180000,0x00000000db410000,0x00000000db580000)
  to   space 4096K, 0% used [0x00000000dad80000,0x00000000dad80000,0x00000000db180000)
 ParOldGen       total 61440K, used 55566K [0x000000008b800000, 0x000000008f400000, 0x00000000d9300000)
  object space 61440K, 90% used [0x000000008b800000,0x000000008ee43bb8,0x000000008f400000)
 Metaspace       used 33917K, capacity 34518K, committed 34688K, reserved 1079296K
  class space    used 3728K, capacity 3925K, committed 3968K, reserved 1048576K
Event: 31260,643 GC heap after
Heap after GC invocations=114 (full 1):
 PSYoungGen      total 31232K, used 2688K [0x00000000d9300000, 0x00000000db580000, 0x0000000100000000)
  eden space 27136K, 0% used [0x00000000d9300000,0x00000000d9300000,0x00000000dad80000)
  from space 4096K, 65% used [0x00000000dad80000,0x00000000db020000,0x00000000db180000)
  to   space 4096K, 0% used [0x00000000db180000,0x00000000db180000,0x00000000db580000)
 ParOldGen       total 61440K, used 55709K [0x000000008b800000, 0x000000008f400000, 0x00000000d9300000)
  object space 61440K, 90% used [0x000000008b800000,0x000000008ee67728,0x000000008f400000)
 Metaspace       used 33917K, capacity 34518K, committed 34688K, reserved 1079296K
  class space    used 3728K, capacity 3925K, committed 3968K, reserved 1048576K
}
Event: 31264,547 GC heap before
{Heap before GC invocations=115 (full 1):
 PSYoungGen      total 31232K, used 29824K [0x00000000d9300000, 0x00000000db580000, 0x0000000100000000)
  eden space 27136K, 100% used [0x00000000d9300000,0x00000000dad80000,0x00000000dad80000)
  from space 4096K, 65% used [0x00000000dad80000,0x00000000db020000,0x00000000db180000)
  to   space 4096K, 0% used [0x00000000db180000,0x00000000db180000,0x00000000db580000)
 ParOldGen       total 61440K, used 55709K [0x000000008b800000, 0x000000008f400000, 0x00000000d9300000)
  object space 61440K, 90% used [0x000000008b800000,0x000000008ee67728,0x000000008f400000)
 Metaspace       used 33917K, capacity 34518K, committed 34688K, reserved 1079296K
  class space    used 3728K, capacity 3925K, committed 3968K, reserved 1048576K
Event: 31264,550 GC heap after
Heap after GC invocations=115 (full 1):
 PSYoungGen      total 30208K, used 2820K [0x00000000d9300000, 0x00000000db480000, 0x0000000100000000)
  eden space 27136K, 0% used [0x00000000d9300000,0x00000000d9300000,0x00000000dad80000)
  from space 3072K, 91% used [0x00000000db180000,0x00000000db4412d0,0x00000000db480000)
  to   space 3584K, 0% used [0x00000000dad80000,0x00000000dad80000,0x00000000db100000)
 ParOldGen       total 61440K, used 55889K [0x000000008b800000, 0x000000008f400000, 0x00000000d9300000)
  object space 61440K, 90% used [0x000000008b800000,0x000000008ee94668,0x000000008f400000)
 Metaspace       used 33917K, capacity 34518K, committed 34688K, reserved 1079296K
  class space    used 3728K, capacity 3925K, committed 3968K, reserved 1048576K
}

Deoptimization events (10 events):
Event: 27959,894 Thread 0x00007fc7a0a28800 Uncommon trap: reason=unstable_if action=reinterpret pc=0x00007fc7911d04b4 method=java.lang.ref.SoftReference.get()Ljava/lang/Object; @ 6
Event: 27960,091 Thread 0x00007fc720030000 Uncommon trap: reason=null_check action=make_not_entrant pc=0x00007fc791f95180 method=java.lang.Class.reflectionData()Ljava/lang/Class$ReflectionData; @ 24
Event: 27960,143 Thread 0x00007fc720030000 Uncommon trap: reason=null_check action=make_not_entrant pc=0x00007fc79149b404 method=java.lang.Class.reflectionData()Ljava/lang/Class$ReflectionData; @ 24
Event: 27960,512 Thread 0x00007fc724003000 Uncommon trap: reason=unstable_if action=reinterpret pc=0x00007fc7921c7458 method=sun.nio.cs.StreamDecoder.implRead([CII)I @ 119
Event: 28164,492 Thread 0x00007fc714007000 Uncommon trap: reason=class_check action=maybe_recompile pc=0x00007fc7920e9910 method=i5.las2peer.logging.L2pLogger.printStackTrace(Ljava/lang/StringBuilder;Ljava/lang/Throwable;)V @ 23
Event: 28164,493 Thread 0x00007fc714007000 Uncommon trap: reason=unstable_if action=reinterpret pc=0x00007fc79217df1c method=i5.las2peer.logging.L2pLogger$ConsoleHandler.publish(Ljava/util/logging/LogRecord;)V @ 24
Event: 30242,004 Thread 0x00007fc7a0574800 Uncommon trap: reason=unstable_if action=reinterpret pc=0x00007fc792039774 method=org.mpisws.p2p.transport.priority.PriorityTransportLayerImpl$EntityManager$MessageWrapper.compareTo(Lorg/mpisws/p2p/transport/priority/PriorityTransportLayerImpl$EntityManag
Event: 30745,465 Thread 0x00007fc728002000 Uncommon trap: reason=unstable_if action=reinterpret pc=0x00007fc79247bb54 method=sun.security.pkcs.PKCS8Key.decode(Ljava/io/InputStream;)V @ 126
Event: 30967,414 Thread 0x00007fc73006c800 Uncommon trap: reason=class_check action=maybe_recompile pc=0x00007fc7920e9910 method=i5.las2peer.logging.L2pLogger.printStackTrace(Ljava/lang/StringBuilder;Ljava/lang/Throwable;)V @ 23
Event: 31042,499 Thread 0x00007fc7a0574800 Uncommon trap: reason=bimorphic action=maybe_recompile pc=0x00007fc791ca6320 method=java.util.HashMap.removeNode(ILjava/lang/Object;Ljava/lang/Object;ZZ)Ljava/util/HashMap$Node; @ 68

Internal exceptions (10 events):
Event: 27960,083 Thread 0x00007fc720030000 Exception <a 'java/lang/ClassNotFoundException': com/sun/org/glassfish/hk2/osgiresourcelocator/ServiceLoader> (0x00000000e3055d70) thrown at [/build/openjdk-8-pZyJp3/openjdk-8-8u131-b11/src/hotspot/src/share/vm/classfile/systemDictionary.cpp, line 210]
Event: 27960,091 Thread 0x00007fc720030000 Implicit null exception at 0x00007fc791f94656 to 0x00007fc791f9515d
Event: 27960,143 Thread 0x00007fc720030000 Implicit null exception at 0x00007fc79149ae5c to 0x00007fc79149b3e9
Event: 28161,698 Thread 0x00007fc710022000 Exception <a 'java/lang/ClassNotFoundException': com/sun/org/glassfish/hk2/osgiresourcelocator/ServiceLoader> (0x00000000e3d3c0e0) thrown at [/build/openjdk-8-pZyJp3/openjdk-8-8u131-b11/src/hotspot/src/share/vm/classfile/systemDictionary.cpp, line 210]
Event: 28164,132 Thread 0x00007fc714007000 Exception <a 'java/lang/NoSuchMethodError': <clinit>> (0x00000000d98b53b0) thrown at [/build/openjdk-8-pZyJp3/openjdk-8-8u131-b11/src/hotspot/src/share/vm/prims/jni.cpp, line 1613]
Event: 28256,776 Thread 0x00007fc718001000 Exception <a 'java/lang/ClassNotFoundException': com/sun/org/glassfish/hk2/osgiresourcelocator/ServiceLoader> (0x00000000d9e53790) thrown at [/build/openjdk-8-pZyJp3/openjdk-8-8u131-b11/src/hotspot/src/share/vm/classfile/systemDictionary.cpp, line 210]
Event: 30315,333 Thread 0x00007fc71c001800 Exception <a 'java/lang/ClassNotFoundException': com/sun/org/glassfish/hk2/osgiresourcelocator/ServiceLoader> (0x00000000e033f928) thrown at [/build/openjdk-8-pZyJp3/openjdk-8-8u131-b11/src/hotspot/src/share/vm/classfile/systemDictionary.cpp, line 210]
Event: 30315,694 Thread 0x00007fc710021800 Exception <a 'java/lang/NoSuchMethodError': <clinit>> (0x00000000e0899d48) thrown at [/build/openjdk-8-pZyJp3/openjdk-8-8u131-b11/src/hotspot/src/share/vm/prims/jni.cpp, line 1613]
Event: 30966,761 Thread 0x00007fc744014800 Exception <a 'java/lang/ClassNotFoundException': com/sun/org/glassfish/hk2/osgiresourcelocator/ServiceLoader> (0x00000000db517a68) thrown at [/build/openjdk-8-pZyJp3/openjdk-8-8u131-b11/src/hotspot/src/share/vm/classfile/systemDictionary.cpp, line 210]
Event: 31042,238 Thread 0x00007fc72002f800 Exception <a 'java/lang/ClassNotFoundException': com/sun/org/glassfish/hk2/osgiresourcelocator/ServiceLoader> (0x00000000d993e6c0) thrown at [/build/openjdk-8-pZyJp3/openjdk-8-8u131-b11/src/hotspot/src/share/vm/classfile/systemDictionary.cpp, line 210]

Events (10 events):
Event: 31260,808 Thread 0x00007fc74c0c4000 Thread added: 0x00007fc74c0c4000
Event: 31260,809 Thread 0x00007fc74c0c4000 Thread exited: 0x00007fc74c0c4000
Event: 31262,024 Thread 0x00007fc74c0c4000 Thread added: 0x00007fc74c0c4000
Event: 31262,024 Thread 0x00007fc74c0c4000 Thread exited: 0x00007fc74c0c4000
Event: 31263,265 Thread 0x00007fc74c0c4000 Thread added: 0x00007fc74c0c4000
Event: 31263,265 Thread 0x00007fc74c0c4000 Thread exited: 0x00007fc74c0c4000
Event: 31264,547 Executing VM operation: ParallelGCFailedAllocation
Event: 31264,550 Executing VM operation: ParallelGCFailedAllocation done
Event: 31264,551 Thread 0x00007fc74c0c4000 Thread added: 0x00007fc74c0c4000
Event: 31264,552 Thread 0x00007fc74c0c4000 Thread exited: 0x00007fc74c0c4000


Dynamic libraries:
00400000-00401000 r-xp 00000000 08:06 4495747                            /usr/lib/jvm/java-8-openjdk-amd64/jre/bin/java
00600000-00601000 r--p 00000000 08:06 4495747                            /usr/lib/jvm/java-8-openjdk-amd64/jre/bin/java
00601000-00602000 rw-p 00001000 08:06 4495747                            /usr/lib/jvm/java-8-openjdk-amd64/jre/bin/java
022d7000-023d5000 rw-p 00000000 00:00 0                                  [heap]
8b800000-8f400000 rw-p 00000000 00:00 0 
8f400000-d9300000 ---p 00000000 00:00 0 
d9300000-db480000 rw-p 00000000 00:00 0 
db480000-100000000 ---p 00000000 00:00 0 
100000000-1003e0000 rw-p 00000000 00:00 0 
1003e0000-140000000 ---p 00000000 00:00 0 
7fc710000000-7fc710023000 rw-p 00000000 00:00 0 
7fc710023000-7fc714000000 ---p 00000000 00:00 0 
7fc714000000-7fc714021000 rw-p 00000000 00:00 0 
7fc714021000-7fc718000000 ---p 00000000 00:00 0 
7fc718000000-7fc718059000 rw-p 00000000 00:00 0 
7fc718059000-7fc71c000000 ---p 00000000 00:00 0 
7fc71c000000-7fc71c021000 rw-p 00000000 00:00 0 
7fc71c021000-7fc720000000 ---p 00000000 00:00 0 
7fc720000000-7fc72006f000 rw-p 00000000 00:00 0 
7fc72006f000-7fc724000000 ---p 00000000 00:00 0 
7fc724000000-7fc724033000 rw-p 00000000 00:00 0 
7fc724033000-7fc728000000 ---p 00000000 00:00 0 
7fc728000000-7fc728021000 rw-p 00000000 00:00 0 
7fc728021000-7fc72c000000 ---p 00000000 00:00 0 
7fc72c000000-7fc72c0f5000 rw-p 00000000 00:00 0 
7fc72c0f5000-7fc730000000 ---p 00000000 00:00 0 
7fc730000000-7fc730078000 rw-p 00000000 00:00 0 
7fc730078000-7fc734000000 ---p 00000000 00:00 0 
7fc734000000-7fc734021000 rw-p 00000000 00:00 0 
7fc734021000-7fc738000000 ---p 00000000 00:00 0 
7fc738000000-7fc738021000 rw-p 00000000 00:00 0 
7fc738021000-7fc73c000000 ---p 00000000 00:00 0 
7fc73c000000-7fc73c021000 rw-p 00000000 00:00 0 
7fc73c021000-7fc740000000 ---p 00000000 00:00 0 
7fc740000000-7fc740021000 rw-p 00000000 00:00 0 
7fc740021000-7fc744000000 ---p 00000000 00:00 0 
7fc744000000-7fc744021000 rw-p 00000000 00:00 0 
7fc744021000-7fc748000000 ---p 00000000 00:00 0 
7fc748000000-7fc748843000 rw-p 00000000 00:00 0 
7fc748843000-7fc74c000000 ---p 00000000 00:00 0 
7fc74c000000-7fc74c112000 rw-p 00000000 00:00 0 
7fc74c112000-7fc750000000 ---p 00000000 00:00 0 
7fc750000000-7fc750021000 rw-p 00000000 00:00 0 
7fc750021000-7fc754000000 ---p 00000000 00:00 0 
7fc754000000-7fc754021000 rw-p 00000000 00:00 0 
7fc754021000-7fc758000000 ---p 00000000 00:00 0 
7fc758000000-7fc758021000 rw-p 00000000 00:00 0 
7fc758021000-7fc75c000000 ---p 00000000 00:00 0 
7fc75c000000-7fc75c6e1000 rw-p 00000000 00:00 0 
7fc75c6e1000-7fc760000000 ---p 00000000 00:00 0 
7fc7600c2000-7fc7600c5000 ---p 00000000 00:00 0 
7fc7600c5000-7fc7601c3000 rw-p 00000000 00:00 0 
7fc7601c3000-7fc7601c6000 ---p 00000000 00:00 0 
7fc7601c6000-7fc7604c4000 rw-p 00000000 00:00 0 
7fc7604c4000-7fc7604c7000 ---p 00000000 00:00 0 
7fc7604c7000-7fc7605c5000 rw-p 00000000 00:00 0 
7fc7605c5000-7fc7605c8000 ---p 00000000 00:00 0 
7fc7605c8000-7fc7606c6000 rw-p 00000000 00:00 0 
7fc7606c6000-7fc7606c9000 ---p 00000000 00:00 0 
7fc7606c9000-7fc7607c7000 rw-p 00000000 00:00 0 
7fc7607c7000-7fc7607ca000 ---p 00000000 00:00 0 
7fc7607ca000-7fc7608c8000 rw-p 00000000 00:00 0 
7fc7608c8000-7fc7608cb000 ---p 00000000 00:00 0 
7fc7608cb000-7fc7609c9000 rw-p 00000000 00:00 0 
7fc7609c9000-7fc7609cc000 ---p 00000000 00:00 0 
7fc7609cc000-7fc760aca000 rw-p 00000000 00:00 0 
7fc760aca000-7fc760acd000 ---p 00000000 00:00 0 
7fc760acd000-7fc760bcb000 rw-p 00000000 00:00 0 
7fc760bcb000-7fc760bce000 ---p 00000000 00:00 0 
7fc760bce000-7fc760ecc000 rw-p 00000000 00:00 0 
7fc760ecc000-7fc760ecf000 ---p 00000000 00:00 0 
7fc760ecf000-7fc7611cd000 rw-p 00000000 00:00 0 
7fc7611cd000-7fc7613cd000 rw-p 00000000 00:00 0 
7fc7613cd000-7fc7613d0000 ---p 00000000 00:00 0 
7fc7613d0000-7fc7614ce000 rw-p 00000000 00:00 0 
7fc7614ce000-7fc7614d1000 ---p 00000000 00:00 0 
7fc7614d1000-7fc7615cf000 rw-p 00000000 00:00 0 
7fc7615cf000-7fc7615d2000 ---p 00000000 00:00 0 
7fc7615d2000-7fc7618d0000 rw-p 00000000 00:00 0 
7fc7618d0000-7fc761ad0000 rw-p 00000000 00:00 0 
7fc761ad0000-7fc761ad3000 ---p 00000000 00:00 0 
7fc761ad3000-7fc761dd1000 rw-p 00000000 00:00 0 
7fc761dd1000-7fc761fd1000 rw-p 00000000 00:00 0 
7fc761fd1000-7fc7621d1000 rw-p 00000000 00:00 0 
7fc7621d1000-7fc7621d4000 ---p 00000000 00:00 0 
7fc7621d4000-7fc7622d2000 rw-p 00000000 00:00 0 
7fc7622d2000-7fc7622d5000 ---p 00000000 00:00 0 
7fc7622d5000-7fc7623d3000 rw-p 00000000 00:00 0 
7fc7623d3000-7fc7623d6000 ---p 00000000 00:00 0 
7fc7623d6000-7fc7626d4000 rw-p 00000000 00:00 0 
7fc7626d4000-7fc7628d4000 rw-p 00000000 00:00 0 
7fc7628d4000-7fc7628eb000 r-xp 00000000 08:06 2901593                    /lib/x86_64-linux-gnu/libresolv-2.23.so
7fc7628eb000-7fc762aeb000 ---p 00017000 08:06 2901593                    /lib/x86_64-linux-gnu/libresolv-2.23.so
7fc762aeb000-7fc762aec000 r--p 00017000 08:06 2901593                    /lib/x86_64-linux-gnu/libresolv-2.23.so
7fc762aec000-7fc762aed000 rw-p 00018000 08:06 2901593                    /lib/x86_64-linux-gnu/libresolv-2.23.so
7fc762aed000-7fc762aef000 rw-p 00000000 00:00 0 
7fc762aef000-7fc762af4000 r-xp 00000000 08:06 2901580                    /lib/x86_64-linux-gnu/libnss_dns-2.23.so
7fc762af4000-7fc762cf4000 ---p 00005000 08:06 2901580                    /lib/x86_64-linux-gnu/libnss_dns-2.23.so
7fc762cf4000-7fc762cf5000 r--p 00005000 08:06 2901580                    /lib/x86_64-linux-gnu/libnss_dns-2.23.so
7fc762cf5000-7fc762cf6000 rw-p 00006000 08:06 2901580                    /lib/x86_64-linux-gnu/libnss_dns-2.23.so
7fc762cf6000-7fc762cf8000 r-xp 00000000 08:06 2888723                    /lib/x86_64-linux-gnu/libnss_mdns4_minimal.so.2
7fc762cf8000-7fc762ef7000 ---p 00002000 08:06 2888723                    /lib/x86_64-linux-gnu/libnss_mdns4_minimal.so.2
7fc762ef7000-7fc762ef8000 r--p 00001000 08:06 2888723                    /lib/x86_64-linux-gnu/libnss_mdns4_minimal.so.2
7fc762ef8000-7fc762ef9000 rw-p 00002000 08:06 2888723                    /lib/x86_64-linux-gnu/libnss_mdns4_minimal.so.2
7fc762f01000-7fc762f14000 r--s 00346000 08:06 4495712                    /usr/lib/jvm/java-8-openjdk-amd64/jre/lib/resources.jar
7fc762f14000-7fc762f15000 r--s 0000b000 08:06 2520068                    /home/ukimiawz/RWTH/CAE-Model-Persistence-Service/service/i5.las2peer.services.modelPersistenceService-0.1.jar
7fc762f15000-7fc762f18000 ---p 00000000 00:00 0 
7fc762f18000-7fc763016000 rw-p 00000000 00:00 0 
7fc763016000-7fc763019000 ---p 00000000 00:00 0 
7fc763019000-7fc763117000 rw-p 00000000 00:00 0 
7fc763117000-7fc76311a000 ---p 00000000 00:00 0 
7fc76311a000-7fc763218000 rw-p 00000000 00:00 0 
7fc763218000-7fc76321b000 r--s 00026000 08:06 2514426                    /home/ukimiawz/RWTH/CAE-Model-Persistence-Service/lib/commons-dbcp2-2.0.jar
7fc76321b000-7fc763222000 r--s 0003f000 08:06 2519965                    /home/ukimiawz/RWTH/CAE-Model-Persistence-Service/lib/cglib-3.0.jar
7fc763222000-7fc763224000 r--s 00008000 08:06 2514416                    /home/ukimiawz/RWTH/CAE-Model-Persistence-Service/lib/asm-util-4.0.jar
7fc763224000-7fc763227000 r--s 00018000 08:06 2519884                    /home/ukimiawz/RWTH/CAE-Model-Persistence-Service/lib/commons-pool2-2.2.jar
7fc763227000-7fc76322a000 r--s 0000b000 08:06 2519993                    /home/ukimiawz/RWTH/CAE-Model-Persistence-Service/lib/jackson-annotations-2.8.0.jar
7fc76322a000-7fc76322b000 r--s 00005000 08:06 2520023                    /home/ukimiawz/RWTH/CAE-Model-Persistence-Service/lib/json-simple-1.1.1.jar
7fc76322b000-7fc76322d000 r--s 0000e000 08:06 2514436                    /home/ukimiawz/RWTH/CAE-Model-Persistence-Service/lib/commons-logging-1.1.3.jar
7fc76322d000-7fc76322f000 r--s 00004000 08:06 2514412                    /home/ukimiawz/RWTH/CAE-Model-Persistence-Service/lib/asm-tree-4.0.jar
7fc76322f000-7fc763234000 r--s 0003a000 08:06 2519883                    /home/ukimiawz/RWTH/CAE-Model-Persistence-Service/lib/oauth2-oidc-sdk-4.17.jar
7fc763234000-7fc763239000 r--s 00034000 08:06 2514414                    /home/ukimiawz/RWTH/CAE-Model-Persistence-Service/lib/nimbus-jose-jwt-4.0.jar
7fc763239000-7fc76323a000 r--s 00002000 08:06 2514401                    /home/ukimiawz/RWTH/CAE-Model-Persistence-Service/lib/lang-tag-1.4.jar
7fc76323a000-7fc76323b000 r--s 00000000 08:06 2519974                    /home/ukimiawz/RWTH/CAE-Model-Persistence-Service/lib/jcip-annotations-1.0.jar
7fc76323b000-7fc763242000 r--s 0005e000 08:06 2514451                    /home/ukimiawz/RWTH/CAE-Model-Persistence-Service/lib/commons-lang3-3.3.2.jar
7fc763242000-7fc763244000 r--s 0000e000 08:06 2514417                    /home/ukimiawz/RWTH/CAE-Model-Persistence-Service/lib/activation-1.1.jar
7fc763244000-7fc763245000 r--s 00006000 08:06 2514402                    /home/ukimiawz/RWTH/CAE-Model-Persistence-Service/lib/las2peer-web-connector-0.6.7.jar
7fc763245000-7fc763249000 r--s 0002a000 08:06 2514449                    /home/ukimiawz/RWTH/CAE-Model-Persistence-Service/lib/commons-io-2.4.jar
7fc763249000-7fc76324a000 r--s 00000000 08:06 2519973                    /home/ukimiawz/RWTH/CAE-Model-Persistence-Service/lib/semantic-check-response-0.1.jar
7fc76324a000-7fc76325b000 r--s 0011d000 08:06 2520016                    /home/ukimiawz/RWTH/CAE-Model-Persistence-Service/lib/jackson-databind-2.8.5.jar
7fc76325b000-7fc763262000 r--s 000a5000 08:06 2514421                    /home/ukimiawz/RWTH/CAE-Model-Persistence-Service/lib/mysql-connector-java-5.1.6.jar
7fc763262000-7fc763264000 r--s 0000a000 08:06 2514471                    /home/ukimiawz/RWTH/CAE-Model-Persistence-Service/lib/asm-4.0.jar
7fc763264000-7fc76326c000 r--s 00078000 08:06 2519897                    /home/ukimiawz/RWTH/CAE-Model-Persistence-Service/lib/mail-1.4.7.jar
7fc76326c000-7fc76326f000 r--s 00011000 08:06 2520027                    /home/ukimiawz/RWTH/CAE-Model-Persistence-Service/lib/json-smart-1.3.1.jar
7fc76326f000-7fc763270000 r--s 00003000 08:06 2519898                    /home/ukimiawz/RWTH/CAE-Model-Persistence-Service/lib/geronimo-jta_1.1_spec-1.1.1.jar
7fc763270000-7fc763274000 r--s 00041000 08:06 2520032                    /home/ukimiawz/RWTH/CAE-Model-Persistence-Service/lib/jackson-core-2.8.5.jar
7fc763274000-7fc763278000 r--s 0000c000 08:06 2519954                    /home/ukimiawz/RWTH/CAE-Model-Persistence-Service/lib/validation-api-1.1.0.Final.jar
7fc763278000-7fc76327b000 r--s 0001f000 08:06 2520017                    /home/ukimiawz/RWTH/CAE-Model-Persistence-Service/lib/swagger-models-1.5.10.jar
7fc76327b000-7fc76327c000 r--s 00001000 08:06 2520031                    /home/ukimiawz/RWTH/CAE-Model-Persistence-Service/lib/swagger-jersey2-jaxrs-1.5.10.jar
7fc76327c000-7fc76327e000 r--s 0000f000 08:06 2519995                    /home/ukimiawz/RWTH/CAE-Model-Persistence-Service/lib/swagger-jaxrs-1.5.10.jar
7fc76327e000-7fc763281000 r--s 00017000 08:06 2519991                    /home/ukimiawz/RWTH/CAE-Model-Persistence-Service/lib/swagger-core-1.5.10.jar
7fc763281000-7fc763285000 r--s 00024000 08:06 2519986                    /home/ukimiawz/RWTH/CAE-Model-Persistence-Service/lib/stax2-api-3.1.4.jar
7fc763285000-7fc76328c000 r--s 0003c000 08:06 2519994                    /home/ukimiawz/RWTH/CAE-Model-Persistence-Service/lib/snakeyaml-1.12.jar
7fc76328c000-7fc76328e000 r--s 00005000 08:06 2514447                    /home/ukimiawz/RWTH/CAE-Model-Persistence-Service/lib/slf4j-api-1.6.3.jar
7fc76328e000-7fc763291000 r--s 0001d000 08:06 2519958                    /home/ukimiawz/RWTH/CAE-Model-Persistence-Service/lib/reflections-0.9.10.jar
7fc763291000-7fc763293000 r--s 00009000 08:06 2519885                    /home/ukimiawz/RWTH/CAE-Model-Persistence-Service/lib/mimepull-1.8.jar
7fc763293000-7fc76329b000 r--s 00045000 08:06 2519957                    /home/ukimiawz/RWTH/CAE-Model-Persistence-Service/lib/junit-4.12.jar
7fc76329b000-7fc7632a4000 r-xp 00000000 08:06 4495690                    /usr/lib/jvm/java-8-openjdk-amd64/jre/lib/amd64/libmanagement.so
7fc7632a4000-7fc7634a3000 ---p 00009000 08:06 4495690                    /usr/lib/jvm/java-8-openjdk-amd64/jre/lib/amd64/libmanagement.so
7fc7634a3000-7fc7634a4000 r--p 00008000 08:06 4495690                    /usr/lib/jvm/java-8-openjdk-amd64/jre/lib/amd64/libmanagement.so
7fc7634a4000-7fc7634a5000 rw-p 00009000 08:06 4495690                    /usr/lib/jvm/java-8-openjdk-amd64/jre/lib/amd64/libmanagement.so
7fc7634a5000-7fc7634cd000 r-xp 00000000 08:06 4495689                    /usr/lib/jvm/java-8-openjdk-amd64/jre/lib/amd64/libsunec.so
7fc7634cd000-7fc7636cd000 ---p 00028000 08:06 4495689                    /usr/lib/jvm/java-8-openjdk-amd64/jre/lib/amd64/libsunec.so
7fc7636cd000-7fc7636d1000 r--p 00028000 08:06 4495689                    /usr/lib/jvm/java-8-openjdk-amd64/jre/lib/amd64/libsunec.so
7fc7636d1000-7fc7636d2000 rw-p 0002c000 08:06 4495689                    /usr/lib/jvm/java-8-openjdk-amd64/jre/lib/amd64/libsunec.so
7fc7636d2000-7fc7639d3000 rw-p 00000000 00:00 0 
7fc7639d3000-7fc7639ea000 r-xp 00000000 08:06 4495696                    /usr/lib/jvm/java-8-openjdk-amd64/jre/lib/amd64/libnet.so
7fc7639ea000-7fc763be9000 ---p 00017000 08:06 4495696                    /usr/lib/jvm/java-8-openjdk-amd64/jre/lib/amd64/libnet.so
7fc763be9000-7fc763bea000 r--p 00016000 08:06 4495696                    /usr/lib/jvm/java-8-openjdk-amd64/jre/lib/amd64/libnet.so
7fc763bea000-7fc763beb000 rw-p 00017000 08:06 4495696                    /usr/lib/jvm/java-8-openjdk-amd64/jre/lib/amd64/libnet.so
7fc763beb000-7fc763bfc000 r-xp 00000000 08:06 4495677                    /usr/lib/jvm/java-8-openjdk-amd64/jre/lib/amd64/libnio.so
7fc763bfc000-7fc763dfc000 ---p 00011000 08:06 4495677                    /usr/lib/jvm/java-8-openjdk-amd64/jre/lib/amd64/libnio.so
7fc763dfc000-7fc763dfd000 r--p 00011000 08:06 4495677                    /usr/lib/jvm/java-8-openjdk-amd64/jre/lib/amd64/libnio.so
7fc763dfd000-7fc763dfe000 rw-p 00012000 08:06 4495677                    /usr/lib/jvm/java-8-openjdk-amd64/jre/lib/amd64/libnio.so
7fc763dfe000-7fc763dff000 ---p 00000000 00:00 0 
7fc763dff000-7fc763eff000 rw-p 00000000 00:00 0 
7fc763eff000-7fc763f02000 ---p 00000000 00:00 0 
7fc763f02000-7fc764000000 rw-p 00000000 00:00 0 
7fc764000000-7fc765844000 rw-p 00000000 00:00 0 
7fc765844000-7fc768000000 ---p 00000000 00:00 0 
7fc768000000-7fc76ad4a000 rw-p 00000000 00:00 0 
7fc76ad4a000-7fc76c000000 ---p 00000000 00:00 0 
7fc76c000000-7fc76c021000 rw-p 00000000 00:00 0 
7fc76c021000-7fc770000000 ---p 00000000 00:00 0 
7fc770000000-7fc770021000 rw-p 00000000 00:00 0 
7fc770021000-7fc774000000 ---p 00000000 00:00 0 
7fc774000000-7fc77408a000 rw-p 00000000 00:00 0 
7fc77408a000-7fc778000000 ---p 00000000 00:00 0 
7fc778000000-7fc778021000 rw-p 00000000 00:00 0 
7fc778021000-7fc77c000000 ---p 00000000 00:00 0 
7fc77c000000-7fc77c021000 rw-p 00000000 00:00 0 
7fc77c021000-7fc780000000 ---p 00000000 00:00 0 
7fc780000000-7fc780021000 rw-p 00000000 00:00 0 
7fc780021000-7fc784000000 ---p 00000000 00:00 0 
7fc784000000-7fc784021000 rw-p 00000000 00:00 0 
7fc784021000-7fc788000000 ---p 00000000 00:00 0 
7fc788000000-7fc788001000 r--s 00004000 08:06 2520021                    /home/ukimiawz/RWTH/CAE-Model-Persistence-Service/lib/swagger-annotations-1.5.10.jar
7fc788001000-7fc788004000 r--s 0001b000 08:06 2519949                    /home/ukimiawz/RWTH/CAE-Model-Persistence-Service/lib/xpp3-1.1.4c.jar
7fc788004000-7fc788006000 r--s 00009000 08:06 2519950                    /home/ukimiawz/RWTH/CAE-Model-Persistence-Service/lib/hamcrest-core-1.3.jar
7fc788006000-7fc788038000 r--s 00291000 08:06 2519886                    /home/ukimiawz/RWTH/CAE-Model-Persistence-Service/lib/FreePastry-2.1.1.jar
7fc788038000-7fc78803d000 r--s 0009a000 08:06 4495671                    /usr/lib/jvm/java-8-openjdk-amd64/jre/lib/jsse.jar
7fc78803d000-7fc788043000 r--s 0005c000 08:06 2514448                    /home/ukimiawz/RWTH/CAE-Model-Persistence-Service/lib/las2peer-0.6.7.jar
7fc788043000-7fc788053000 r--s 0007d000 08:06 2519978                    /home/ukimiawz/RWTH/CAE-Model-Persistence-Service/lib/joda-time-2.2.jar
7fc788053000-7fc788069000 r--s 000d3000 08:06 2514425                    /home/ukimiawz/RWTH/CAE-Model-Persistence-Service/lib/jersey-server-2.23.2.jar
7fc788069000-7fc78806c000 ---p 00000000 00:00 0 
7fc78806c000-7fc78816a000 rw-p 00000000 00:00 0 
7fc78816a000-7fc7885c0000 r--p 00000000 08:06 4246003                    /usr/lib/locale/locale-archive
7fc7885c0000-7fc78c000000 rw-p 00000000 00:00 0 
7fc78c000000-7fc78c021000 rw-p 00000000 00:00 0 
7fc78c021000-7fc790000000 ---p 00000000 00:00 0 
7fc790000000-7fc790001000 r--s 00004000 08:06 2514458                    /home/ukimiawz/RWTH/CAE-Model-Persistence-Service/lib/osgi-resource-locator-1.0.1.jar
7fc790001000-7fc790004000 r--s 00015000 08:06 4495734                    /usr/lib/jvm/java-8-openjdk-amd64/jre/lib/jce.jar
7fc790004000-7fc790007000 r--s 0000d000 08:06 2519890                    /home/ukimiawz/RWTH/CAE-Model-Persistence-Service/lib/jersey-media-multipart-2.1.jar
7fc790007000-7fc790009000 r--s 00004000 08:06 2519896                    /home/ukimiawz/RWTH/CAE-Model-Persistence-Service/lib/jersey-media-json-jackson-2.23.2.jar
7fc790009000-7fc79000b000 r--s 00010000 08:06 2519977                    /home/ukimiawz/RWTH/CAE-Model-Persistence-Service/lib/jersey-media-jaxb-2.23.2.jar
7fc79000b000-7fc790023000 r--s 000d6000 08:06 2520026                    /home/ukimiawz/RWTH/CAE-Model-Persistence-Service/lib/jersey-guava-2.23.2.jar
7fc790023000-7fc790026000 r--s 0000f000 08:06 2519935                    /home/ukimiawz/RWTH/CAE-Model-Persistence-Service/lib/jersey-entity-filtering-2.23.2.jar
7fc790026000-7fc790028000 r--s 0000b000 08:06 2514413                    /home/ukimiawz/RWTH/CAE-Model-Persistence-Service/lib/jersey-container-servlet-core-2.1.jar
7fc790028000-7fc79002d000 r--s 00025000 08:06 2514424                    /home/ukimiawz/RWTH/CAE-Model-Persistence-Service/lib/jersey-client-2.23.2.jar
7fc79002d000-7fc790031000 r--s 00019000 08:06 2514423                    /home/ukimiawz/RWTH/CAE-Model-Persistence-Service/lib/javax.ws.rs-api-2.0.1.jar
7fc790031000-7fc790032000 r--s 00001000 08:06 2514457                    /home/ukimiawz/RWTH/CAE-Model-Persistence-Service/lib/javax.inject-2.5.0-b05.jar
7fc790032000-7fc790034000 r--s 00005000 08:06 2519959                    /home/ukimiawz/RWTH/CAE-Model-Persistence-Service/lib/javax.annotation-api-1.2.jar
7fc790034000-7fc79003e000 r--s 000ae000 08:06 2520033                    /home/ukimiawz/RWTH/CAE-Model-Persistence-Service/lib/javassist-3.20.0-GA.jar
7fc79003e000-7fc790040000 r--s 00003000 08:06 2520030                    /home/ukimiawz/RWTH/CAE-Model-Persistence-Service/lib/jackson-jaxrs-json-provider-2.5.4.jar
7fc790040000-7fc790042000 r--s 00006000 08:06 2520020                    /home/ukimiawz/RWTH/CAE-Model-Persistence-Service/lib/jackson-jaxrs-base-2.5.4.jar
7fc790042000-7fc790044000 r--s 0000c000 08:06 2520029                    /home/ukimiawz/RWTH/CAE-Model-Persistence-Service/lib/jackson-datatype-joda-2.4.5.jar
7fc790044000-7fc79004d000 r--s 00046000 08:06 2520022                    /home/ukimiawz/RWTH/CAE-Model-Persistence-Service/lib/jackson-dataformat-yaml-2.4.5.jar
7fc79004d000-7fc790050000 r--s 00014000 08:06 2520025                    /home/ukimiawz/RWTH/CAE-Model-Persistence-Service/lib/jackson-dataformat-xml-2.4.5.jar
7fc790050000-7fc790054000 r--s 0001a000 08:06 2519948                    /home/ukimiawz/RWTH/CAE-Model-Persistence-Service/lib/hk2-utils-2.5.0-b05.jar
7fc790054000-7fc790057000 r--s 0002a000 08:06 2514398                    /home/ukimiawz/RWTH/CAE-Model-Persistence-Service/lib/hk2-locator-2.5.0-b05.jar
7fc790057000-7fc79005c000 r--s 00027000 08:06 2519946                    /home/ukimiawz/RWTH/CAE-Model-Persistence-Service/lib/hk2-api-2.5.0-b05.jar
7fc79005c000-7fc790087000 r--s 001fc000 08:06 2520028                    /home/ukimiawz/RWTH/CAE-Model-Persistence-Service/lib/guava-18.0.jar
7fc790087000-7fc79008b000 r--s 0000f000 08:06 2514459                    /home/ukimiawz/RWTH/CAE-Model-Persistence-Service/lib/annotations-2.0.1.jar
7fc79008b000-7fc79009a000 r--s 000a0000 08:06 2514435                    /home/ukimiawz/RWTH/CAE-Model-Persistence-Service/lib/jersey-common-2.23.2.jar
7fc79009a000-7fc7900b5000 r--s 00394000 08:06 4489088                    /usr/lib/jvm/java-8-openjdk-amd64/jre/lib/ext/cldrdata.jar
7fc7900b5000-7fc7900d0000 r--s 001d6000 08:06 4489089                    /usr/lib/jvm/java-8-openjdk-amd64/jre/lib/ext/nashorn.jar
7fc7900d0000-7fc7900d3000 ---p 00000000 00:00 0 
7fc7900d3000-7fc7901d1000 rw-p 00000000 00:00 0 
7fc7901d1000-7fc7901d4000 ---p 00000000 00:00 0 
7fc7901d4000-7fc7902d2000 rw-p 00000000 00:00 0 
7fc7902d2000-7fc7902d5000 ---p 00000000 00:00 0 
7fc7902d5000-7fc7903d3000 rw-p 00000000 00:00 0 
7fc7903d3000-7fc7903d6000 ---p 00000000 00:00 0 
7fc7903d6000-7fc7904d4000 rw-p 00000000 00:00 0 
7fc7904d4000-7fc7904d7000 ---p 00000000 00:00 0 
7fc7904d7000-7fc7905d5000 rw-p 00000000 00:00 0 
7fc7905d5000-7fc7905d6000 ---p 00000000 00:00 0 
7fc7905d6000-7fc791000000 rw-p 00000000 00:00 0 
7fc791000000-7fc792560000 rwxp 00000000 00:00 0 
7fc792560000-7fc7a0000000 ---p 00000000 00:00 0 
7fc7a0000000-7fc7a0ac5000 rw-p 00000000 00:00 0 
7fc7a0ac5000-7fc7a4000000 ---p 00000000 00:00 0 
7fc7a4000000-7fc7a4001000 r--s 00007000 08:06 2520024                    /home/ukimiawz/RWTH/CAE-Model-Persistence-Service/lib/jackson-module-jaxb-annotations-2.5.4.jar
7fc7a4001000-7fc7a4003000 r--s 00002000 08:06 2519945                    /home/ukimiawz/RWTH/CAE-Model-Persistence-Service/lib/aopalliance-repackaged-2.5.0-b05.jar
7fc7a4003000-7fc7a4004000 r--s 00002000 08:06 2519947                    /home/ukimiawz/RWTH/CAE-Model-Persistence-Service/lib/las2peer-rest-mapper-0.6.7.jar
7fc7a4004000-7fc7a46bb000 rw-p 00000000 00:00 0 
7fc7a46bb000-7fc7a4889000 r--s 03c13000 08:06 4489087                    /usr/lib/jvm/java-8-openjdk-amd64/jre/lib/rt.jar
7fc7a4889000-7fc7a54a3000 rw-p 00000000 00:00 0 
7fc7a54a3000-7fc7a54a4000 ---p 00000000 00:00 0 
7fc7a54a4000-7fc7a55a4000 rw-p 00000000 00:00 0 
7fc7a55a4000-7fc7a55a5000 ---p 00000000 00:00 0 
7fc7a55a5000-7fc7a56a5000 rw-p 00000000 00:00 0 
7fc7a56a5000-7fc7a56a6000 ---p 00000000 00:00 0 
7fc7a56a6000-7fc7a57a6000 rw-p 00000000 00:00 0 
7fc7a57a6000-7fc7a57a7000 ---p 00000000 00:00 0 
7fc7a57a7000-7fc7a58c5000 rw-p 00000000 00:00 0 
7fc7a58c5000-7fc7a5b15000 ---p 00000000 00:00 0 
7fc7a5b15000-7fc7a5b33000 rw-p 00000000 00:00 0 
7fc7a5b33000-7fc7a5d82000 ---p 00000000 00:00 0 
7fc7a5d82000-7fc7a5d94000 rw-p 00000000 00:00 0 
7fc7a5d94000-7fc7a5eb9000 ---p 00000000 00:00 0 
7fc7a5eb9000-7fc7a5f10000 rw-p 00000000 00:00 0 
7fc7a5f10000-7fc7a627a000 ---p 00000000 00:00 0 
7fc7a627a000-7fc7a6282000 r-xp 00000000 08:06 4495687                    /usr/lib/jvm/java-8-openjdk-amd64/jre/lib/amd64/libzip.so
7fc7a6282000-7fc7a6481000 ---p 00008000 08:06 4495687                    /usr/lib/jvm/java-8-openjdk-amd64/jre/lib/amd64/libzip.so
7fc7a6481000-7fc7a6482000 r--p 00007000 08:06 4495687                    /usr/lib/jvm/java-8-openjdk-amd64/jre/lib/amd64/libzip.so
7fc7a6482000-7fc7a6483000 rw-p 00008000 08:06 4495687                    /usr/lib/jvm/java-8-openjdk-amd64/jre/lib/amd64/libzip.so
7fc7a6483000-7fc7a648e000 r-xp 00000000 08:06 2901582                    /lib/x86_64-linux-gnu/libnss_files-2.23.so
7fc7a648e000-7fc7a668d000 ---p 0000b000 08:06 2901582                    /lib/x86_64-linux-gnu/libnss_files-2.23.so
7fc7a668d000-7fc7a668e000 r--p 0000a000 08:06 2901582                    /lib/x86_64-linux-gnu/libnss_files-2.23.so
7fc7a668e000-7fc7a668f000 rw-p 0000b000 08:06 2901582                    /lib/x86_64-linux-gnu/libnss_files-2.23.so
7fc7a668f000-7fc7a6695000 rw-p 00000000 00:00 0 
7fc7a6695000-7fc7a66a0000 r-xp 00000000 08:06 2901585                    /lib/x86_64-linux-gnu/libnss_nis-2.23.so
7fc7a66a0000-7fc7a689f000 ---p 0000b000 08:06 2901585                    /lib/x86_64-linux-gnu/libnss_nis-2.23.so
7fc7a689f000-7fc7a68a0000 r--p 0000a000 08:06 2901585                    /lib/x86_64-linux-gnu/libnss_nis-2.23.so
7fc7a68a0000-7fc7a68a1000 rw-p 0000b000 08:06 2901585                    /lib/x86_64-linux-gnu/libnss_nis-2.23.so
7fc7a68a1000-7fc7a68b7000 r-xp 00000000 08:06 2901578                    /lib/x86_64-linux-gnu/libnsl-2.23.so
7fc7a68b7000-7fc7a6ab6000 ---p 00016000 08:06 2901578                    /lib/x86_64-linux-gnu/libnsl-2.23.so
7fc7a6ab6000-7fc7a6ab7000 r--p 00015000 08:06 2901578                    /lib/x86_64-linux-gnu/libnsl-2.23.so
7fc7a6ab7000-7fc7a6ab8000 rw-p 00016000 08:06 2901578                    /lib/x86_64-linux-gnu/libnsl-2.23.so
7fc7a6ab8000-7fc7a6aba000 rw-p 00000000 00:00 0 
7fc7a6aba000-7fc7a6ac2000 r-xp 00000000 08:06 2901591                    /lib/x86_64-linux-gnu/libnss_compat-2.23.so
7fc7a6ac2000-7fc7a6cc1000 ---p 00008000 08:06 2901591                    /lib/x86_64-linux-gnu/libnss_compat-2.23.so
7fc7a6cc1000-7fc7a6cc2000 r--p 00007000 08:06 2901591                    /lib/x86_64-linux-gnu/libnss_compat-2.23.so
7fc7a6cc2000-7fc7a6cc3000 rw-p 00008000 08:06 2901591                    /lib/x86_64-linux-gnu/libnss_compat-2.23.so
7fc7a6cc3000-7fc7a6cf0000 r-xp 00000000 08:06 4495702                    /usr/lib/jvm/java-8-openjdk-amd64/jre/lib/amd64/libjava.so
7fc7a6cf0000-7fc7a6eef000 ---p 0002d000 08:06 4495702                    /usr/lib/jvm/java-8-openjdk-amd64/jre/lib/amd64/libjava.so
7fc7a6eef000-7fc7a6ef0000 r--p 0002c000 08:06 4495702                    /usr/lib/jvm/java-8-openjdk-amd64/jre/lib/amd64/libjava.so
7fc7a6ef0000-7fc7a6ef2000 rw-p 0002d000 08:06 4495702                    /usr/lib/jvm/java-8-openjdk-amd64/jre/lib/amd64/libjava.so
7fc7a6ef2000-7fc7a6f01000 r-xp 00000000 08:06 4495681                    /usr/lib/jvm/java-8-openjdk-amd64/jre/lib/amd64/libverify.so
7fc7a6f01000-7fc7a7100000 ---p 0000f000 08:06 4495681                    /usr/lib/jvm/java-8-openjdk-amd64/jre/lib/amd64/libverify.so
7fc7a7100000-7fc7a7102000 r--p 0000e000 08:06 4495681                    /usr/lib/jvm/java-8-openjdk-amd64/jre/lib/amd64/libverify.so
7fc7a7102000-7fc7a7103000 rw-p 00010000 08:06 4495681                    /usr/lib/jvm/java-8-openjdk-amd64/jre/lib/amd64/libverify.so
7fc7a7103000-7fc7a710a000 r-xp 00000000 08:06 2901587                    /lib/x86_64-linux-gnu/librt-2.23.so
7fc7a710a000-7fc7a7309000 ---p 00007000 08:06 2901587                    /lib/x86_64-linux-gnu/librt-2.23.so
7fc7a7309000-7fc7a730a000 r--p 00006000 08:06 2901587                    /lib/x86_64-linux-gnu/librt-2.23.so
7fc7a730a000-7fc7a730b000 rw-p 00007000 08:06 2901587                    /lib/x86_64-linux-gnu/librt-2.23.so
7fc7a730b000-7fc7a7321000 r-xp 00000000 08:06 2888656                    /lib/x86_64-linux-gnu/libgcc_s.so.1
7fc7a7321000-7fc7a7520000 ---p 00016000 08:06 2888656                    /lib/x86_64-linux-gnu/libgcc_s.so.1
7fc7a7520000-7fc7a7521000 rw-p 00015000 08:06 2888656                    /lib/x86_64-linux-gnu/libgcc_s.so.1
7fc7a7521000-7fc7a7629000 r-xp 00000000 08:06 2901596                    /lib/x86_64-linux-gnu/libm-2.23.so
7fc7a7629000-7fc7a7828000 ---p 00108000 08:06 2901596                    /lib/x86_64-linux-gnu/libm-2.23.so
7fc7a7828000-7fc7a7829000 r--p 00107000 08:06 2901596                    /lib/x86_64-linux-gnu/libm-2.23.so
7fc7a7829000-7fc7a782a000 rw-p 00108000 08:06 2901596                    /lib/x86_64-linux-gnu/libm-2.23.so
7fc7a782a000-7fc7a799c000 r-xp 00000000 08:06 4196481                    /usr/lib/x86_64-linux-gnu/libstdc++.so.6.0.21
7fc7a799c000-7fc7a7b9c000 ---p 00172000 08:06 4196481                    /usr/lib/x86_64-linux-gnu/libstdc++.so.6.0.21
7fc7a7b9c000-7fc7a7ba6000 r--p 00172000 08:06 4196481                    /usr/lib/x86_64-linux-gnu/libstdc++.so.6.0.21
7fc7a7ba6000-7fc7a7ba8000 rw-p 0017c000 08:06 4196481                    /usr/lib/x86_64-linux-gnu/libstdc++.so.6.0.21
7fc7a7ba8000-7fc7a7bac000 rw-p 00000000 00:00 0 
7fc7a7bac000-7fc7a8800000 r-xp 00000000 08:06 4495686                    /usr/lib/jvm/java-8-openjdk-amd64/jre/lib/amd64/server/libjvm.so
7fc7a8800000-7fc7a8a00000 ---p 00c54000 08:06 4495686                    /usr/lib/jvm/java-8-openjdk-amd64/jre/lib/amd64/server/libjvm.so
7fc7a8a00000-7fc7a8a93000 r--p 00c54000 08:06 4495686                    /usr/lib/jvm/java-8-openjdk-amd64/jre/lib/amd64/server/libjvm.so
7fc7a8a93000-7fc7a8abc000 rw-p 00ce7000 08:06 4495686                    /usr/lib/jvm/java-8-openjdk-amd64/jre/lib/amd64/server/libjvm.so
7fc7a8abc000-7fc7a8aec000 rw-p 00000000 00:00 0 
7fc7a8aec000-7fc7a8b04000 r-xp 00000000 08:06 2901584                    /lib/x86_64-linux-gnu/libpthread-2.23.so
7fc7a8b04000-7fc7a8d03000 ---p 00018000 08:06 2901584                    /lib/x86_64-linux-gnu/libpthread-2.23.so
7fc7a8d03000-7fc7a8d04000 r--p 00017000 08:06 2901584                    /lib/x86_64-linux-gnu/libpthread-2.23.so
7fc7a8d04000-7fc7a8d05000 rw-p 00018000 08:06 2901584                    /lib/x86_64-linux-gnu/libpthread-2.23.so
7fc7a8d05000-7fc7a8d09000 rw-p 00000000 00:00 0 
7fc7a8d09000-7fc7a8d0c000 r-xp 00000000 08:06 2901590                    /lib/x86_64-linux-gnu/libdl-2.23.so
7fc7a8d0c000-7fc7a8f0b000 ---p 00003000 08:06 2901590                    /lib/x86_64-linux-gnu/libdl-2.23.so
7fc7a8f0b000-7fc7a8f0c000 r--p 00002000 08:06 2901590                    /lib/x86_64-linux-gnu/libdl-2.23.so
7fc7a8f0c000-7fc7a8f0d000 rw-p 00003000 08:06 2901590                    /lib/x86_64-linux-gnu/libdl-2.23.so
7fc7a8f0d000-7fc7a8f26000 r-xp 00000000 08:06 2906478                    /lib/x86_64-linux-gnu/libz.so.1.2.8
7fc7a8f26000-7fc7a9125000 ---p 00019000 08:06 2906478                    /lib/x86_64-linux-gnu/libz.so.1.2.8
7fc7a9125000-7fc7a9126000 r--p 00018000 08:06 2906478                    /lib/x86_64-linux-gnu/libz.so.1.2.8
7fc7a9126000-7fc7a9127000 rw-p 00019000 08:06 2906478                    /lib/x86_64-linux-gnu/libz.so.1.2.8
7fc7a9127000-7fc7a92e7000 r-xp 00000000 08:06 2901601                    /lib/x86_64-linux-gnu/libc-2.23.so
7fc7a92e7000-7fc7a94e7000 ---p 001c0000 08:06 2901601                    /lib/x86_64-linux-gnu/libc-2.23.so
7fc7a94e7000-7fc7a94eb000 r--p 001c0000 08:06 2901601                    /lib/x86_64-linux-gnu/libc-2.23.so
7fc7a94eb000-7fc7a94ed000 rw-p 001c4000 08:06 2901601                    /lib/x86_64-linux-gnu/libc-2.23.so
7fc7a94ed000-7fc7a94f1000 rw-p 00000000 00:00 0 
7fc7a94f1000-7fc7a94fe000 r-xp 00000000 08:06 4495679                    /usr/lib/jvm/java-8-openjdk-amd64/jre/lib/amd64/jli/libjli.so
7fc7a94fe000-7fc7a96fe000 ---p 0000d000 08:06 4495679                    /usr/lib/jvm/java-8-openjdk-amd64/jre/lib/amd64/jli/libjli.so
7fc7a96fe000-7fc7a96ff000 r--p 0000d000 08:06 4495679                    /usr/lib/jvm/java-8-openjdk-amd64/jre/lib/amd64/jli/libjli.so
7fc7a96ff000-7fc7a9700000 rw-p 0000e000 08:06 4495679                    /usr/lib/jvm/java-8-openjdk-amd64/jre/lib/amd64/jli/libjli.so
7fc7a9700000-7fc7a9726000 r-xp 00000000 08:06 2901579                    /lib/x86_64-linux-gnu/ld-2.23.so
7fc7a9726000-7fc7a972d000 r--s 0002f000 08:06 2519929                    /home/ukimiawz/RWTH/CAE-Model-Persistence-Service/lib/jaxp-api-1.4.5.jar
7fc7a972d000-7fc7a972e000 r--s 00000000 08:06 2519971                    /home/ukimiawz/RWTH/CAE-Model-Persistence-Service/lib/cae-simple-model-representation-0.3.jar
7fc7a972e000-7fc7a9738000 r--s 00116000 08:06 4489090                    /usr/lib/jvm/java-8-openjdk-amd64/jre/lib/ext/localedata.jar
7fc7a9738000-7fc7a9801000 rw-p 00000000 00:00 0 
7fc7a9801000-7fc7a9804000 ---p 00000000 00:00 0 
7fc7a9804000-7fc7a9907000 rw-p 00000000 00:00 0 
7fc7a9907000-7fc7a9908000 r--s 0000a000 08:06 4489093                    /usr/lib/jvm/java-8-openjdk-amd64/jre/lib/ext/jaccess.jar
7fc7a9908000-7fc7a990b000 r--s 0000f000 08:06 4489095                    /usr/lib/jvm/java-8-openjdk-amd64/jre/lib/ext/icedtea-sound.jar
7fc7a990b000-7fc7a990f000 r--s 00037000 08:06 4489091                    /usr/lib/jvm/java-8-openjdk-amd64/jre/lib/ext/sunpkcs11.jar
7fc7a990f000-7fc7a9911000 r--s 00008000 08:06 4489208                    /usr/lib/jvm/java-8-openjdk-amd64/jre/lib/ext/sunec.jar
7fc7a9911000-7fc7a9916000 r--s 0003b000 08:06 4489094                    /usr/lib/jvm/java-8-openjdk-amd64/jre/lib/ext/sunjce_provider.jar
7fc7a9916000-7fc7a9917000 r--s 00010000 08:06 4495669                    /usr/lib/jvm/java-8-openjdk-amd64/jre/lib/ext/zipfs.jar
7fc7a9917000-7fc7a9919000 r--s 00001000 08:06 4489092                    /usr/lib/jvm/java-8-openjdk-amd64/jre/lib/ext/dnsns.jar
7fc7a9919000-7fc7a9921000 rw-s 00000000 08:06 697246                     /tmp/hsperfdata_root/21423
7fc7a9921000-7fc7a9922000 rw-p 00000000 00:00 0 
7fc7a9922000-7fc7a9923000 r--p 00000000 00:00 0 
7fc7a9923000-7fc7a9925000 rw-p 00000000 00:00 0 
7fc7a9925000-7fc7a9926000 r--p 00025000 08:06 2901579                    /lib/x86_64-linux-gnu/ld-2.23.so
7fc7a9926000-7fc7a9927000 rw-p 00026000 08:06 2901579                    /lib/x86_64-linux-gnu/ld-2.23.so
7fc7a9927000-7fc7a9928000 rw-p 00000000 00:00 0 
7ffed21d6000-7ffed21f7000 rw-p 00000000 00:00 0                          [stack]
7ffed21fc000-7ffed21fe000 r--p 00000000 00:00 0                          [vvar]
7ffed21fe000-7ffed2200000 r-xp 00000000 00:00 0                          [vdso]
ffffffffff600000-ffffffffff601000 r-xp 00000000 00:00 0                  [vsyscall]

VM Arguments:
java_command: i5.las2peer.tools.L2pNodeLauncher -p 9011 uploadStartupDirectory('etc/startup') startService('i5.las2peer.services.modelPersistenceService.ModelPersistenceService@0.1') startWebConnector interactive
java_class_path (initial): lib/jersey-common-2.23.2.jar:lib/cae-simple-model-representation-0.3.jar:lib/jaxp-api-1.4.5.jar:lib/las2peer-rest-mapper-0.6.7.jar:lib/jackson-core-2.8.5.jar:lib/jersey-container-servlet-core-2.1.jar:lib/las2peer-0.6.7.jar:lib/geronimo-jta_1.1_spec-1.1.1.jar:lib/json-smart-1.3.1.jar:lib/jersey-media-json-jackson-2.23.2.jar:lib/mail-1.4.7.jar:lib/jackson-module-jaxb-annotations-2.5.4.jar:lib/asm-4.0.jar:lib/mysql-connector-java-5.1.6.jar:lib/jersey-media-jaxb-2.23.2.jar:lib/jackson-databind-2.8.5.jar:lib/mimepull-1.8.jar:lib/jackson-dataformat-yaml-2.4.5.jar:lib/joda-time-2.2.jar:lib/FreePastry-2.1.1.jar:lib/jersey-media-multipart-2.1.jar:lib/semantic-check-response-0.1.jar:lib/stax2-api-3.1.4.jar:lib/commons-io-2.4.jar:lib/jackson-datatype-joda-2.4.5.jar:lib/hamcrest-core-1.3.jar:lib/las2peer-web-connector-0.6.7.jar:lib/jersey-client-2.23.2.jar:lib/osgi-resource-locator-1.0.1.jar:lib/asm-tree-4.0.jar:lib/javax.ws.rs-api-2.0.1.jar:lib/junit-4.12.jar:lib/hk2-utils-2.5.0-b05.jar:lib/nimbus-jose-jwt-4.0.jar:lib/commons-logging-1.1.3.jar:lib/jersey-server-2.23.2.jar:lib/annotations-2.0.1.jar:lib/commons-lang3-3.3.2.jar:lib/swagger-core-1.5.10.jar:lib/aopalliance-repackaged-2.5.0-b05.jar:lib/javax.annotation-api-1.2.jar:lib/guava-18.0.jar:lib/javassist-3.20.0-GA.jar:lib/lang-tag-1.4.jar:lib/jcip-annotations-1.0.jar:lib/swagger-jaxrs-1.5.10.jar:lib/jersey-entity-filtering-2.23.2.jar:lib/json-simple-1.1.1.jar:lib/validation-api-1.1.0.Final.jar:lib/jackson-jaxrs-json-provider-2.5.4.jar:lib/javax.inject-2.5.0-b05.jar:lib/swagger-annotations-1.5.10.jar:lib/jackson-annotations-2.8.0.jar:lib/swagger-models-1.5.10.jar:lib/jackson-jaxrs-base-2.5.4.jar:lib/slf4j-api-1.6.3.jar:lib/oauth2-oidc-sdk-4.17.jar:lib/swagger-jersey2-jaxrs-1.5.10.jar:lib/reflections-0.9.10.jar:lib/hk2-api-2.5.0-b05.jar:lib/snakeyaml-1.12.jar:lib/jackson-dataformat-xml-2.4.5.jar:lib/commons-pool2-2.2.jar:lib/activation-1.1.jar:lib/jersey-guava-2.23.2.jar:lib/xpp3-1.1.4c.jar:lib/as
Launcher Type: SUN_STANDARD

Environment Variables:
JAVA_HOME=/usr/lib/jvm/java-8-openjdk-amd64
PATH=/usr/local/sbin:/usr/local/bin:/usr/sbin:/usr/bin:/sbin:/bin:/snap/bin
USERNAME=root
SHELL=/bin/bash
DISPLAY=:0

Signal Handlers:
SIGSEGV: [libjvm.so+0xa6ad10], sa_mask[0]=11111111011111111101111111111110, sa_flags=SA_RESTART|SA_SIGINFO
SIGBUS: [libjvm.so+0xa6ad10], sa_mask[0]=11111111011111111101111111111110, sa_flags=SA_RESTART|SA_SIGINFO
SIGFPE: [libjvm.so+0x8b3bc0], sa_mask[0]=11111111011111111101111111111110, sa_flags=SA_RESTART|SA_SIGINFO
SIGPIPE: [libjvm.so+0x8b3bc0], sa_mask[0]=11111111011111111101111111111110, sa_flags=SA_RESTART|SA_SIGINFO
SIGXFSZ: [libjvm.so+0x8b3bc0], sa_mask[0]=11111111011111111101111111111110, sa_flags=SA_RESTART|SA_SIGINFO
SIGILL: [libjvm.so+0x8b3bc0], sa_mask[0]=11111111011111111101111111111110, sa_flags=SA_RESTART|SA_SIGINFO
SIGUSR1: SIG_DFL, sa_mask[0]=00000000000000000000000000000000, sa_flags=none
SIGUSR2: [libjvm.so+0x8b3a70], sa_mask[0]=00000000000000000000000000000000, sa_flags=SA_RESTART|SA_SIGINFO
SIGHUP: [libjvm.so+0x8b3f40], sa_mask[0]=11111111011111111101111111111110, sa_flags=SA_RESTART|SA_SIGINFO
SIGINT: [libjvm.so+0x8b3f40], sa_mask[0]=11111111011111111101111111111110, sa_flags=SA_RESTART|SA_SIGINFO
SIGTERM: [libjvm.so+0x8b3f40], sa_mask[0]=11111111011111111101111111111110, sa_flags=SA_RESTART|SA_SIGINFO
SIGQUIT: [libjvm.so+0x8b3f40], sa_mask[0]=11111111011111111101111111111110, sa_flags=SA_RESTART|SA_SIGINFO


---------------  S Y S T E M  ---------------

OS:DISTRIB_ID=Ubuntu
DISTRIB_RELEASE=16.04
DISTRIB_CODENAME=xenial
DISTRIB_DESCRIPTION="Ubuntu 16.04.2 LTS"

uname:Linux 4.4.0-93-generic #116-Ubuntu SMP Fri Aug 11 21:17:51 UTC 2017 x86_64
libc:glibc 2.23 NPTL 2.23 
rlimit: STACK 8192k, CORE 0k, NPROC 29656, NOFILE 65536, AS infinity
load average:3,51 3,58 3,06

/proc/meminfo:
MemTotal:        7632580 kB
MemFree:          520892 kB
MemAvailable:     656732 kB
Buffers:           39684 kB
Cached:           829116 kB
SwapCached:        25204 kB
Active:          5252700 kB
Inactive:        1453396 kB
Active(anon):    5090784 kB
Inactive(anon):  1287712 kB
Active(file):     161916 kB
Inactive(file):   165684 kB
Unevictable:         764 kB
Mlocked:             764 kB
SwapTotal:       7854076 kB
SwapFree:        2761312 kB
Dirty:              6844 kB
Writeback:             0 kB
AnonPages:       5825324 kB
Mapped:           452132 kB
Shmem:            540416 kB
Slab:             131140 kB
SReclaimable:      59796 kB
SUnreclaim:        71344 kB
KernelStack:       22880 kB
PageTables:       117068 kB
NFS_Unstable:          0 kB
Bounce:                0 kB
WritebackTmp:          0 kB
CommitLimit:    11670364 kB
Committed_AS:   24979848 kB
VmallocTotal:   34359738367 kB
VmallocUsed:           0 kB
VmallocChunk:          0 kB
HardwareCorrupted:     0 kB
AnonHugePages:   1441792 kB
CmaTotal:              0 kB
CmaFree:               0 kB
HugePages_Total:       0
HugePages_Free:        0
HugePages_Rsvd:        0
HugePages_Surp:        0
Hugepagesize:       2048 kB
DirectMap4k:      348952 kB
DirectMap2M:     7491584 kB
DirectMap1G:     1048576 kB


CPU:total 4 (initial active 4) (2 cores per cpu, 2 threads per core) family 6 model 78 stepping 3, cmov, cx8, fxsr, mmx, sse, sse2, sse3, ssse3, sse4.1, sse4.2, popcnt, avx, avx2, aes, clmul, erms, 3dnowpref, lzcnt, ht, tsc, tscinvbit, bmi1, bmi2, adx

/proc/cpuinfo:
processor	: 0
vendor_id	: GenuineIntel
cpu family	: 6
model		: 78
model name	: Intel(R) Core(TM) i5-6200U CPU @ 2.30GHz
stepping	: 3
microcode	: 0x9e
cpu MHz		: 1842.093
cache size	: 3072 KB
physical id	: 0
siblings	: 4
core id		: 0
cpu cores	: 2
apicid		: 0
initial apicid	: 0
fpu		: yes
fpu_exception	: yes
cpuid level	: 22
wp		: yes
flags		: fpu vme de pse tsc msr pae mce cx8 apic sep mtrr pge mca cmov pat pse36 clflush dts acpi mmx fxsr sse sse2 ss ht tm pbe syscall nx pdpe1gb rdtscp lm constant_tsc art arch_perfmon pebs bts rep_good nopl xtopology nonstop_tsc aperfmperf eagerfpu pni pclmulqdq dtes64 monitor ds_cpl vmx est tm2 ssse3 sdbg fma cx16 xtpr pdcm pcid sse4_1 sse4_2 x2apic movbe popcnt tsc_deadline_timer aes xsave avx f16c rdrand lahf_lm abm 3dnowprefetch epb intel_pt tpr_shadow vnmi flexpriority ept vpid fsgsbase tsc_adjust bmi1 avx2 smep bmi2 erms invpcid mpx rdseed adx smap clflushopt xsaveopt xsavec xgetbv1 dtherm ida arat pln pts hwp hwp_notify hwp_act_window hwp_epp
bugs		:
bogomips	: 4800.43
clflush size	: 64
cache_alignment	: 64
address sizes	: 39 bits physical, 48 bits virtual
power management:

processor	: 1
vendor_id	: GenuineIntel
cpu family	: 6
model		: 78
model name	: Intel(R) Core(TM) i5-6200U CPU @ 2.30GHz
stepping	: 3
microcode	: 0x9e
cpu MHz		: 1837.968
cache size	: 3072 KB
physical id	: 0
siblings	: 4
core id		: 1
cpu cores	: 2
apicid		: 2
initial apicid	: 2
fpu		: yes
fpu_exception	: yes
cpuid level	: 22
wp		: yes
flags		: fpu vme de pse tsc msr pae mce cx8 apic sep mtrr pge mca cmov pat pse36 clflush dts acpi mmx fxsr sse sse2 ss ht tm pbe syscall nx pdpe1gb rdtscp lm constant_tsc art arch_perfmon pebs bts rep_good nopl xtopology nonstop_tsc aperfmperf eagerfpu pni pclmulqdq dtes64 monitor ds_cpl vmx est tm2 ssse3 sdbg fma cx16 xtpr pdcm pcid sse4_1 sse4_2 x2apic movbe popcnt tsc_deadline_timer aes xsave avx f16c rdrand lahf_lm abm 3dnowprefetch epb intel_pt tpr_shadow vnmi flexpriority ept vpid fsgsbase tsc_adjust bmi1 avx2 smep bmi2 erms invpcid mpx rdseed adx smap clflushopt xsaveopt xsavec xgetbv1 dtherm ida arat pln pts hwp hwp_notify hwp_act_window hwp_epp
bugs		:
bogomips	: 4800.43
clflush size	: 64
cache_alignment	: 64
address sizes	: 39 bits physical, 48 bits virtual
power management:

processor	: 2
vendor_id	: GenuineIntel
cpu family	: 6
model		: 78
model name	: Intel(R) Core(TM) i5-6200U CPU @ 2.30GHz
stepping	: 3
microcode	: 0x9e
cpu MHz		: 1872.562
cache size	: 3072 KB
physical id	: 0
siblings	: 4
core id		: 0
cpu cores	: 2
apicid		: 1
initial apicid	: 1
fpu		: yes
fpu_exception	: yes
cpuid level	: 22
wp		: yes
flags		: fpu vme de pse tsc msr pae mce cx8 apic sep mtrr pge mca cmov pat pse36 clflush dts acpi mmx fxsr sse sse2 ss ht tm pbe syscall nx pdpe1gb rdtscp lm constant_tsc art arch_perfmon pebs bts rep_good nopl xtopology nonstop_tsc aperfmperf eagerfpu pni pclmulqdq dtes64 monitor ds_cpl vmx est tm2 ssse3 sdbg fma cx16 xtpr pdcm pcid sse4_1 sse4_2 x2apic movbe popcnt tsc_deadline_timer aes xsave avx f16c rdrand lahf_lm abm 3dnowprefetch epb intel_pt tpr_shadow vnmi flexpriority ept vpid fsgsbase tsc_adjust bmi1 avx2 smep bmi2 erms invpcid mpx rdseed adx smap clflushopt xsaveopt xsavec xgetbv1 dtherm ida arat pln pts hwp hwp_notify hwp_act_window hwp_epp
bugs		:
bogomips	: 4800.43
clflush size	: 64
cache_alignment	: 64
address sizes	: 39 bits physical, 48 bits virtual
power management:

processor	: 3
vendor_id	: GenuineIntel
cpu family	: 6
model		: 78
model name	: Intel(R) Core(TM) i5-6200U CPU @ 2.30GHz
stepping	: 3
microcode	: 0x9e
cpu MHz		: 1962.093
cache size	: 3072 KB
physical id	: 0
siblings	: 4
core id		: 1
cpu cores	: 2
apicid		: 3
initial apicid	: 3
fpu		: yes
fpu_exception	: yes
cpuid level	: 22
wp		: yes
flags		: fpu vme de pse tsc msr pae mce cx8 apic sep mtrr pge mca cmov pat pse36 clflush dts acpi mmx fxsr sse sse2 ss ht tm pbe syscall nx pdpe1gb rdtscp lm constant_tsc art arch_perfmon pebs bts rep_good nopl xtopology nonstop_tsc aperfmperf eagerfpu pni pclmulqdq dtes64 monitor ds_cpl vmx est tm2 ssse3 sdbg fma cx16 xtpr pdcm pcid sse4_1 sse4_2 x2apic movbe popcnt tsc_deadline_timer aes xsave avx f16c rdrand lahf_lm abm 3dnowprefetch epb intel_pt tpr_shadow vnmi flexpriority ept vpid fsgsbase tsc_adjust bmi1 avx2 smep bmi2 erms invpcid mpx rdseed adx smap clflushopt xsaveopt xsavec xgetbv1 dtherm ida arat pln pts hwp hwp_notify hwp_act_window hwp_epp
bugs		:
bogomips	: 4800.43
clflush size	: 64
cache_alignment	: 64
address sizes	: 39 bits physical, 48 bits virtual
power management:



Memory: 4k page, physical 7632580k(520892k free), swap 7854076k(2761312k free)

vm_info: OpenJDK 64-Bit Server VM (25.131-b11) for linux-amd64 JRE (1.8.0_131-8u131-b11-2ubuntu1.16.04.3-b11), built on Jul 28 2017 01:23:32 by "buildd" with gcc 5.4.0 20160609

time: Thu Aug 31 22:12:35 2017
elapsed time: 31264 seconds (0d 8h 41m 4s)

