#
# A fatal error has been detected by the Java Runtime Environment:
#
#  SIGSEGV (0xb) at pc=0x00007f7a37ab5ee1, pid=5201, tid=0x00007f7a182bc700
#
# JRE version: OpenJDK Runtime Environment (8.0_131-b11) (build 1.8.0_131-8u131-b11-2ubuntu1.16.04.3-b11)
# Java VM: OpenJDK 64-Bit Server VM (25.131-b11 mixed mode linux-amd64 compressed oops)
# Problematic frame:
# V  [libjvm.so+0x3ffee1]
#
# Failed to write core dump. Core dumps have been disabled. To enable core dumping, try "ulimit -c unlimited" before starting Java again
#
# If you would like to submit a bug report, please visit:
#   http://bugreport.java.com/bugreport/crash.jsp
#

---------------  T H R E A D  ---------------

Current thread (0x00007f7a300af000):  JavaThread "C2 CompilerThread0" daemon [_thread_in_native, id=5211, stack(0x00007f7a181bc000,0x00007f7a182bd000)]

siginfo: si_signo: 11 (SIGSEGV), si_code: 1 (SEGV_MAPERR), si_addr: 0x0000000000000010

Registers:
RAX=0x0000000000000001, RBX=0x00007f79f80317d0, RCX=0xffffffffffdeb013, RDX=0x00007f79f803fd20
RSP=0x00007f7a182b8810, RBP=0x00007f7a182b8880, RSI=0x0000000000000001, RDI=0x0000000000000000
R8 =0x00007f79f80317d0, R9 =0x00007f79f8031510, R10=0x0000000000000000, R11=0x0000000000000010
R12=0x00007f7a182baf40, R13=0xffffffffffffffff, R14=0x00007f79f81e8ea0, R15=0x00007f79f8077ab0
RIP=0x00007f7a37ab5ee1, EFLAGS=0x0000000000010297, CSGSFS=0x0000000000000033, ERR=0x0000000000000004
  TRAPNO=0x000000000000000e

Top of Stack: (sp=0x00007f7a182b8810)
0x00007f7a182b8810:   00007f7a182b8880 00007f7a37f835bb
0x00007f7a182b8820:   00007f7a182b8880 00007f7a37c989ea
0x00007f7a182b8830:   0000000000000005 0000000000000098
0x00007f7a182b8840:   0000000000000000 1d86b412efc74c00
0x00007f7a182b8850:   00007f79f80317b0 00007f79f844d440
0x00007f7a182b8860:   0000000000000002 0000000000000002
0x00007f7a182b8870:   00007f79f81e8ea0 00007f79f80317d0
0x00007f7a182b8880:   00007f7a182b8930 00007f7a37f8489d
0x00007f7a182b8890:   00007f79f8ac5b00 00007f7a182bb750
0x00007f7a182b88a0:   00000000f8ac5b00 0000000800000001
0x00007f7a182b88b0:   00007f79f844d340 00007f79f8379300
0x00007f7a182b88c0:   00007f79f80317d0 00007f79f8031790
0x00007f7a182b88d0:   0000000400000b48 00007f79f844d440
0x00007f7a182b88e0:   00007f79f82828e0 00007f79f8031510
0x00007f7a182b88f0:   00007f7a182baf40 0000000000000000
0x00007f7a182b8900:   00007f7a38516e08 00007f7a182bb750
0x00007f7a182b8910:   00007f79f81e8ea0 00007f7a379080a0
0x00007f7a182b8920:   000000000000000d 00007f7a182baf40
0x00007f7a182b8930:   00007f7a182b8a70 00007f7a37f85b4e
0x00007f7a182b8940:   0000000000002594 0000000300000007
0x00007f7a182b8950:   0000000000000020 0000000700000001
0x00007f7a182b8960:   00007f79f802de10 00000b3f00000156
0x00007f7a182b8970:   00007f7a38516e08 00007f7a182b8a20
0x00007f7a182b8980:   00007f7a182bb0d8 00007f79f81db670
0x00007f7a182b8990:   00007f7a3851cf28 00007f79f802d8b0
0x00007f7a182b89a0:   000000ad000000ac 00007f79f802e370
0x00007f7a182b89b0:   00007f79f81feca0 00007f7a182bb7a8
0x00007f7a182b89c0:   0000000100000157 00000000000000ac
0x00007f7a182b89d0:   0000002500000b01 1d86b41200000001
0x00007f7a182b89e0:   00000000ffffffff 0000000000000000
0x00007f7a182b89f0:   0000000000000000 0000001500000af4
0x00007f7a182b8a00:   00007f7900000b43 000000000000000d 

Instructions: (pc=0x00007f7a37ab5ee1)
0x00007f7a37ab5ec1:   48 89 e5 e8 17 7e fd ff 89 c2 c1 e2 05 29 c2 89
0x00007f7a37ab5ed1:   d0 5d c3 66 90 66 2e 0f 1f 84 00 00 00 00 00 55
0x00007f7a37ab5ee1:   48 8b 47 10 48 89 e5 5d c3 66 0f 1f 44 00 00 48
0x00007f7a37ab5ef1:   8d 15 e1 ba ae 00 55 b8 01 00 00 00 48 89 e5 48 

Register to memory mapping:

RAX=0x0000000000000001 is an unknown value
RBX=0x00007f79f80317d0 is an unknown value
RCX=0xffffffffffdeb013 is an unknown value
RDX=0x00007f79f803fd20 is an unknown value
RSP=0x00007f7a182b8810 is pointing into the stack for thread: 0x00007f7a300af000
RBP=0x00007f7a182b8880 is pointing into the stack for thread: 0x00007f7a300af000
RSI=0x0000000000000001 is an unknown value
RDI=0x0000000000000000 is an unknown value
R8 =0x00007f79f80317d0 is an unknown value
R9 =0x00007f79f8031510 is an unknown value
R10=0x0000000000000000 is an unknown value
R11=0x0000000000000010 is an unknown value
R12=0x00007f7a182baf40 is pointing into the stack for thread: 0x00007f7a300af000
R13=0xffffffffffffffff is an unknown value
R14=0x00007f79f81e8ea0 is an unknown value
R15=0x00007f79f8077ab0 is an unknown value


Stack: [0x00007f7a181bc000,0x00007f7a182bd000],  sp=0x00007f7a182b8810,  free space=1010k
Native frames: (J=compiled Java code, j=interpreted, Vv=VM code, C=native code)
V  [libjvm.so+0x3ffee1]
V  [libjvm.so+0x8ce89d]
V  [libjvm.so+0x8cfb4e]
V  [libjvm.so+0x467a9c]
V  [libjvm.so+0x46aab2]
V  [libjvm.so+0x3b9981]
V  [libjvm.so+0x475aac]
V  [libjvm.so+0x4778e7]
V  [libjvm.so+0xa0e7d7]
V  [libjvm.so+0xa0ec9c]
V  [libjvm.so+0x8b5a82]
C  [libpthread.so.0+0x76ba]  start_thread+0xca


Current CompileTask:
C2:5215543 7009       4       rice.pastry.standard.StandardRouter::getBestRoutingCandidates (139 bytes)


---------------  P R O C E S S  ---------------

Java Threads: ( => current thread )
  0x00007f79c000b800 JavaThread "pool-4-thread-10" [_thread_blocked, id=8515, stack(0x00007f7a100cf000,0x00007f7a101d0000)]
  0x00007f79c000a800 JavaThread "pool-4-thread-9" [_thread_blocked, id=8505, stack(0x00007f7a101d0000,0x00007f7a102d1000)]
  0x00007f79c0009800 JavaThread "pool-4-thread-8" [_thread_blocked, id=8497, stack(0x00007f7a102d1000,0x00007f7a103d2000)]
  0x00007f79c0008800 JavaThread "pool-4-thread-7" [_thread_blocked, id=8473, stack(0x00007f7a103d2000,0x00007f7a104d3000)]
  0x00007f79c0007800 JavaThread "pool-4-thread-6" [_thread_blocked, id=8427, stack(0x00007f7a104d3000,0x00007f7a105d4000)]
  0x00007f79c0007000 JavaThread "pool-4-thread-5" [_thread_blocked, id=8425, stack(0x00007f7a105d4000,0x00007f7a106d5000)]
  0x00007f79c800f800 JavaThread "pool-1-thread-5" [_thread_blocked, id=8402, stack(0x00007f7a108d5000,0x00007f7a109d6000)]
  0x00007f79c0006000 JavaThread "pool-4-thread-4" [_thread_blocked, id=8401, stack(0x00007f7a110d9000,0x00007f7a111da000)]
  0x00007f79c0005800 JavaThread "pool-4-thread-3" [_thread_blocked, id=8255, stack(0x00007f7a10bd6000,0x00007f7a10cd7000)]
  0x00007f79c0004800 JavaThread "pool-4-thread-2" [_thread_blocked, id=8252, stack(0x00007f7a11cdb000,0x00007f7a11ddc000)]
  0x00007f79c0002800 JavaThread "pool-4-thread-1" [_thread_blocked, id=7498, stack(0x00007f7a11ddc000,0x00007f7a11edd000)]
  0x00007f7a3095d800 JavaThread "Thread-5" [_thread_in_native, id=5228, stack(0x00007f7a10ed7000,0x00007f7a10fd8000)]
  0x00007f7a30953800 JavaThread "server-timer" daemon [_thread_blocked, id=5227, stack(0x00007f7a10fd8000,0x00007f7a110d9000)]
  0x00007f7a308c5800 JavaThread "MySQL Statement Cancellation Timer" daemon [_thread_blocked, id=5222, stack(0x00007f7a115da000,0x00007f7a116db000)]
  0x00007f7a305de000 JavaThread "Timer-0" [_thread_blocked, id=5219, stack(0x00007f7a11edd000,0x00007f7a11fde000)]
  0x00007f7a3053e800 JavaThread "Selector Thread -- Default" [_thread_in_native, id=5218, stack(0x00007f7a12a1f000,0x00007f7a12b20000)]
  0x00007f7a3053d000 JavaThread "Persistence Worker Thread" [_thread_blocked, id=5217, stack(0x00007f7a12b20000,0x00007f7a12c21000)]
  0x00007f7a3053b000 JavaThread "Default.ProcessingThread" [_thread_blocked, id=5216, stack(0x00007f7a12c21000,0x00007f7a12d22000)]
  0x00007f7a300bb000 JavaThread "Service Thread" daemon [_thread_blocked, id=5214, stack(0x00007f7a139a8000,0x00007f7a13aa9000)]
  0x00007f7a300b3800 JavaThread "C1 CompilerThread2" daemon [_thread_blocked, id=5213, stack(0x00007f7a13aa9000,0x00007f7a13baa000)]
  0x00007f7a300b2000 JavaThread "C2 CompilerThread1" daemon [_thread_blocked, id=5212, stack(0x00007f7a180bb000,0x00007f7a181bc000)]
=>0x00007f7a300af000 JavaThread "C2 CompilerThread0" daemon [_thread_in_native, id=5211, stack(0x00007f7a181bc000,0x00007f7a182bd000)]
  0x00007f7a300ad000 JavaThread "Signal Dispatcher" daemon [_thread_blocked, id=5210, stack(0x00007f7a182bd000,0x00007f7a183be000)]
  0x00007f7a30084800 JavaThread "Finalizer" daemon [_thread_blocked, id=5209, stack(0x00007f7a183be000,0x00007f7a184bf000)]
  0x00007f7a30080000 JavaThread "Reference Handler" daemon [_thread_blocked, id=5208, stack(0x00007f7a184bf000,0x00007f7a185c0000)]
  0x00007f7a3000b000 JavaThread "main" [_thread_in_native, id=5202, stack(0x00007f7a3930b000,0x00007f7a3940c000)]

Other Threads:
  0x00007f7a30078000 VMThread [stack: 0x00007f7a200d0000,0x00007f7a201d1000] [id=5207]
  0x00007f7a300bd800 WatcherThread [stack: 0x00007f7a138a7000,0x00007f7a139a8000] [id=5215]

VM state:not at safepoint (normal execution)

VM Mutex/Monitor currently owned by a thread: None

Heap:
 PSYoungGen      total 28672K, used 10449K [0x00000000d9300000, 0x00000000db200000, 0x0000000100000000)
  eden space 25600K, 31% used [0x00000000d9300000,0x00000000d9ac4610,0x00000000dac00000)
  from space 3072K, 81% used [0x00000000daf00000,0x00000000db170000,0x00000000db200000)
  to   space 3072K, 0% used [0x00000000dac00000,0x00000000dac00000,0x00000000daf00000)
 ParOldGen       total 91136K, used 84855K [0x000000008b800000, 0x0000000091100000, 0x00000000d9300000)
  object space 91136K, 93% used [0x000000008b800000,0x0000000090adde18,0x0000000091100000)
 Metaspace       used 32908K, capacity 33390K, committed 33920K, reserved 1079296K
  class space    used 3655K, capacity 3809K, committed 3968K, reserved 1048576K

Card table byte_map: [0x00007f7a3561f000,0x00007f7a359c4000] byte_map_base: 0x00007f7a351c3000

Marking Bits: (ParMarkBitMap*) 0x00007f7a385d92c0
 Begin Bits: [0x00007f7a185c0000, 0x00007f7a1a2e0000)
 End Bits:   [0x00007f7a1a2e0000, 0x00007f7a1c000000)

Polling page: 0x00007f7a3942c000

CodeCache: size=245760Kb used=19843Kb max_used=19898Kb free=225916Kb
 bounds [0x00007f7a21000000, 0x00007f7a223d0000, 0x00007f7a30000000]
 total_blobs=5808 nmethods=5297 adapters=423
 compilation: enabled

Compilation events (10 events):
Event: 5157,400 Thread 0x00007f7a300b3800 nmethod 7004 0x00007f7a21539190 code [0x00007f7a21539300, 0x00007f7a21539450]
Event: 5157,527 Thread 0x00007f7a300af000 7005       4       com.sun.xml.internal.stream.util.BufferAllocator::returnByteBuffer (51 bytes)
Event: 5157,527 Thread 0x00007f7a300b2000 7006       4       com.sun.org.apache.xerces.internal.impl.XMLEntityManager$RewindableInputStream::close (20 bytes)
Event: 5157,529 Thread 0x00007f7a300b2000 nmethod 7006 0x00007f7a21a0a850 code [0x00007f7a21a0a9a0, 0x00007f7a21a0aa38]
Event: 5157,532 Thread 0x00007f7a300af000 nmethod 7005 0x00007f7a21405ed0 code [0x00007f7a21406020, 0x00007f7a21406138]
Event: 5187,407 Thread 0x00007f7a300b2000 7007       4       java.lang.Throwable::toString (45 bytes)
Event: 5187,412 Thread 0x00007f7a300b2000 nmethod 7007 0x00007f7a21a82190 code [0x00007f7a21a82300, 0x00007f7a21a82608]
Event: 5203,362 Thread 0x00007f7a300b2000 7008   !   4       rice.pastry.standard.RapidRerouter::addToPending (124 bytes)
Event: 5203,405 Thread 0x00007f7a300b2000 nmethod 7008 0x00007f7a21efa950 code [0x00007f7a21efab80, 0x00007f7a21efbe28]
Event: 5215,493 Thread 0x00007f7a300af000 7009       4       rice.pastry.standard.StandardRouter::getBestRoutingCandidates (139 bytes)

GC Heap History (10 events):
Event: 5187,364 GC heap before
{Heap before GC invocations=500 (full 2):
 PSYoungGen      total 28672K, used 28032K [0x00000000d9300000, 0x00000000db200000, 0x0000000100000000)
  eden space 25600K, 100% used [0x00000000d9300000,0x00000000dac00000,0x00000000dac00000)
  from space 3072K, 79% used [0x00000000dac00000,0x00000000dae60000,0x00000000daf00000)
  to   space 3072K, 0% used [0x00000000daf00000,0x00000000daf00000,0x00000000db200000)
 ParOldGen       total 91136K, used 84120K [0x000000008b800000, 0x0000000091100000, 0x00000000d9300000)
  object space 91136K, 92% used [0x000000008b800000,0x0000000090a26118,0x0000000091100000)
 Metaspace       used 32908K, capacity 33390K, committed 33920K, reserved 1079296K
  class space    used 3655K, capacity 3809K, committed 3968K, reserved 1048576K
Event: 5187,368 GC heap after
Heap after GC invocations=500 (full 2):
 PSYoungGen      total 28672K, used 2464K [0x00000000d9300000, 0x00000000db200000, 0x0000000100000000)
  eden space 25600K, 0% used [0x00000000d9300000,0x00000000d9300000,0x00000000dac00000)
  from space 3072K, 80% used [0x00000000daf00000,0x00000000db168000,0x00000000db200000)
  to   space 3072K, 0% used [0x00000000dac00000,0x00000000dac00000,0x00000000daf00000)
 ParOldGen       total 91136K, used 84255K [0x000000008b800000, 0x0000000091100000, 0x00000000d9300000)
  object space 91136K, 92% used [0x000000008b800000,0x0000000090a47c88,0x0000000091100000)
 Metaspace       used 32908K, capacity 33390K, committed 33920K, reserved 1079296K
  class space    used 3655K, capacity 3809K, committed 3968K, reserved 1048576K
}
Event: 5193,406 GC heap before
{Heap before GC invocations=501 (full 2):
 PSYoungGen      total 28672K, used 28064K [0x00000000d9300000, 0x00000000db200000, 0x0000000100000000)
  eden space 25600K, 100% used [0x00000000d9300000,0x00000000dac00000,0x00000000dac00000)
  from space 3072K, 80% used [0x00000000daf00000,0x00000000db168000,0x00000000db200000)
  to   space 3072K, 0% used [0x00000000dac00000,0x00000000dac00000,0x00000000daf00000)
 ParOldGen       total 91136K, used 84255K [0x000000008b800000, 0x0000000091100000, 0x00000000d9300000)
  object space 91136K, 92% used [0x000000008b800000,0x0000000090a47c88,0x0000000091100000)
 Metaspace       used 32908K, capacity 33390K, committed 33920K, reserved 1079296K
  class space    used 3655K, capacity 3809K, committed 3968K, reserved 1048576K
Event: 5193,408 GC heap after
Heap after GC invocations=501 (full 2):
 PSYoungGen      total 28672K, used 2496K [0x00000000d9300000, 0x00000000db200000, 0x0000000100000000)
  eden space 25600K, 0% used [0x00000000d9300000,0x00000000d9300000,0x00000000dac00000)
  from space 3072K, 81% used [0x00000000dac00000,0x00000000dae70000,0x00000000daf00000)
  to   space 3072K, 0% used [0x00000000daf00000,0x00000000daf00000,0x00000000db200000)
 ParOldGen       total 91136K, used 84397K [0x000000008b800000, 0x0000000091100000, 0x00000000d9300000)
  object space 91136K, 92% used [0x000000008b800000,0x0000000090a6b7f8,0x0000000091100000)
 Metaspace       used 32908K, capacity 33390K, committed 33920K, reserved 1079296K
  class space    used 3655K, capacity 3809K, committed 3968K, reserved 1048576K
}
Event: 5199,490 GC heap before
{Heap before GC invocations=502 (full 2):
 PSYoungGen      total 28672K, used 28059K [0x00000000d9300000, 0x00000000db200000, 0x0000000100000000)
  eden space 25600K, 99% used [0x00000000d9300000,0x00000000dabf6ef8,0x00000000dac00000)
  from space 3072K, 81% used [0x00000000dac00000,0x00000000dae70000,0x00000000daf00000)
  to   space 3072K, 0% used [0x00000000daf00000,0x00000000daf00000,0x00000000db200000)
 ParOldGen       total 91136K, used 84397K [0x000000008b800000, 0x0000000091100000, 0x00000000d9300000)
  object space 91136K, 92% used [0x000000008b800000,0x0000000090a6b7f8,0x0000000091100000)
 Metaspace       used 32908K, capacity 33390K, committed 33920K, reserved 1079296K
  class space    used 3655K, capacity 3809K, committed 3968K, reserved 1048576K
Event: 5199,493 GC heap after
Heap after GC invocations=502 (full 2):
 PSYoungGen      total 28672K, used 2619K [0x00000000d9300000, 0x00000000db200000, 0x0000000100000000)
  eden space 25600K, 0% used [0x00000000d9300000,0x00000000d9300000,0x00000000dac00000)
  from space 3072K, 85% used [0x00000000daf00000,0x00000000db18ef18,0x00000000db200000)
  to   space 3072K, 0% used [0x00000000dac00000,0x00000000dac00000,0x00000000daf00000)
 ParOldGen       total 91136K, used 84554K [0x000000008b800000, 0x0000000091100000, 0x00000000d9300000)
  object space 91136K, 92% used [0x000000008b800000,0x0000000090a92a08,0x0000000091100000)
 Metaspace       used 32908K, capacity 33390K, committed 33920K, reserved 1079296K
  class space    used 3655K, capacity 3809K, committed 3968K, reserved 1048576K
}
Event: 5207,470 GC heap before
{Heap before GC invocations=503 (full 2):
 PSYoungGen      total 28672K, used 28219K [0x00000000d9300000, 0x00000000db200000, 0x0000000100000000)
  eden space 25600K, 100% used [0x00000000d9300000,0x00000000dac00000,0x00000000dac00000)
  from space 3072K, 85% used [0x00000000daf00000,0x00000000db18ef18,0x00000000db200000)
  to   space 3072K, 0% used [0x00000000dac00000,0x00000000dac00000,0x00000000daf00000)
 ParOldGen       total 91136K, used 84554K [0x000000008b800000, 0x0000000091100000, 0x00000000d9300000)
  object space 91136K, 92% used [0x000000008b800000,0x0000000090a92a08,0x0000000091100000)
 Metaspace       used 32908K, capacity 33390K, committed 33920K, reserved 1079296K
  class space    used 3655K, capacity 3809K, committed 3968K, reserved 1048576K
Event: 5207,473 GC heap after
Heap after GC invocations=503 (full 2):
 PSYoungGen      total 28672K, used 2480K [0x00000000d9300000, 0x00000000db200000, 0x0000000100000000)
  eden space 25600K, 0% used [0x00000000d9300000,0x00000000d9300000,0x00000000dac00000)
  from space 3072K, 80% used [0x00000000dac00000,0x00000000dae6c2d8,0x00000000daf00000)
  to   space 3072K, 0% used [0x00000000daf00000,0x00000000daf00000,0x00000000db200000)
 ParOldGen       total 91136K, used 84720K [0x000000008b800000, 0x0000000091100000, 0x00000000d9300000)
  object space 91136K, 92% used [0x000000008b800000,0x0000000090abc2a8,0x0000000091100000)
 Metaspace       used 32908K, capacity 33390K, committed 33920K, reserved 1079296K
  class space    used 3655K, capacity 3809K, committed 3968K, reserved 1048576K
}
Event: 5213,516 GC heap before
{Heap before GC invocations=504 (full 2):
 PSYoungGen      total 28672K, used 28080K [0x00000000d9300000, 0x00000000db200000, 0x0000000100000000)
  eden space 25600K, 100% used [0x00000000d9300000,0x00000000dac00000,0x00000000dac00000)
  from space 3072K, 80% used [0x00000000dac00000,0x00000000dae6c2d8,0x00000000daf00000)
  to   space 3072K, 0% used [0x00000000daf00000,0x00000000daf00000,0x00000000db200000)
 ParOldGen       total 91136K, used 84720K [0x000000008b800000, 0x0000000091100000, 0x00000000d9300000)
  object space 91136K, 92% used [0x000000008b800000,0x0000000090abc2a8,0x0000000091100000)
 Metaspace       used 32908K, capacity 33390K, committed 33920K, reserved 1079296K
  class space    used 3655K, capacity 3809K, committed 3968K, reserved 1048576K
Event: 5213,523 GC heap after
Heap after GC invocations=504 (full 2):
 PSYoungGen      total 28672K, used 2496K [0x00000000d9300000, 0x00000000db200000, 0x0000000100000000)
  eden space 25600K, 0% used [0x00000000d9300000,0x00000000d9300000,0x00000000dac00000)
  from space 3072K, 81% used [0x00000000daf00000,0x00000000db170000,0x00000000db200000)
  to   space 3072K, 0% used [0x00000000dac00000,0x00000000dac00000,0x00000000daf00000)
 ParOldGen       total 91136K, used 84855K [0x000000008b800000, 0x0000000091100000, 0x00000000d9300000)
  object space 91136K, 93% used [0x000000008b800000,0x0000000090adde18,0x0000000091100000)
 Metaspace       used 32908K, capacity 33390K, committed 33920K, reserved 1079296K
  class space    used 3655K, capacity 3809K, committed 3968K, reserved 1048576K
}

Deoptimization events (10 events):
Event: 1691,400 Thread 0x00007f79ac003000 Uncommon trap: reason=class_check action=maybe_recompile pc=0x00007f7a21557498 method=java.util.regex.Pattern$Slice.match(Ljava/util/regex/Matcher;ILjava/lang/CharSequence;)Z @ 75
Event: 1706,546 Thread 0x00007f7a3053d000 Uncommon trap: reason=class_check action=maybe_recompile pc=0x00007f7a21a9ee34 method=java.lang.reflect.Array.newInstance(Ljava/lang/Class;I)Ljava/lang/Object; @ 2
Event: 1706,546 Thread 0x00007f7a3053d000 Uncommon trap: reason=class_check action=maybe_recompile pc=0x00007f7a21a9ee34 method=java.lang.reflect.Array.newInstance(Ljava/lang/Class;I)Ljava/lang/Object; @ 2
Event: 1706,546 Thread 0x00007f7a3053d000 Uncommon trap: reason=class_check action=maybe_recompile pc=0x00007f7a21a9ee34 method=java.lang.reflect.Array.newInstance(Ljava/lang/Class;I)Ljava/lang/Object; @ 2
Event: 1706,547 Thread 0x00007f7a3053d000 Uncommon trap: reason=class_check action=maybe_recompile pc=0x00007f7a21a9ee34 method=java.lang.reflect.Array.newInstance(Ljava/lang/Class;I)Ljava/lang/Object; @ 2
Event: 1915,393 Thread 0x00007f79c800f800 Uncommon trap: reason=null_check action=make_not_entrant pc=0x00007f7a21a50b3c method=java.util.logging.Logger$LoggerBundle.isSystemBundle()Z @ 6
Event: 1999,482 Thread 0x00007f7a3053e800 Uncommon trap: reason=unstable_if action=reinterpret pc=0x00007f7a22063de0 method=java.util.PriorityQueue.removeAt(I)Ljava/lang/Object; @ 80
Event: 2007,528 Thread 0x00007f7a3053e800 Uncommon trap: reason=null_check action=make_not_entrant pc=0x00007f7a213ad9f8 method=java.io.ObjectStreamClass.getField(Ljava/lang/String;Ljava/lang/Class;)Ljava/io/ObjectStreamField; @ 67
Event: 2811,374 Thread 0x00007f79c0009800 Uncommon trap: reason=unstable_if action=reinterpret pc=0x00007f7a222df9e4 method=sun.security.pkcs.PKCS8Key.decode(Ljava/io/InputStream;)V @ 126
Event: 3579,525 Thread 0x00007f7a30084800 Uncommon trap: reason=unstable_if action=reinterpret pc=0x00007f7a21867450 method=java.security.AccessControlContext.optimize()Ljava/security/AccessControlContext; @ 83

Internal exceptions (10 events):
Event: 1597,208 Thread 0x00007f79d000e000 Exception <a 'java/lang/ClassNotFoundException': com/sun/org/glassfish/hk2/osgiresourcelocator/ServiceLoader> (0x00000000d9e5c098) thrown at [/build/openjdk-8-pZyJp3/openjdk-8-8u131-b11/src/hotspot/src/share/vm/classfile/systemDictionary.cpp, line 210]
Event: 1597,224 Thread 0x00007f79d000e000 Exception <a 'java/lang/NullPointerException'> (0x00000000d9e78720) thrown at [/build/openjdk-8-pZyJp3/openjdk-8-8u131-b11/src/hotspot/src/share/vm/interpreter/linkResolver.cpp, line 1299]
Event: 1597,811 Thread 0x00007f79d000e000 Exception <a 'java/lang/ClassNotFoundException': com/sun/org/glassfish/hk2/osgiresourcelocator/ServiceLoader> (0x00000000da3c3548) thrown at [/build/openjdk-8-pZyJp3/openjdk-8-8u131-b11/src/hotspot/src/share/vm/classfile/systemDictionary.cpp, line 210]
Event: 1685,461 Thread 0x00007f79c0006000 Exception <a 'java/lang/NoSuchMethodError': <clinit>> (0x00000000dbecca28) thrown at [/build/openjdk-8-pZyJp3/openjdk-8-8u131-b11/src/hotspot/src/share/vm/prims/jni.cpp, line 1613]
Event: 1685,461 Thread 0x00007f79c0006000 Exception <a 'java/lang/NoSuchMethodError': <clinit>> (0x00000000dbed1728) thrown at [/build/openjdk-8-pZyJp3/openjdk-8-8u131-b11/src/hotspot/src/share/vm/prims/jni.cpp, line 1613]
Event: 1685,466 Thread 0x00007f79c0006000 Exception <a 'java/lang/NoSuchMethodError': <clinit>> (0x00000000dbed95c0) thrown at [/build/openjdk-8-pZyJp3/openjdk-8-8u131-b11/src/hotspot/src/share/vm/prims/jni.cpp, line 1613]
Event: 1685,478 Thread 0x00007f79c0006000 Exception <a 'java/lang/NoSuchMethodError': <clinit>> (0x00000000dbee9680) thrown at [/build/openjdk-8-pZyJp3/openjdk-8-8u131-b11/src/hotspot/src/share/vm/prims/jni.cpp, line 1613]
Event: 1687,942 Thread 0x00007f79c0006000 Exception <a 'java/lang/NoSuchMethodError': <clinit>> (0x00000000dc408fc0) thrown at [/build/openjdk-8-pZyJp3/openjdk-8-8u131-b11/src/hotspot/src/share/vm/prims/jni.cpp, line 1613]
Event: 1691,415 Thread 0x00007f79ac003000 Exception <a 'java/lang/ClassNotFoundException': com/sun/org/glassfish/hk2/osgiresourcelocator/ServiceLoader> (0x00000000dca4cc00) thrown at [/build/openjdk-8-pZyJp3/openjdk-8-8u131-b11/src/hotspot/src/share/vm/classfile/systemDictionary.cpp, line 210]
Event: 1915,393 Thread 0x00007f79c800f800 Implicit null exception at 0x00007f7a21a5052d to 0x00007f7a21a50b29

Events (10 events):
Event: 5213,482 Thread 0x00007f79d40bc000 Thread added: 0x00007f79d40bc000
Event: 5213,482 Executing VM operation: RevokeBias
Event: 5213,483 Executing VM operation: RevokeBias done
Event: 5213,483 Thread 0x00007f79d40bc000 Thread exited: 0x00007f79d40bc000
Event: 5213,516 Executing VM operation: ParallelGCFailedAllocation
Event: 5213,523 Executing VM operation: ParallelGCFailedAllocation done
Event: 5215,484 Thread 0x00007f79d40bc000 Thread added: 0x00007f79d40bc000
Event: 5215,484 Executing VM operation: RevokeBias
Event: 5215,484 Executing VM operation: RevokeBias done
Event: 5215,484 Thread 0x00007f79d40bc000 Thread exited: 0x00007f79d40bc000


Dynamic libraries:
00400000-00401000 r-xp 00000000 08:06 4495747                            /usr/lib/jvm/java-8-openjdk-amd64/jre/bin/java
00600000-00601000 r--p 00000000 08:06 4495747                            /usr/lib/jvm/java-8-openjdk-amd64/jre/bin/java
00601000-00602000 rw-p 00001000 08:06 4495747                            /usr/lib/jvm/java-8-openjdk-amd64/jre/bin/java
0114d000-0116e000 rw-p 00000000 00:00 0                                  [heap]
8b800000-91100000 rw-p 00000000 00:00 0 
91100000-d9300000 ---p 00000000 00:00 0 
d9300000-db200000 rw-p 00000000 00:00 0 
db200000-100000000 ---p 00000000 00:00 0 
100000000-1003e0000 rw-p 00000000 00:00 0 
1003e0000-140000000 ---p 00000000 00:00 0 
7f799c000000-7f799c021000 rw-p 00000000 00:00 0 
7f799c021000-7f79a0000000 ---p 00000000 00:00 0 
7f79a3cff000-7f79a3e3f000 rw-p 00000000 00:00 0 
7f79a3e3f000-7f79a3f02000 ---p 00000000 00:00 0 
7f79a3f02000-7f79a4000000 rw-p 00000000 00:00 0 
7f79a4000000-7f79a4021000 rw-p 00000000 00:00 0 
7f79a4021000-7f79a8000000 ---p 00000000 00:00 0 
7f79a8000000-7f79a8021000 rw-p 00000000 00:00 0 
7f79a8021000-7f79ac000000 ---p 00000000 00:00 0 
7f79ac000000-7f79ac021000 rw-p 00000000 00:00 0 
7f79ac021000-7f79b0000000 ---p 00000000 00:00 0 
7f79b0000000-7f79b0021000 rw-p 00000000 00:00 0 
7f79b0021000-7f79b4000000 ---p 00000000 00:00 0 
7f79b4000000-7f79b4285000 rw-p 00000000 00:00 0 
7f79b4285000-7f79b8000000 ---p 00000000 00:00 0 
7f79b8000000-7f79b80e6000 rw-p 00000000 00:00 0 
7f79b80e6000-7f79bc000000 ---p 00000000 00:00 0 
7f79bc000000-7f79bc021000 rw-p 00000000 00:00 0 
7f79bc021000-7f79c0000000 ---p 00000000 00:00 0 
7f79c0000000-7f79c0021000 rw-p 00000000 00:00 0 
7f79c0021000-7f79c4000000 ---p 00000000 00:00 0 
7f79c4000000-7f79c4021000 rw-p 00000000 00:00 0 
7f79c4021000-7f79c8000000 ---p 00000000 00:00 0 
7f79c8000000-7f79c8063000 rw-p 00000000 00:00 0 
7f79c8063000-7f79cc000000 ---p 00000000 00:00 0 
7f79cc000000-7f79cc021000 rw-p 00000000 00:00 0 
7f79cc021000-7f79d0000000 ---p 00000000 00:00 0 
7f79d0000000-7f79d0021000 rw-p 00000000 00:00 0 
7f79d0021000-7f79d4000000 ---p 00000000 00:00 0 
7f79d4000000-7f79d40d8000 rw-p 00000000 00:00 0 
7f79d40d8000-7f79d8000000 ---p 00000000 00:00 0 
7f79d8000000-7f79d8021000 rw-p 00000000 00:00 0 
7f79d8021000-7f79dc000000 ---p 00000000 00:00 0 
7f79dc000000-7f79dc021000 rw-p 00000000 00:00 0 
7f79dc021000-7f79e0000000 ---p 00000000 00:00 0 
7f79e0000000-7f79e02cb000 rw-p 00000000 00:00 0 
7f79e02cb000-7f79e4000000 ---p 00000000 00:00 0 
7f79e4000000-7f79e4021000 rw-p 00000000 00:00 0 
7f79e4021000-7f79e8000000 ---p 00000000 00:00 0 
7f79e8000000-7f79e8021000 rw-p 00000000 00:00 0 
7f79e8021000-7f79ec000000 ---p 00000000 00:00 0 
7f79ec000000-7f79ef2e9000 rw-p 00000000 00:00 0 
7f79ef2e9000-7f79f0000000 ---p 00000000 00:00 0 
7f79f0000000-7f79f0623000 rw-p 00000000 00:00 0 
7f79f0623000-7f79f4000000 ---p 00000000 00:00 0 
7f79f4000000-7f79f4021000 rw-p 00000000 00:00 0 
7f79f4021000-7f79f8000000 ---p 00000000 00:00 0 
7f79f8000000-7f79f9d0b000 rw-p 00000000 00:00 0 
7f79f9d0b000-7f79fc000000 ---p 00000000 00:00 0 
7f79fc000000-7f79fc021000 rw-p 00000000 00:00 0 
7f79fc021000-7f7a00000000 ---p 00000000 00:00 0 
7f7a00000000-7f7a00021000 rw-p 00000000 00:00 0 
7f7a00021000-7f7a04000000 ---p 00000000 00:00 0 
7f7a04000000-7f7a04021000 rw-p 00000000 00:00 0 
7f7a04021000-7f7a08000000 ---p 00000000 00:00 0 
7f7a08000000-7f7a080e2000 rw-p 00000000 00:00 0 
7f7a080e2000-7f7a0c000000 ---p 00000000 00:00 0 
7f7a0c000000-7f7a0c021000 rw-p 00000000 00:00 0 
7f7a0c021000-7f7a10000000 ---p 00000000 00:00 0 
7f7a100cf000-7f7a100d2000 ---p 00000000 00:00 0 
7f7a100d2000-7f7a101d0000 rw-p 00000000 00:00 0 
7f7a101d0000-7f7a101d3000 ---p 00000000 00:00 0 
7f7a101d3000-7f7a102d1000 rw-p 00000000 00:00 0 
7f7a102d1000-7f7a102d4000 ---p 00000000 00:00 0 
7f7a102d4000-7f7a103d2000 rw-p 00000000 00:00 0 
7f7a103d2000-7f7a103d5000 ---p 00000000 00:00 0 
7f7a103d5000-7f7a104d3000 rw-p 00000000 00:00 0 
7f7a104d3000-7f7a104d6000 ---p 00000000 00:00 0 
7f7a104d6000-7f7a105d4000 rw-p 00000000 00:00 0 
7f7a105d4000-7f7a105d7000 ---p 00000000 00:00 0 
7f7a105d7000-7f7a108d5000 rw-p 00000000 00:00 0 
7f7a108d5000-7f7a108d8000 ---p 00000000 00:00 0 
7f7a108d8000-7f7a10bd6000 rw-p 00000000 00:00 0 
7f7a10bd6000-7f7a10bd9000 ---p 00000000 00:00 0 
7f7a10bd9000-7f7a10ed7000 rw-p 00000000 00:00 0 
7f7a10ed7000-7f7a10eda000 ---p 00000000 00:00 0 
7f7a10eda000-7f7a10fd8000 rw-p 00000000 00:00 0 
7f7a10fd8000-7f7a10fdb000 ---p 00000000 00:00 0 
7f7a10fdb000-7f7a110d9000 rw-p 00000000 00:00 0 
7f7a110d9000-7f7a110dc000 ---p 00000000 00:00 0 
7f7a110dc000-7f7a113da000 rw-p 00000000 00:00 0 
7f7a113da000-7f7a115da000 rw-p 00000000 00:00 0 
7f7a115da000-7f7a115dd000 ---p 00000000 00:00 0 
7f7a115dd000-7f7a118db000 rw-p 00000000 00:00 0 
7f7a118db000-7f7a11adb000 rw-p 00000000 00:00 0 
7f7a11adb000-7f7a11cdb000 rw-p 00000000 00:00 0 
7f7a11cdb000-7f7a11cde000 ---p 00000000 00:00 0 
7f7a11cde000-7f7a11ddc000 rw-p 00000000 00:00 0 
7f7a11ddc000-7f7a11ddf000 ---p 00000000 00:00 0 
7f7a11ddf000-7f7a11edd000 rw-p 00000000 00:00 0 
7f7a11edd000-7f7a11ee0000 ---p 00000000 00:00 0 
7f7a11ee0000-7f7a121de000 rw-p 00000000 00:00 0 
7f7a121de000-7f7a123de000 rw-p 00000000 00:00 0 
7f7a123de000-7f7a123f5000 r-xp 00000000 08:06 2901593                    /lib/x86_64-linux-gnu/libresolv-2.23.so
7f7a123f5000-7f7a125f5000 ---p 00017000 08:06 2901593                    /lib/x86_64-linux-gnu/libresolv-2.23.so
7f7a125f5000-7f7a125f6000 r--p 00017000 08:06 2901593                    /lib/x86_64-linux-gnu/libresolv-2.23.so
7f7a125f6000-7f7a125f7000 rw-p 00018000 08:06 2901593                    /lib/x86_64-linux-gnu/libresolv-2.23.so
7f7a125f7000-7f7a125f9000 rw-p 00000000 00:00 0 
7f7a125f9000-7f7a125fe000 r-xp 00000000 08:06 2901580                    /lib/x86_64-linux-gnu/libnss_dns-2.23.so
7f7a125fe000-7f7a127fe000 ---p 00005000 08:06 2901580                    /lib/x86_64-linux-gnu/libnss_dns-2.23.so
7f7a127fe000-7f7a127ff000 r--p 00005000 08:06 2901580                    /lib/x86_64-linux-gnu/libnss_dns-2.23.so
7f7a127ff000-7f7a12800000 rw-p 00006000 08:06 2901580                    /lib/x86_64-linux-gnu/libnss_dns-2.23.so
7f7a12800000-7f7a12802000 r-xp 00000000 08:06 2888723                    /lib/x86_64-linux-gnu/libnss_mdns4_minimal.so.2
7f7a12802000-7f7a12a01000 ---p 00002000 08:06 2888723                    /lib/x86_64-linux-gnu/libnss_mdns4_minimal.so.2
7f7a12a01000-7f7a12a02000 r--p 00001000 08:06 2888723                    /lib/x86_64-linux-gnu/libnss_mdns4_minimal.so.2
7f7a12a02000-7f7a12a03000 rw-p 00002000 08:06 2888723                    /lib/x86_64-linux-gnu/libnss_mdns4_minimal.so.2
7f7a12a0b000-7f7a12a1e000 r--s 00346000 08:06 4495712                    /usr/lib/jvm/java-8-openjdk-amd64/jre/lib/resources.jar
7f7a12a1e000-7f7a12a1f000 r--s 0000b000 08:06 2520068                    /home/ukimiawz/RWTH/CAE-Model-Persistence-Service/service/i5.las2peer.services.modelPersistenceService-0.1.jar
7f7a12a1f000-7f7a12a22000 ---p 00000000 00:00 0 
7f7a12a22000-7f7a12b20000 rw-p 00000000 00:00 0 
7f7a12b20000-7f7a12b23000 ---p 00000000 00:00 0 
7f7a12b23000-7f7a12c21000 rw-p 00000000 00:00 0 
7f7a12c21000-7f7a12c24000 ---p 00000000 00:00 0 
7f7a12c24000-7f7a12d22000 rw-p 00000000 00:00 0 
7f7a12d22000-7f7a12d25000 r--s 00026000 08:06 2514426                    /home/ukimiawz/RWTH/CAE-Model-Persistence-Service/lib/commons-dbcp2-2.0.jar
7f7a12d25000-7f7a12d2c000 r--s 0003f000 08:06 2519965                    /home/ukimiawz/RWTH/CAE-Model-Persistence-Service/lib/cglib-3.0.jar
7f7a12d2c000-7f7a12d2e000 r--s 00008000 08:06 2514416                    /home/ukimiawz/RWTH/CAE-Model-Persistence-Service/lib/asm-util-4.0.jar
7f7a12d2e000-7f7a12d31000 r--s 00018000 08:06 2519884                    /home/ukimiawz/RWTH/CAE-Model-Persistence-Service/lib/commons-pool2-2.2.jar
7f7a12d31000-7f7a12d34000 r--s 0000b000 08:06 2519993                    /home/ukimiawz/RWTH/CAE-Model-Persistence-Service/lib/jackson-annotations-2.8.0.jar
7f7a12d34000-7f7a12d35000 r--s 00005000 08:06 2520023                    /home/ukimiawz/RWTH/CAE-Model-Persistence-Service/lib/json-simple-1.1.1.jar
7f7a12d35000-7f7a12d37000 r--s 0000e000 08:06 2514436                    /home/ukimiawz/RWTH/CAE-Model-Persistence-Service/lib/commons-logging-1.1.3.jar
7f7a12d37000-7f7a12d39000 r--s 00004000 08:06 2514412                    /home/ukimiawz/RWTH/CAE-Model-Persistence-Service/lib/asm-tree-4.0.jar
7f7a12d39000-7f7a12d3e000 r--s 0003a000 08:06 2519883                    /home/ukimiawz/RWTH/CAE-Model-Persistence-Service/lib/oauth2-oidc-sdk-4.17.jar
7f7a12d3e000-7f7a12d43000 r--s 00034000 08:06 2514414                    /home/ukimiawz/RWTH/CAE-Model-Persistence-Service/lib/nimbus-jose-jwt-4.0.jar
7f7a12d43000-7f7a12d44000 r--s 00002000 08:06 2514401                    /home/ukimiawz/RWTH/CAE-Model-Persistence-Service/lib/lang-tag-1.4.jar
7f7a12d44000-7f7a12d4d000 r-xp 00000000 08:06 4495690                    /usr/lib/jvm/java-8-openjdk-amd64/jre/lib/amd64/libmanagement.so
7f7a12d4d000-7f7a12f4c000 ---p 00009000 08:06 4495690                    /usr/lib/jvm/java-8-openjdk-amd64/jre/lib/amd64/libmanagement.so
7f7a12f4c000-7f7a12f4d000 r--p 00008000 08:06 4495690                    /usr/lib/jvm/java-8-openjdk-amd64/jre/lib/amd64/libmanagement.so
7f7a12f4d000-7f7a12f4e000 rw-p 00009000 08:06 4495690                    /usr/lib/jvm/java-8-openjdk-amd64/jre/lib/amd64/libmanagement.so
7f7a12f4e000-7f7a12f76000 r-xp 00000000 08:06 4495689                    /usr/lib/jvm/java-8-openjdk-amd64/jre/lib/amd64/libsunec.so
7f7a12f76000-7f7a13176000 ---p 00028000 08:06 4495689                    /usr/lib/jvm/java-8-openjdk-amd64/jre/lib/amd64/libsunec.so
7f7a13176000-7f7a1317a000 r--p 00028000 08:06 4495689                    /usr/lib/jvm/java-8-openjdk-amd64/jre/lib/amd64/libsunec.so
7f7a1317a000-7f7a1317b000 rw-p 0002c000 08:06 4495689                    /usr/lib/jvm/java-8-openjdk-amd64/jre/lib/amd64/libsunec.so
7f7a1317b000-7f7a1347c000 rw-p 00000000 00:00 0 
7f7a1347c000-7f7a13493000 r-xp 00000000 08:06 4495696                    /usr/lib/jvm/java-8-openjdk-amd64/jre/lib/amd64/libnet.so
7f7a13493000-7f7a13692000 ---p 00017000 08:06 4495696                    /usr/lib/jvm/java-8-openjdk-amd64/jre/lib/amd64/libnet.so
7f7a13692000-7f7a13693000 r--p 00016000 08:06 4495696                    /usr/lib/jvm/java-8-openjdk-amd64/jre/lib/amd64/libnet.so
7f7a13693000-7f7a13694000 rw-p 00017000 08:06 4495696                    /usr/lib/jvm/java-8-openjdk-amd64/jre/lib/amd64/libnet.so
7f7a13694000-7f7a136a5000 r-xp 00000000 08:06 4495677                    /usr/lib/jvm/java-8-openjdk-amd64/jre/lib/amd64/libnio.so
7f7a136a5000-7f7a138a5000 ---p 00011000 08:06 4495677                    /usr/lib/jvm/java-8-openjdk-amd64/jre/lib/amd64/libnio.so
7f7a138a5000-7f7a138a6000 r--p 00011000 08:06 4495677                    /usr/lib/jvm/java-8-openjdk-amd64/jre/lib/amd64/libnio.so
7f7a138a6000-7f7a138a7000 rw-p 00012000 08:06 4495677                    /usr/lib/jvm/java-8-openjdk-amd64/jre/lib/amd64/libnio.so
7f7a138a7000-7f7a138a8000 ---p 00000000 00:00 0 
7f7a138a8000-7f7a139a8000 rw-p 00000000 00:00 0 
7f7a139a8000-7f7a139ab000 ---p 00000000 00:00 0 
7f7a139ab000-7f7a13aa9000 rw-p 00000000 00:00 0 
7f7a13aa9000-7f7a13aac000 ---p 00000000 00:00 0 
7f7a13aac000-7f7a13baa000 rw-p 00000000 00:00 0 
7f7a13baa000-7f7a14000000 r--p 00000000 08:06 4246003                    /usr/lib/locale/locale-archive
7f7a14000000-7f7a14021000 rw-p 00000000 00:00 0 
7f7a14021000-7f7a18000000 ---p 00000000 00:00 0 
7f7a18000000-7f7a18001000 r--s 00000000 08:06 2519974                    /home/ukimiawz/RWTH/CAE-Model-Persistence-Service/lib/jcip-annotations-1.0.jar
7f7a18001000-7f7a18008000 r--s 0005e000 08:06 2514451                    /home/ukimiawz/RWTH/CAE-Model-Persistence-Service/lib/commons-lang3-3.3.2.jar
7f7a18008000-7f7a1800a000 r--s 0000e000 08:06 2514417                    /home/ukimiawz/RWTH/CAE-Model-Persistence-Service/lib/activation-1.1.jar
7f7a1800a000-7f7a1800b000 r--s 00006000 08:06 2514402                    /home/ukimiawz/RWTH/CAE-Model-Persistence-Service/lib/las2peer-web-connector-0.6.7.jar
7f7a1800b000-7f7a1800f000 r--s 0002a000 08:06 2514449                    /home/ukimiawz/RWTH/CAE-Model-Persistence-Service/lib/commons-io-2.4.jar
7f7a1800f000-7f7a18010000 r--s 00000000 08:06 2519973                    /home/ukimiawz/RWTH/CAE-Model-Persistence-Service/lib/semantic-check-response-0.1.jar
7f7a18010000-7f7a18021000 r--s 0011d000 08:06 2520016                    /home/ukimiawz/RWTH/CAE-Model-Persistence-Service/lib/jackson-databind-2.8.5.jar
7f7a18021000-7f7a18028000 r--s 000a5000 08:06 2514421                    /home/ukimiawz/RWTH/CAE-Model-Persistence-Service/lib/mysql-connector-java-5.1.6.jar
7f7a18028000-7f7a1802a000 r--s 0000a000 08:06 2514471                    /home/ukimiawz/RWTH/CAE-Model-Persistence-Service/lib/asm-4.0.jar
7f7a1802a000-7f7a18032000 r--s 00078000 08:06 2519897                    /home/ukimiawz/RWTH/CAE-Model-Persistence-Service/lib/mail-1.4.7.jar
7f7a18032000-7f7a18035000 r--s 00011000 08:06 2520027                    /home/ukimiawz/RWTH/CAE-Model-Persistence-Service/lib/json-smart-1.3.1.jar
7f7a18035000-7f7a18036000 r--s 00003000 08:06 2519898                    /home/ukimiawz/RWTH/CAE-Model-Persistence-Service/lib/geronimo-jta_1.1_spec-1.1.1.jar
7f7a18036000-7f7a1803a000 r--s 00041000 08:06 2520032                    /home/ukimiawz/RWTH/CAE-Model-Persistence-Service/lib/jackson-core-2.8.5.jar
7f7a1803a000-7f7a1803e000 r--s 0000c000 08:06 2519954                    /home/ukimiawz/RWTH/CAE-Model-Persistence-Service/lib/validation-api-1.1.0.Final.jar
7f7a1803e000-7f7a18041000 r--s 0001f000 08:06 2520017                    /home/ukimiawz/RWTH/CAE-Model-Persistence-Service/lib/swagger-models-1.5.10.jar
7f7a18041000-7f7a18042000 r--s 00001000 08:06 2520031                    /home/ukimiawz/RWTH/CAE-Model-Persistence-Service/lib/swagger-jersey2-jaxrs-1.5.10.jar
7f7a18042000-7f7a18074000 r--s 00291000 08:06 2519886                    /home/ukimiawz/RWTH/CAE-Model-Persistence-Service/lib/FreePastry-2.1.1.jar
7f7a18074000-7f7a18076000 r--s 0000f000 08:06 2519995                    /home/ukimiawz/RWTH/CAE-Model-Persistence-Service/lib/swagger-jaxrs-1.5.10.jar
7f7a18076000-7f7a18079000 r--s 00017000 08:06 2519991                    /home/ukimiawz/RWTH/CAE-Model-Persistence-Service/lib/swagger-core-1.5.10.jar
7f7a18079000-7f7a1807a000 r--s 00004000 08:06 2520021                    /home/ukimiawz/RWTH/CAE-Model-Persistence-Service/lib/swagger-annotations-1.5.10.jar
7f7a1807a000-7f7a1807e000 r--s 00024000 08:06 2519986                    /home/ukimiawz/RWTH/CAE-Model-Persistence-Service/lib/stax2-api-3.1.4.jar
7f7a1807e000-7f7a18085000 r--s 0003c000 08:06 2519994                    /home/ukimiawz/RWTH/CAE-Model-Persistence-Service/lib/snakeyaml-1.12.jar
7f7a18085000-7f7a18087000 r--s 00005000 08:06 2514447                    /home/ukimiawz/RWTH/CAE-Model-Persistence-Service/lib/slf4j-api-1.6.3.jar
7f7a18087000-7f7a1808a000 r--s 0001d000 08:06 2519958                    /home/ukimiawz/RWTH/CAE-Model-Persistence-Service/lib/reflections-0.9.10.jar
7f7a1808a000-7f7a1808b000 r--s 00004000 08:06 2514458                    /home/ukimiawz/RWTH/CAE-Model-Persistence-Service/lib/osgi-resource-locator-1.0.1.jar
7f7a1808b000-7f7a1808d000 r--s 00009000 08:06 2519885                    /home/ukimiawz/RWTH/CAE-Model-Persistence-Service/lib/mimepull-1.8.jar
7f7a1808d000-7f7a18090000 r--s 0001b000 08:06 2519949                    /home/ukimiawz/RWTH/CAE-Model-Persistence-Service/lib/xpp3-1.1.4c.jar
7f7a18090000-7f7a18098000 r--s 00045000 08:06 2519957                    /home/ukimiawz/RWTH/CAE-Model-Persistence-Service/lib/junit-4.12.jar
7f7a18098000-7f7a1809a000 r--s 00009000 08:06 2519950                    /home/ukimiawz/RWTH/CAE-Model-Persistence-Service/lib/hamcrest-core-1.3.jar
7f7a1809a000-7f7a1809f000 r--s 0009a000 08:06 4495671                    /usr/lib/jvm/java-8-openjdk-amd64/jre/lib/jsse.jar
7f7a1809f000-7f7a180a5000 r--s 0005c000 08:06 2514448                    /home/ukimiawz/RWTH/CAE-Model-Persistence-Service/lib/las2peer-0.6.7.jar
7f7a180a5000-7f7a180bb000 r--s 000d3000 08:06 2514425                    /home/ukimiawz/RWTH/CAE-Model-Persistence-Service/lib/jersey-server-2.23.2.jar
7f7a180bb000-7f7a180be000 ---p 00000000 00:00 0 
7f7a180be000-7f7a181bc000 rw-p 00000000 00:00 0 
7f7a181bc000-7f7a181bf000 ---p 00000000 00:00 0 
7f7a181bf000-7f7a182bd000 rw-p 00000000 00:00 0 
7f7a182bd000-7f7a182c0000 ---p 00000000 00:00 0 
7f7a182c0000-7f7a183be000 rw-p 00000000 00:00 0 
7f7a183be000-7f7a183c1000 ---p 00000000 00:00 0 
7f7a183c1000-7f7a184bf000 rw-p 00000000 00:00 0 
7f7a184bf000-7f7a184c2000 ---p 00000000 00:00 0 
7f7a184c2000-7f7a1c000000 rw-p 00000000 00:00 0 
7f7a1c000000-7f7a1c021000 rw-p 00000000 00:00 0 
7f7a1c021000-7f7a20000000 ---p 00000000 00:00 0 
7f7a20000000-7f7a20003000 r--s 00015000 08:06 4495734                    /usr/lib/jvm/java-8-openjdk-amd64/jre/lib/jce.jar
7f7a20003000-7f7a20013000 r--s 0007d000 08:06 2519978                    /home/ukimiawz/RWTH/CAE-Model-Persistence-Service/lib/joda-time-2.2.jar
7f7a20013000-7f7a20016000 r--s 0000d000 08:06 2519890                    /home/ukimiawz/RWTH/CAE-Model-Persistence-Service/lib/jersey-media-multipart-2.1.jar
7f7a20016000-7f7a20018000 r--s 00004000 08:06 2519896                    /home/ukimiawz/RWTH/CAE-Model-Persistence-Service/lib/jersey-media-json-jackson-2.23.2.jar
7f7a20018000-7f7a2001a000 r--s 00010000 08:06 2519977                    /home/ukimiawz/RWTH/CAE-Model-Persistence-Service/lib/jersey-media-jaxb-2.23.2.jar
7f7a2001a000-7f7a20032000 r--s 000d6000 08:06 2520026                    /home/ukimiawz/RWTH/CAE-Model-Persistence-Service/lib/jersey-guava-2.23.2.jar
7f7a20032000-7f7a20035000 r--s 0000f000 08:06 2519935                    /home/ukimiawz/RWTH/CAE-Model-Persistence-Service/lib/jersey-entity-filtering-2.23.2.jar
7f7a20035000-7f7a20037000 r--s 0000b000 08:06 2514413                    /home/ukimiawz/RWTH/CAE-Model-Persistence-Service/lib/jersey-container-servlet-core-2.1.jar
7f7a20037000-7f7a2003c000 r--s 00025000 08:06 2514424                    /home/ukimiawz/RWTH/CAE-Model-Persistence-Service/lib/jersey-client-2.23.2.jar
7f7a2003c000-7f7a20040000 r--s 00019000 08:06 2514423                    /home/ukimiawz/RWTH/CAE-Model-Persistence-Service/lib/javax.ws.rs-api-2.0.1.jar
7f7a20040000-7f7a20041000 r--s 00001000 08:06 2514457                    /home/ukimiawz/RWTH/CAE-Model-Persistence-Service/lib/javax.inject-2.5.0-b05.jar
7f7a20041000-7f7a20043000 r--s 00005000 08:06 2519959                    /home/ukimiawz/RWTH/CAE-Model-Persistence-Service/lib/javax.annotation-api-1.2.jar
7f7a20043000-7f7a2004d000 r--s 000ae000 08:06 2520033                    /home/ukimiawz/RWTH/CAE-Model-Persistence-Service/lib/javassist-3.20.0-GA.jar
7f7a2004d000-7f7a2004f000 r--s 00003000 08:06 2520030                    /home/ukimiawz/RWTH/CAE-Model-Persistence-Service/lib/jackson-jaxrs-json-provider-2.5.4.jar
7f7a2004f000-7f7a20051000 r--s 00006000 08:06 2520020                    /home/ukimiawz/RWTH/CAE-Model-Persistence-Service/lib/jackson-jaxrs-base-2.5.4.jar
7f7a20051000-7f7a20053000 r--s 0000c000 08:06 2520029                    /home/ukimiawz/RWTH/CAE-Model-Persistence-Service/lib/jackson-datatype-joda-2.4.5.jar
7f7a20053000-7f7a2005c000 r--s 00046000 08:06 2520022                    /home/ukimiawz/RWTH/CAE-Model-Persistence-Service/lib/jackson-dataformat-yaml-2.4.5.jar
7f7a2005c000-7f7a2005f000 r--s 00014000 08:06 2520025                    /home/ukimiawz/RWTH/CAE-Model-Persistence-Service/lib/jackson-dataformat-xml-2.4.5.jar
7f7a2005f000-7f7a20063000 r--s 0001a000 08:06 2519948                    /home/ukimiawz/RWTH/CAE-Model-Persistence-Service/lib/hk2-utils-2.5.0-b05.jar
7f7a20063000-7f7a20066000 r--s 0002a000 08:06 2514398                    /home/ukimiawz/RWTH/CAE-Model-Persistence-Service/lib/hk2-locator-2.5.0-b05.jar
7f7a20066000-7f7a2006b000 r--s 00027000 08:06 2519946                    /home/ukimiawz/RWTH/CAE-Model-Persistence-Service/lib/hk2-api-2.5.0-b05.jar
7f7a2006b000-7f7a20096000 r--s 001fc000 08:06 2520028                    /home/ukimiawz/RWTH/CAE-Model-Persistence-Service/lib/guava-18.0.jar
7f7a20096000-7f7a2009a000 r--s 0000f000 08:06 2514459                    /home/ukimiawz/RWTH/CAE-Model-Persistence-Service/lib/annotations-2.0.1.jar
7f7a2009a000-7f7a200b5000 r--s 00394000 08:06 4489088                    /usr/lib/jvm/java-8-openjdk-amd64/jre/lib/ext/cldrdata.jar
7f7a200b5000-7f7a200d0000 r--s 001d6000 08:06 4489089                    /usr/lib/jvm/java-8-openjdk-amd64/jre/lib/ext/nashorn.jar
7f7a200d0000-7f7a200d1000 ---p 00000000 00:00 0 
7f7a200d1000-7f7a21000000 rw-p 00000000 00:00 0 
7f7a21000000-7f7a223d0000 rwxp 00000000 00:00 0 
7f7a223d0000-7f7a30000000 ---p 00000000 00:00 0 
7f7a30000000-7f7a30a3c000 rw-p 00000000 00:00 0 
7f7a30a3c000-7f7a34000000 ---p 00000000 00:00 0 
7f7a34000000-7f7a34001000 r--s 00007000 08:06 2520024                    /home/ukimiawz/RWTH/CAE-Model-Persistence-Service/lib/jackson-module-jaxb-annotations-2.5.4.jar
7f7a34001000-7f7a34003000 r--s 00002000 08:06 2519945                    /home/ukimiawz/RWTH/CAE-Model-Persistence-Service/lib/aopalliance-repackaged-2.5.0-b05.jar
7f7a34003000-7f7a34004000 r--s 00002000 08:06 2519947                    /home/ukimiawz/RWTH/CAE-Model-Persistence-Service/lib/las2peer-rest-mapper-0.6.7.jar
7f7a34004000-7f7a34013000 r--s 000a0000 08:06 2514435                    /home/ukimiawz/RWTH/CAE-Model-Persistence-Service/lib/jersey-common-2.23.2.jar
7f7a34013000-7f7a341c5000 rw-p 00000000 00:00 0 
7f7a341c5000-7f7a34393000 r--s 03c13000 08:06 4489087                    /usr/lib/jvm/java-8-openjdk-amd64/jre/lib/rt.jar
7f7a34393000-7f7a34fad000 rw-p 00000000 00:00 0 
7f7a34fad000-7f7a34fae000 ---p 00000000 00:00 0 
7f7a34fae000-7f7a350ae000 rw-p 00000000 00:00 0 
7f7a350ae000-7f7a350af000 ---p 00000000 00:00 0 
7f7a350af000-7f7a351af000 rw-p 00000000 00:00 0 
7f7a351af000-7f7a351b0000 ---p 00000000 00:00 0 
7f7a351b0000-7f7a352b0000 rw-p 00000000 00:00 0 
7f7a352b0000-7f7a352b1000 ---p 00000000 00:00 0 
7f7a352b1000-7f7a353de000 rw-p 00000000 00:00 0 
7f7a353de000-7f7a3561f000 ---p 00000000 00:00 0 
7f7a3561f000-7f7a3564c000 rw-p 00000000 00:00 0 
7f7a3564c000-7f7a3588c000 ---p 00000000 00:00 0 
7f7a3588c000-7f7a3589c000 rw-p 00000000 00:00 0 
7f7a3589c000-7f7a359c3000 ---p 00000000 00:00 0 
7f7a359c3000-7f7a35a14000 rw-p 00000000 00:00 0 
7f7a35a14000-7f7a35d84000 ---p 00000000 00:00 0 
7f7a35d84000-7f7a35d8c000 r-xp 00000000 08:06 4495687                    /usr/lib/jvm/java-8-openjdk-amd64/jre/lib/amd64/libzip.so
7f7a35d8c000-7f7a35f8b000 ---p 00008000 08:06 4495687                    /usr/lib/jvm/java-8-openjdk-amd64/jre/lib/amd64/libzip.so
7f7a35f8b000-7f7a35f8c000 r--p 00007000 08:06 4495687                    /usr/lib/jvm/java-8-openjdk-amd64/jre/lib/amd64/libzip.so
7f7a35f8c000-7f7a35f8d000 rw-p 00008000 08:06 4495687                    /usr/lib/jvm/java-8-openjdk-amd64/jre/lib/amd64/libzip.so
7f7a35f8d000-7f7a35f98000 r-xp 00000000 08:06 2901582                    /lib/x86_64-linux-gnu/libnss_files-2.23.so
7f7a35f98000-7f7a36197000 ---p 0000b000 08:06 2901582                    /lib/x86_64-linux-gnu/libnss_files-2.23.so
7f7a36197000-7f7a36198000 r--p 0000a000 08:06 2901582                    /lib/x86_64-linux-gnu/libnss_files-2.23.so
7f7a36198000-7f7a36199000 rw-p 0000b000 08:06 2901582                    /lib/x86_64-linux-gnu/libnss_files-2.23.so
7f7a36199000-7f7a3619f000 rw-p 00000000 00:00 0 
7f7a3619f000-7f7a361aa000 r-xp 00000000 08:06 2901585                    /lib/x86_64-linux-gnu/libnss_nis-2.23.so
7f7a361aa000-7f7a363a9000 ---p 0000b000 08:06 2901585                    /lib/x86_64-linux-gnu/libnss_nis-2.23.so
7f7a363a9000-7f7a363aa000 r--p 0000a000 08:06 2901585                    /lib/x86_64-linux-gnu/libnss_nis-2.23.so
7f7a363aa000-7f7a363ab000 rw-p 0000b000 08:06 2901585                    /lib/x86_64-linux-gnu/libnss_nis-2.23.so
7f7a363ab000-7f7a363c1000 r-xp 00000000 08:06 2901578                    /lib/x86_64-linux-gnu/libnsl-2.23.so
7f7a363c1000-7f7a365c0000 ---p 00016000 08:06 2901578                    /lib/x86_64-linux-gnu/libnsl-2.23.so
7f7a365c0000-7f7a365c1000 r--p 00015000 08:06 2901578                    /lib/x86_64-linux-gnu/libnsl-2.23.so
7f7a365c1000-7f7a365c2000 rw-p 00016000 08:06 2901578                    /lib/x86_64-linux-gnu/libnsl-2.23.so
7f7a365c2000-7f7a365c4000 rw-p 00000000 00:00 0 
7f7a365c4000-7f7a365cc000 r-xp 00000000 08:06 2901591                    /lib/x86_64-linux-gnu/libnss_compat-2.23.so
7f7a365cc000-7f7a367cb000 ---p 00008000 08:06 2901591                    /lib/x86_64-linux-gnu/libnss_compat-2.23.so
7f7a367cb000-7f7a367cc000 r--p 00007000 08:06 2901591                    /lib/x86_64-linux-gnu/libnss_compat-2.23.so
7f7a367cc000-7f7a367cd000 rw-p 00008000 08:06 2901591                    /lib/x86_64-linux-gnu/libnss_compat-2.23.so
7f7a367cd000-7f7a367fa000 r-xp 00000000 08:06 4495702                    /usr/lib/jvm/java-8-openjdk-amd64/jre/lib/amd64/libjava.so
7f7a367fa000-7f7a369f9000 ---p 0002d000 08:06 4495702                    /usr/lib/jvm/java-8-openjdk-amd64/jre/lib/amd64/libjava.so
7f7a369f9000-7f7a369fa000 r--p 0002c000 08:06 4495702                    /usr/lib/jvm/java-8-openjdk-amd64/jre/lib/amd64/libjava.so
7f7a369fa000-7f7a369fc000 rw-p 0002d000 08:06 4495702                    /usr/lib/jvm/java-8-openjdk-amd64/jre/lib/amd64/libjava.so
7f7a369fc000-7f7a36a0b000 r-xp 00000000 08:06 4495681                    /usr/lib/jvm/java-8-openjdk-amd64/jre/lib/amd64/libverify.so
7f7a36a0b000-7f7a36c0a000 ---p 0000f000 08:06 4495681                    /usr/lib/jvm/java-8-openjdk-amd64/jre/lib/amd64/libverify.so
7f7a36c0a000-7f7a36c0c000 r--p 0000e000 08:06 4495681                    /usr/lib/jvm/java-8-openjdk-amd64/jre/lib/amd64/libverify.so
7f7a36c0c000-7f7a36c0d000 rw-p 00010000 08:06 4495681                    /usr/lib/jvm/java-8-openjdk-amd64/jre/lib/amd64/libverify.so
7f7a36c0d000-7f7a36c14000 r-xp 00000000 08:06 2901587                    /lib/x86_64-linux-gnu/librt-2.23.so
7f7a36c14000-7f7a36e13000 ---p 00007000 08:06 2901587                    /lib/x86_64-linux-gnu/librt-2.23.so
7f7a36e13000-7f7a36e14000 r--p 00006000 08:06 2901587                    /lib/x86_64-linux-gnu/librt-2.23.so
7f7a36e14000-7f7a36e15000 rw-p 00007000 08:06 2901587                    /lib/x86_64-linux-gnu/librt-2.23.so
7f7a36e15000-7f7a36e2b000 r-xp 00000000 08:06 2888656                    /lib/x86_64-linux-gnu/libgcc_s.so.1
7f7a36e2b000-7f7a3702a000 ---p 00016000 08:06 2888656                    /lib/x86_64-linux-gnu/libgcc_s.so.1
7f7a3702a000-7f7a3702b000 rw-p 00015000 08:06 2888656                    /lib/x86_64-linux-gnu/libgcc_s.so.1
7f7a3702b000-7f7a37133000 r-xp 00000000 08:06 2901596                    /lib/x86_64-linux-gnu/libm-2.23.so
7f7a37133000-7f7a37332000 ---p 00108000 08:06 2901596                    /lib/x86_64-linux-gnu/libm-2.23.so
7f7a37332000-7f7a37333000 r--p 00107000 08:06 2901596                    /lib/x86_64-linux-gnu/libm-2.23.so
7f7a37333000-7f7a37334000 rw-p 00108000 08:06 2901596                    /lib/x86_64-linux-gnu/libm-2.23.so
7f7a37334000-7f7a374a6000 r-xp 00000000 08:06 4196481                    /usr/lib/x86_64-linux-gnu/libstdc++.so.6.0.21
7f7a374a6000-7f7a376a6000 ---p 00172000 08:06 4196481                    /usr/lib/x86_64-linux-gnu/libstdc++.so.6.0.21
7f7a376a6000-7f7a376b0000 r--p 00172000 08:06 4196481                    /usr/lib/x86_64-linux-gnu/libstdc++.so.6.0.21
7f7a376b0000-7f7a376b2000 rw-p 0017c000 08:06 4196481                    /usr/lib/x86_64-linux-gnu/libstdc++.so.6.0.21
7f7a376b2000-7f7a376b6000 rw-p 00000000 00:00 0 
7f7a376b6000-7f7a3830a000 r-xp 00000000 08:06 4495686                    /usr/lib/jvm/java-8-openjdk-amd64/jre/lib/amd64/server/libjvm.so
7f7a3830a000-7f7a3850a000 ---p 00c54000 08:06 4495686                    /usr/lib/jvm/java-8-openjdk-amd64/jre/lib/amd64/server/libjvm.so
7f7a3850a000-7f7a3859d000 r--p 00c54000 08:06 4495686                    /usr/lib/jvm/java-8-openjdk-amd64/jre/lib/amd64/server/libjvm.so
7f7a3859d000-7f7a385c6000 rw-p 00ce7000 08:06 4495686                    /usr/lib/jvm/java-8-openjdk-amd64/jre/lib/amd64/server/libjvm.so
7f7a385c6000-7f7a385f6000 rw-p 00000000 00:00 0 
7f7a385f6000-7f7a3860e000 r-xp 00000000 08:06 2901584                    /lib/x86_64-linux-gnu/libpthread-2.23.so
7f7a3860e000-7f7a3880d000 ---p 00018000 08:06 2901584                    /lib/x86_64-linux-gnu/libpthread-2.23.so
7f7a3880d000-7f7a3880e000 r--p 00017000 08:06 2901584                    /lib/x86_64-linux-gnu/libpthread-2.23.so
7f7a3880e000-7f7a3880f000 rw-p 00018000 08:06 2901584                    /lib/x86_64-linux-gnu/libpthread-2.23.so
7f7a3880f000-7f7a38813000 rw-p 00000000 00:00 0 
7f7a38813000-7f7a38816000 r-xp 00000000 08:06 2901590                    /lib/x86_64-linux-gnu/libdl-2.23.so
7f7a38816000-7f7a38a15000 ---p 00003000 08:06 2901590                    /lib/x86_64-linux-gnu/libdl-2.23.so
7f7a38a15000-7f7a38a16000 r--p 00002000 08:06 2901590                    /lib/x86_64-linux-gnu/libdl-2.23.so
7f7a38a16000-7f7a38a17000 rw-p 00003000 08:06 2901590                    /lib/x86_64-linux-gnu/libdl-2.23.so
7f7a38a17000-7f7a38a30000 r-xp 00000000 08:06 2906478                    /lib/x86_64-linux-gnu/libz.so.1.2.8
7f7a38a30000-7f7a38c2f000 ---p 00019000 08:06 2906478                    /lib/x86_64-linux-gnu/libz.so.1.2.8
7f7a38c2f000-7f7a38c30000 r--p 00018000 08:06 2906478                    /lib/x86_64-linux-gnu/libz.so.1.2.8
7f7a38c30000-7f7a38c31000 rw-p 00019000 08:06 2906478                    /lib/x86_64-linux-gnu/libz.so.1.2.8
7f7a38c31000-7f7a38df1000 r-xp 00000000 08:06 2901601                    /lib/x86_64-linux-gnu/libc-2.23.so
7f7a38df1000-7f7a38ff1000 ---p 001c0000 08:06 2901601                    /lib/x86_64-linux-gnu/libc-2.23.so
7f7a38ff1000-7f7a38ff5000 r--p 001c0000 08:06 2901601                    /lib/x86_64-linux-gnu/libc-2.23.so
7f7a38ff5000-7f7a38ff7000 rw-p 001c4000 08:06 2901601                    /lib/x86_64-linux-gnu/libc-2.23.so
7f7a38ff7000-7f7a38ffb000 rw-p 00000000 00:00 0 
7f7a38ffb000-7f7a39008000 r-xp 00000000 08:06 4495679                    /usr/lib/jvm/java-8-openjdk-amd64/jre/lib/amd64/jli/libjli.so
7f7a39008000-7f7a39208000 ---p 0000d000 08:06 4495679                    /usr/lib/jvm/java-8-openjdk-amd64/jre/lib/amd64/jli/libjli.so
7f7a39208000-7f7a39209000 r--p 0000d000 08:06 4495679                    /usr/lib/jvm/java-8-openjdk-amd64/jre/lib/amd64/jli/libjli.so
7f7a39209000-7f7a3920a000 rw-p 0000e000 08:06 4495679                    /usr/lib/jvm/java-8-openjdk-amd64/jre/lib/amd64/jli/libjli.so
7f7a3920a000-7f7a39230000 r-xp 00000000 08:06 2901579                    /lib/x86_64-linux-gnu/ld-2.23.so
7f7a39230000-7f7a39237000 r--s 0002f000 08:06 2519929                    /home/ukimiawz/RWTH/CAE-Model-Persistence-Service/lib/jaxp-api-1.4.5.jar
7f7a39237000-7f7a39238000 r--s 00000000 08:06 2519971                    /home/ukimiawz/RWTH/CAE-Model-Persistence-Service/lib/cae-simple-model-representation-0.3.jar
7f7a39238000-7f7a39242000 r--s 00116000 08:06 4489090                    /usr/lib/jvm/java-8-openjdk-amd64/jre/lib/ext/localedata.jar
7f7a39242000-7f7a3930b000 rw-p 00000000 00:00 0 
7f7a3930b000-7f7a3930e000 ---p 00000000 00:00 0 
7f7a3930e000-7f7a39411000 rw-p 00000000 00:00 0 
7f7a39411000-7f7a39412000 r--s 0000a000 08:06 4489093                    /usr/lib/jvm/java-8-openjdk-amd64/jre/lib/ext/jaccess.jar
7f7a39412000-7f7a39415000 r--s 0000f000 08:06 4489095                    /usr/lib/jvm/java-8-openjdk-amd64/jre/lib/ext/icedtea-sound.jar
7f7a39415000-7f7a39419000 r--s 00037000 08:06 4489091                    /usr/lib/jvm/java-8-openjdk-amd64/jre/lib/ext/sunpkcs11.jar
7f7a39419000-7f7a3941b000 r--s 00008000 08:06 4489208                    /usr/lib/jvm/java-8-openjdk-amd64/jre/lib/ext/sunec.jar
7f7a3941b000-7f7a39420000 r--s 0003b000 08:06 4489094                    /usr/lib/jvm/java-8-openjdk-amd64/jre/lib/ext/sunjce_provider.jar
7f7a39420000-7f7a39421000 r--s 00010000 08:06 4495669                    /usr/lib/jvm/java-8-openjdk-amd64/jre/lib/ext/zipfs.jar
7f7a39421000-7f7a39423000 r--s 00001000 08:06 4489092                    /usr/lib/jvm/java-8-openjdk-amd64/jre/lib/ext/dnsns.jar
7f7a39423000-7f7a3942b000 rw-s 00000000 08:06 525970                     /tmp/hsperfdata_root/5201
7f7a3942b000-7f7a3942c000 rw-p 00000000 00:00 0 
7f7a3942c000-7f7a3942d000 r--p 00000000 00:00 0 
7f7a3942d000-7f7a3942f000 rw-p 00000000 00:00 0 
7f7a3942f000-7f7a39430000 r--p 00025000 08:06 2901579                    /lib/x86_64-linux-gnu/ld-2.23.so
7f7a39430000-7f7a39431000 rw-p 00026000 08:06 2901579                    /lib/x86_64-linux-gnu/ld-2.23.so
7f7a39431000-7f7a39432000 rw-p 00000000 00:00 0 
7ffd59e91000-7ffd59eb2000 rw-p 00000000 00:00 0                          [stack]
7ffd59fc8000-7ffd59fca000 r--p 00000000 00:00 0                          [vvar]
7ffd59fca000-7ffd59fcc000 r-xp 00000000 00:00 0                          [vdso]
ffffffffff600000-ffffffffff601000 r-xp 00000000 00:00 0                  [vsyscall]

VM Arguments:
java_command: i5.las2peer.tools.L2pNodeLauncher -p 9011 uploadStartupDirectory('etc/startup') startService('i5.las2peer.services.modelPersistenceService.ModelPersistenceService@0.1') startWebConnector interactive
java_class_path (initial): lib/jersey-common-2.23.2.jar:lib/cae-simple-model-representation-0.3.jar:lib/jaxp-api-1.4.5.jar:lib/las2peer-rest-mapper-0.6.7.jar:lib/jackson-core-2.8.5.jar:lib/jersey-container-servlet-core-2.1.jar:lib/las2peer-0.6.7.jar:lib/geronimo-jta_1.1_spec-1.1.1.jar:lib/json-smart-1.3.1.jar:lib/jersey-media-json-jackson-2.23.2.jar:lib/mail-1.4.7.jar:lib/jackson-module-jaxb-annotations-2.5.4.jar:lib/asm-4.0.jar:lib/mysql-connector-java-5.1.6.jar:lib/jersey-media-jaxb-2.23.2.jar:lib/jackson-databind-2.8.5.jar:lib/mimepull-1.8.jar:lib/jackson-dataformat-yaml-2.4.5.jar:lib/joda-time-2.2.jar:lib/FreePastry-2.1.1.jar:lib/jersey-media-multipart-2.1.jar:lib/semantic-check-response-0.1.jar:lib/stax2-api-3.1.4.jar:lib/commons-io-2.4.jar:lib/jackson-datatype-joda-2.4.5.jar:lib/hamcrest-core-1.3.jar:lib/las2peer-web-connector-0.6.7.jar:lib/jersey-client-2.23.2.jar:lib/osgi-resource-locator-1.0.1.jar:lib/asm-tree-4.0.jar:lib/javax.ws.rs-api-2.0.1.jar:lib/junit-4.12.jar:lib/hk2-utils-2.5.0-b05.jar:lib/nimbus-jose-jwt-4.0.jar:lib/commons-logging-1.1.3.jar:lib/jersey-server-2.23.2.jar:lib/annotations-2.0.1.jar:lib/commons-lang3-3.3.2.jar:lib/swagger-core-1.5.10.jar:lib/aopalliance-repackaged-2.5.0-b05.jar:lib/javax.annotation-api-1.2.jar:lib/guava-18.0.jar:lib/javassist-3.20.0-GA.jar:lib/lang-tag-1.4.jar:lib/jcip-annotations-1.0.jar:lib/swagger-jaxrs-1.5.10.jar:lib/jersey-entity-filtering-2.23.2.jar:lib/json-simple-1.1.1.jar:lib/validation-api-1.1.0.Final.jar:lib/jackson-jaxrs-json-provider-2.5.4.jar:lib/javax.inject-2.5.0-b05.jar:lib/swagger-annotations-1.5.10.jar:lib/jackson-annotations-2.8.0.jar:lib/swagger-models-1.5.10.jar:lib/jackson-jaxrs-base-2.5.4.jar:lib/slf4j-api-1.6.3.jar:lib/oauth2-oidc-sdk-4.17.jar:lib/swagger-jersey2-jaxrs-1.5.10.jar:lib/reflections-0.9.10.jar:lib/hk2-api-2.5.0-b05.jar:lib/snakeyaml-1.12.jar:lib/jackson-dataformat-xml-2.4.5.jar:lib/commons-pool2-2.2.jar:lib/activation-1.1.jar:lib/jersey-guava-2.23.2.jar:lib/xpp3-1.1.4c.jar:lib/as
Launcher Type: SUN_STANDARD

Environment Variables:
JAVA_HOME=/usr/lib/jvm/java-8-openjdk-amd64
PATH=/usr/local/sbin:/usr/local/bin:/usr/sbin:/usr/bin:/sbin:/bin:/snap/bin
USERNAME=root
SHELL=/bin/bash
DISPLAY=:0

Signal Handlers:
SIGSEGV: [libjvm.so+0xa6ad10], sa_mask[0]=11111111011111111101111111111110, sa_flags=SA_RESTART|SA_SIGINFO
SIGBUS: [libjvm.so+0xa6ad10], sa_mask[0]=11111111011111111101111111111110, sa_flags=SA_RESTART|SA_SIGINFO
SIGFPE: [libjvm.so+0x8b3bc0], sa_mask[0]=11111111011111111101111111111110, sa_flags=SA_RESTART|SA_SIGINFO
SIGPIPE: [libjvm.so+0x8b3bc0], sa_mask[0]=11111111011111111101111111111110, sa_flags=SA_RESTART|SA_SIGINFO
SIGXFSZ: [libjvm.so+0x8b3bc0], sa_mask[0]=11111111011111111101111111111110, sa_flags=SA_RESTART|SA_SIGINFO
SIGILL: [libjvm.so+0x8b3bc0], sa_mask[0]=11111111011111111101111111111110, sa_flags=SA_RESTART|SA_SIGINFO
SIGUSR1: SIG_DFL, sa_mask[0]=00000000000000000000000000000000, sa_flags=none
SIGUSR2: [libjvm.so+0x8b3a70], sa_mask[0]=00000000000000000000000000000000, sa_flags=SA_RESTART|SA_SIGINFO
SIGHUP: [libjvm.so+0x8b3f40], sa_mask[0]=11111111011111111101111111111110, sa_flags=SA_RESTART|SA_SIGINFO
SIGINT: [libjvm.so+0x8b3f40], sa_mask[0]=11111111011111111101111111111110, sa_flags=SA_RESTART|SA_SIGINFO
SIGTERM: [libjvm.so+0x8b3f40], sa_mask[0]=11111111011111111101111111111110, sa_flags=SA_RESTART|SA_SIGINFO
SIGQUIT: [libjvm.so+0x8b3f40], sa_mask[0]=11111111011111111101111111111110, sa_flags=SA_RESTART|SA_SIGINFO


---------------  S Y S T E M  ---------------

OS:DISTRIB_ID=Ubuntu
DISTRIB_RELEASE=16.04
DISTRIB_CODENAME=xenial
DISTRIB_DESCRIPTION="Ubuntu 16.04.2 LTS"

uname:Linux 4.4.0-93-generic #116-Ubuntu SMP Fri Aug 11 21:17:51 UTC 2017 x86_64
libc:glibc 2.23 NPTL 2.23 
rlimit: STACK 8192k, CORE 0k, NPROC 29656, NOFILE 65536, AS infinity
load average:2,95 2,84 2,47

/proc/meminfo:
MemTotal:        7632580 kB
MemFree:          796476 kB
MemAvailable:     993124 kB
Buffers:           52068 kB
Cached:           830120 kB
SwapCached:       116280 kB
Active:          5377296 kB
Inactive:        1111168 kB
Active(anon):    5146152 kB
Inactive(anon):   953916 kB
Active(file):     231144 kB
Inactive(file):   157252 kB
Unevictable:         304 kB
Mlocked:             304 kB
SwapTotal:       7854076 kB
SwapFree:        5626320 kB
Dirty:               384 kB
Writeback:             0 kB
AnonPages:       5569436 kB
Mapped:           453956 kB
Shmem:            493412 kB
Slab:             118476 kB
SReclaimable:      59824 kB
SUnreclaim:        58652 kB
KernelStack:       17808 kB
PageTables:        88532 kB
NFS_Unstable:          0 kB
Bounce:                0 kB
WritebackTmp:          0 kB
CommitLimit:    11670364 kB
Committed_AS:   18575324 kB
VmallocTotal:   34359738367 kB
VmallocUsed:           0 kB
VmallocChunk:          0 kB
HardwareCorrupted:     0 kB
AnonHugePages:   1550336 kB
CmaTotal:              0 kB
CmaFree:               0 kB
HugePages_Total:       0
HugePages_Free:        0
HugePages_Rsvd:        0
HugePages_Surp:        0
Hugepagesize:       2048 kB
DirectMap4k:      287512 kB
DirectMap2M:     7553024 kB
DirectMap1G:     1048576 kB


CPU:total 4 (initial active 4) (2 cores per cpu, 2 threads per core) family 6 model 78 stepping 3, cmov, cx8, fxsr, mmx, sse, sse2, sse3, ssse3, sse4.1, sse4.2, popcnt, avx, avx2, aes, clmul, erms, 3dnowpref, lzcnt, ht, tsc, tscinvbit, bmi1, bmi2, adx

/proc/cpuinfo:
processor	: 0
vendor_id	: GenuineIntel
cpu family	: 6
model		: 78
model name	: Intel(R) Core(TM) i5-6200U CPU @ 2.30GHz
stepping	: 3
microcode	: 0x9e
cpu MHz		: 2700.000
cache size	: 3072 KB
physical id	: 0
siblings	: 4
core id		: 0
cpu cores	: 2
apicid		: 0
initial apicid	: 0
fpu		: yes
fpu_exception	: yes
cpuid level	: 22
wp		: yes
flags		: fpu vme de pse tsc msr pae mce cx8 apic sep mtrr pge mca cmov pat pse36 clflush dts acpi mmx fxsr sse sse2 ss ht tm pbe syscall nx pdpe1gb rdtscp lm constant_tsc art arch_perfmon pebs bts rep_good nopl xtopology nonstop_tsc aperfmperf eagerfpu pni pclmulqdq dtes64 monitor ds_cpl vmx est tm2 ssse3 sdbg fma cx16 xtpr pdcm pcid sse4_1 sse4_2 x2apic movbe popcnt tsc_deadline_timer aes xsave avx f16c rdrand lahf_lm abm 3dnowprefetch epb intel_pt tpr_shadow vnmi flexpriority ept vpid fsgsbase tsc_adjust bmi1 avx2 smep bmi2 erms invpcid mpx rdseed adx smap clflushopt xsaveopt xsavec xgetbv1 dtherm ida arat pln pts hwp hwp_notify hwp_act_window hwp_epp
bugs		:
bogomips	: 4800.43
clflush size	: 64
cache_alignment	: 64
address sizes	: 39 bits physical, 48 bits virtual
power management:

processor	: 1
vendor_id	: GenuineIntel
cpu family	: 6
model		: 78
model name	: Intel(R) Core(TM) i5-6200U CPU @ 2.30GHz
stepping	: 3
microcode	: 0x9e
cpu MHz		: 2579.062
cache size	: 3072 KB
physical id	: 0
siblings	: 4
core id		: 1
cpu cores	: 2
apicid		: 2
initial apicid	: 2
fpu		: yes
fpu_exception	: yes
cpuid level	: 22
wp		: yes
flags		: fpu vme de pse tsc msr pae mce cx8 apic sep mtrr pge mca cmov pat pse36 clflush dts acpi mmx fxsr sse sse2 ss ht tm pbe syscall nx pdpe1gb rdtscp lm constant_tsc art arch_perfmon pebs bts rep_good nopl xtopology nonstop_tsc aperfmperf eagerfpu pni pclmulqdq dtes64 monitor ds_cpl vmx est tm2 ssse3 sdbg fma cx16 xtpr pdcm pcid sse4_1 sse4_2 x2apic movbe popcnt tsc_deadline_timer aes xsave avx f16c rdrand lahf_lm abm 3dnowprefetch epb intel_pt tpr_shadow vnmi flexpriority ept vpid fsgsbase tsc_adjust bmi1 avx2 smep bmi2 erms invpcid mpx rdseed adx smap clflushopt xsaveopt xsavec xgetbv1 dtherm ida arat pln pts hwp hwp_notify hwp_act_window hwp_epp
bugs		:
bogomips	: 4800.43
clflush size	: 64
cache_alignment	: 64
address sizes	: 39 bits physical, 48 bits virtual
power management:

processor	: 2
vendor_id	: GenuineIntel
cpu family	: 6
model		: 78
model name	: Intel(R) Core(TM) i5-6200U CPU @ 2.30GHz
stepping	: 3
microcode	: 0x9e
cpu MHz		: 2595.281
cache size	: 3072 KB
physical id	: 0
siblings	: 4
core id		: 0
cpu cores	: 2
apicid		: 1
initial apicid	: 1
fpu		: yes
fpu_exception	: yes
cpuid level	: 22
wp		: yes
flags		: fpu vme de pse tsc msr pae mce cx8 apic sep mtrr pge mca cmov pat pse36 clflush dts acpi mmx fxsr sse sse2 ss ht tm pbe syscall nx pdpe1gb rdtscp lm constant_tsc art arch_perfmon pebs bts rep_good nopl xtopology nonstop_tsc aperfmperf eagerfpu pni pclmulqdq dtes64 monitor ds_cpl vmx est tm2 ssse3 sdbg fma cx16 xtpr pdcm pcid sse4_1 sse4_2 x2apic movbe popcnt tsc_deadline_timer aes xsave avx f16c rdrand lahf_lm abm 3dnowprefetch epb intel_pt tpr_shadow vnmi flexpriority ept vpid fsgsbase tsc_adjust bmi1 avx2 smep bmi2 erms invpcid mpx rdseed adx smap clflushopt xsaveopt xsavec xgetbv1 dtherm ida arat pln pts hwp hwp_notify hwp_act_window hwp_epp
bugs		:
bogomips	: 4800.43
clflush size	: 64
cache_alignment	: 64
address sizes	: 39 bits physical, 48 bits virtual
power management:

processor	: 3
vendor_id	: GenuineIntel
cpu family	: 6
model		: 78
model name	: Intel(R) Core(TM) i5-6200U CPU @ 2.30GHz
stepping	: 3
microcode	: 0x9e
cpu MHz		: 2700.000
cache size	: 3072 KB
physical id	: 0
siblings	: 4
core id		: 1
cpu cores	: 2
apicid		: 3
initial apicid	: 3
fpu		: yes
fpu_exception	: yes
cpuid level	: 22
wp		: yes
flags		: fpu vme de pse tsc msr pae mce cx8 apic sep mtrr pge mca cmov pat pse36 clflush dts acpi mmx fxsr sse sse2 ss ht tm pbe syscall nx pdpe1gb rdtscp lm constant_tsc art arch_perfmon pebs bts rep_good nopl xtopology nonstop_tsc aperfmperf eagerfpu pni pclmulqdq dtes64 monitor ds_cpl vmx est tm2 ssse3 sdbg fma cx16 xtpr pdcm pcid sse4_1 sse4_2 x2apic movbe popcnt tsc_deadline_timer aes xsave avx f16c rdrand lahf_lm abm 3dnowprefetch epb intel_pt tpr_shadow vnmi flexpriority ept vpid fsgsbase tsc_adjust bmi1 avx2 smep bmi2 erms invpcid mpx rdseed adx smap clflushopt xsaveopt xsavec xgetbv1 dtherm ida arat pln pts hwp hwp_notify hwp_act_window hwp_epp
bugs		:
bogomips	: 4800.43
clflush size	: 64
cache_alignment	: 64
address sizes	: 39 bits physical, 48 bits virtual
power management:



Memory: 4k page, physical 7632580k(796476k free), swap 7854076k(5626320k free)

vm_info: OpenJDK 64-Bit Server VM (25.131-b11) for linux-amd64 JRE (1.8.0_131-8u131-b11-2ubuntu1.16.04.3-b11), built on Jul 28 2017 01:23:32 by "buildd" with gcc 5.4.0 20160609

time: Sat Sep  2 15:08:03 2017
elapsed time: 5215 seconds (0d 1h 26m 55s)

